2024-01-13 12:11:23 | INFO | Logs are saved to outputs/McM02_noise/20240113-121123/train.log.
2024-01-13 12:11:23 | INFO | Configs:
{
    "data_path": "../images/McM images/McM02_noise.mat",
    "clean_data_path": "../images/McM images/McM02.tif",
    "output_directory": "outputs",
    "patch_size": [
        16,
        16
    ],
    "patch_gap": 14,
    "num_atoms": 169,
    "penalty_weight": 50.0,
    "penalty_adjust_step": 500,
    "max_iters": 2000,
    "log_steps": 500
}
2024-01-13 12:11:35 | INFO | iter: 500/2000, error: 20696.209717, gamma A: 1.277e-01, gamma D: 9.948e-09
2024-01-13 12:11:46 | INFO | iter: 1000/2000, error: 19145.249276, gamma A: 1.037e-01, gamma D: 1.515e-08
2024-01-13 12:11:57 | INFO | iter: 1500/2000, error: 18061.774216, gamma A: 1.012e-01, gamma D: 1.825e-08
2024-01-13 12:12:09 | INFO | Dictionary learning done.
2024-01-13 12:12:19 | INFO | MSE: 
2024-01-13 12:12:19 | INFO | Red: 124.688345, Green: 118.371661, Blue: 130.177826
2024-01-13 12:12:19 | INFO | Average: 124.412611
2024-01-13 12:12:19 | INFO | PSNR: 
2024-01-13 12:12:19 | INFO | Red: 27.172545, Green: 27.398326, Blue: 26.985433
2024-01-13 12:12:19 | INFO | Average: 27.185435
