2023-12-12 18:59:29 | INFO | Logs are saved to outputs/McM11_noise/20231212-185929/train.log.
2023-12-12 18:59:29 | INFO | Configs:
{
    "data_path": "../../images/noise/McM11_noise.tif",
    "clean_data_path": "../../images/origin/McM11.tif",
    "atoms_path": "../learn dictionary/outputs/20231212-171659/atoms.npy",
    "output_directory": "outputs",
    "original_img_shape": [
        500,
        500
    ],
    "img_shape": [
        500,
        500
    ],
    "patch_size": [
        8,
        8
    ],
    "patch_gap": 4,
    "num_atoms": 512,
    "penalty_type": "huber",
    "huber_M": 0.5,
    "penalty_weight": 10.0,
    "max_iters": 50,
    "log_steps": 1,
    "step_size_type": "bls",
    "adjust_gamma_factor": 0.95,
    "adjust_gamma_steps": 1000,
    "gamma_A": 0.0001,
    "alpha": 0.3,
    "beta_A": 0.25
}
2023-12-12 18:59:31 | INFO | iter: 1/50, normalized error: 1.255185, gamma A: 3.906e-03
2023-12-12 18:59:33 | INFO | iter: 2/50, normalized error: 0.950463, gamma A: 1.562e-02
2023-12-12 18:59:35 | INFO | iter: 3/50, normalized error: 1.401568, gamma A: 1.562e-02
2023-12-12 18:59:36 | INFO | iter: 4/50, normalized error: 0.683465, gamma A: 3.906e-03
2023-12-12 18:59:38 | INFO | iter: 5/50, normalized error: 0.742413, gamma A: 1.562e-02
2023-12-12 18:59:40 | INFO | iter: 6/50, normalized error: 0.601062, gamma A: 3.906e-03
2023-12-12 18:59:41 | INFO | iter: 7/50, normalized error: 1.084026, gamma A: 6.250e-02
2023-12-12 18:59:43 | INFO | iter: 8/50, normalized error: 0.623757, gamma A: 3.906e-03
2023-12-12 18:59:45 | INFO | iter: 9/50, normalized error: 0.662202, gamma A: 1.562e-02
2023-12-12 18:59:47 | INFO | iter: 10/50, normalized error: 0.568189, gamma A: 3.906e-03
2023-12-12 18:59:48 | INFO | iter: 11/50, normalized error: 0.578403, gamma A: 1.562e-02
2023-12-12 18:59:50 | INFO | iter: 12/50, normalized error: 0.662580, gamma A: 1.562e-02
2023-12-12 18:59:52 | INFO | iter: 13/50, normalized error: 0.556522, gamma A: 3.906e-03
2023-12-12 18:59:54 | INFO | iter: 14/50, normalized error: 0.581118, gamma A: 1.562e-02
2023-12-12 18:59:55 | INFO | iter: 15/50, normalized error: 0.555596, gamma A: 3.906e-03
2023-12-12 18:59:57 | INFO | iter: 16/50, normalized error: 0.559589, gamma A: 1.562e-02
2023-12-12 18:59:58 | INFO | iter: 17/50, normalized error: 0.582121, gamma A: 1.562e-02
2023-12-12 19:00:00 | INFO | iter: 18/50, normalized error: 0.556946, gamma A: 3.906e-03
2023-12-12 19:00:02 | INFO | iter: 19/50, normalized error: 0.556192, gamma A: 1.562e-02
2023-12-12 19:00:03 | INFO | iter: 20/50, normalized error: 0.555361, gamma A: 3.906e-03
2023-12-12 19:00:05 | INFO | iter: 21/50, normalized error: 0.554683, gamma A: 1.562e-02
2023-12-12 19:00:06 | INFO | iter: 22/50, normalized error: 0.555296, gamma A: 3.906e-03
2023-12-12 19:00:08 | INFO | iter: 23/50, normalized error: 0.556545, gamma A: 6.250e-02
2023-12-12 19:00:10 | INFO | iter: 24/50, normalized error: 0.555777, gamma A: 3.906e-03
2023-12-12 19:00:11 | INFO | iter: 25/50, normalized error: 0.555182, gamma A: 3.906e-03
2023-12-12 19:00:13 | INFO | iter: 26/50, normalized error: 0.555526, gamma A: 1.562e-02
2023-12-12 19:00:15 | INFO | iter: 27/50, normalized error: 0.554655, gamma A: 1.562e-02
2023-12-12 19:00:17 | INFO | iter: 28/50, normalized error: 0.555241, gamma A: 3.906e-03
2023-12-12 19:00:18 | INFO | iter: 29/50, normalized error: 0.554998, gamma A: 1.562e-02
2023-12-12 19:00:20 | INFO | iter: 30/50, normalized error: 0.555233, gamma A: 3.906e-03
2023-12-12 19:00:21 | INFO | iter: 31/50, normalized error: 0.555046, gamma A: 1.562e-02
2023-12-12 19:00:23 | INFO | iter: 32/50, normalized error: 0.555181, gamma A: 3.906e-03
2023-12-12 19:00:24 | INFO | iter: 33/50, normalized error: 0.555136, gamma A: 1.562e-02
2023-12-12 19:00:26 | INFO | iter: 34/50, normalized error: 0.555184, gamma A: 3.906e-03
2023-12-12 19:00:28 | INFO | iter: 35/50, normalized error: 0.555146, gamma A: 1.562e-02
2023-12-12 19:00:29 | INFO | iter: 36/50, normalized error: 0.555255, gamma A: 1.562e-02
2023-12-12 19:00:31 | INFO | iter: 37/50, normalized error: 0.555165, gamma A: 3.906e-03
2023-12-12 19:00:32 | INFO | iter: 38/50, normalized error: 0.555201, gamma A: 1.562e-02
2023-12-12 19:00:34 | INFO | iter: 39/50, normalized error: 0.555166, gamma A: 3.906e-03
2023-12-12 19:00:36 | INFO | iter: 40/50, normalized error: 0.555187, gamma A: 1.562e-02
2023-12-12 19:00:37 | INFO | iter: 41/50, normalized error: 0.555170, gamma A: 3.906e-03
2023-12-12 19:00:39 | INFO | iter: 42/50, normalized error: 0.555176, gamma A: 1.562e-02
2023-12-12 19:00:41 | INFO | iter: 43/50, normalized error: 0.555170, gamma A: 3.906e-03
2023-12-12 19:00:42 | INFO | iter: 44/50, normalized error: 0.555174, gamma A: 1.562e-02
2023-12-12 19:00:44 | INFO | iter: 45/50, normalized error: 0.555162, gamma A: 1.562e-02
2023-12-12 19:00:45 | INFO | iter: 46/50, normalized error: 0.555172, gamma A: 3.906e-03
2023-12-12 19:00:47 | INFO | iter: 47/50, normalized error: 0.555167, gamma A: 1.562e-02
2023-12-12 19:00:48 | INFO | iter: 48/50, normalized error: 0.555172, gamma A: 3.906e-03
2023-12-12 19:00:50 | INFO | iter: 49/50, normalized error: 0.555169, gamma A: 1.562e-02
2023-12-12 19:00:50 | INFO | Dictionary learning done.
2023-12-12 19:00:50 | INFO | MSE: 172.085113, PSNR: 25.773371
