2023-12-12 18:56:03 | INFO | Logs are saved to outputs/McM09_noise/20231212-185603/train.log.
2023-12-12 18:56:03 | INFO | Configs:
{
    "data_path": "../../images/noise/McM09_noise.tif",
    "clean_data_path": "../../images/origin/McM09.tif",
    "atoms_path": "../learn dictionary/outputs/20231212-171659/atoms.npy",
    "output_directory": "outputs",
    "original_img_shape": [
        500,
        500
    ],
    "img_shape": [
        500,
        500
    ],
    "patch_size": [
        8,
        8
    ],
    "patch_gap": 4,
    "num_atoms": 512,
    "penalty_type": "huber",
    "huber_M": 0.5,
    "penalty_weight": 10.0,
    "max_iters": 50,
    "log_steps": 1,
    "step_size_type": "bls",
    "adjust_gamma_factor": 0.95,
    "adjust_gamma_steps": 1000,
    "gamma_A": 0.0001,
    "alpha": 0.3,
    "beta_A": 0.25
}
2023-12-12 18:56:05 | INFO | iter: 1/50, normalized error: 1.269405, gamma A: 3.906e-03
2023-12-12 18:56:07 | INFO | iter: 2/50, normalized error: 0.962871, gamma A: 1.562e-02
2023-12-12 18:56:09 | INFO | iter: 3/50, normalized error: 1.391841, gamma A: 1.562e-02
2023-12-12 18:56:10 | INFO | iter: 4/50, normalized error: 0.704032, gamma A: 3.906e-03
2023-12-12 18:56:12 | INFO | iter: 5/50, normalized error: 0.759589, gamma A: 1.562e-02
2023-12-12 18:56:14 | INFO | iter: 6/50, normalized error: 0.626629, gamma A: 3.906e-03
2023-12-12 18:56:15 | INFO | iter: 7/50, normalized error: 1.084834, gamma A: 6.250e-02
2023-12-12 18:56:17 | INFO | iter: 8/50, normalized error: 0.648446, gamma A: 3.906e-03
2023-12-12 18:56:19 | INFO | iter: 9/50, normalized error: 0.686161, gamma A: 1.562e-02
2023-12-12 18:56:21 | INFO | iter: 10/50, normalized error: 0.595508, gamma A: 3.906e-03
2023-12-12 18:56:22 | INFO | iter: 11/50, normalized error: 0.605673, gamma A: 1.562e-02
2023-12-12 18:56:24 | INFO | iter: 12/50, normalized error: 0.683796, gamma A: 1.562e-02
2023-12-12 18:56:26 | INFO | iter: 13/50, normalized error: 0.585303, gamma A: 3.906e-03
2023-12-12 18:56:27 | INFO | iter: 14/50, normalized error: 0.605884, gamma A: 1.562e-02
2023-12-12 18:56:29 | INFO | iter: 15/50, normalized error: 0.583927, gamma A: 3.906e-03
2023-12-12 18:56:30 | INFO | iter: 16/50, normalized error: 0.587023, gamma A: 1.562e-02
2023-12-12 18:56:32 | INFO | iter: 17/50, normalized error: 0.608465, gamma A: 1.562e-02
2023-12-12 18:56:34 | INFO | iter: 18/50, normalized error: 0.584651, gamma A: 3.906e-03
2023-12-12 18:56:35 | INFO | iter: 19/50, normalized error: 0.585554, gamma A: 1.562e-02
2023-12-12 18:56:37 | INFO | iter: 20/50, normalized error: 0.583389, gamma A: 3.906e-03
2023-12-12 18:56:39 | INFO | iter: 21/50, normalized error: 0.583344, gamma A: 1.562e-02
2023-12-12 18:56:41 | INFO | iter: 22/50, normalized error: 0.583412, gamma A: 3.906e-03
2023-12-12 18:56:42 | INFO | iter: 23/50, normalized error: 0.585759, gamma A: 6.250e-02
2023-12-12 18:56:44 | INFO | iter: 24/50, normalized error: 0.583815, gamma A: 3.906e-03
2023-12-12 18:56:46 | INFO | iter: 25/50, normalized error: 0.583388, gamma A: 3.906e-03
2023-12-12 18:56:47 | INFO | iter: 26/50, normalized error: 0.583673, gamma A: 1.562e-02
2023-12-12 18:56:49 | INFO | iter: 27/50, normalized error: 0.583437, gamma A: 3.906e-03
2023-12-12 18:56:51 | INFO | iter: 28/50, normalized error: 0.583398, gamma A: 1.562e-02
2023-12-12 18:56:52 | INFO | iter: 29/50, normalized error: 0.583295, gamma A: 1.562e-02
2023-12-12 18:56:54 | INFO | iter: 30/50, normalized error: 0.583419, gamma A: 3.906e-03
2023-12-12 18:56:55 | INFO | iter: 31/50, normalized error: 0.583278, gamma A: 1.562e-02
2023-12-12 18:56:57 | INFO | iter: 32/50, normalized error: 0.583366, gamma A: 3.906e-03
2023-12-12 18:56:59 | INFO | iter: 33/50, normalized error: 0.583350, gamma A: 1.562e-02
2023-12-12 18:57:00 | INFO | iter: 34/50, normalized error: 0.583376, gamma A: 3.906e-03
2023-12-12 18:57:02 | INFO | iter: 35/50, normalized error: 0.583346, gamma A: 1.562e-02
2023-12-12 18:57:03 | INFO | iter: 36/50, normalized error: 0.583422, gamma A: 1.562e-02
2023-12-12 18:57:05 | INFO | iter: 37/50, normalized error: 0.583363, gamma A: 3.906e-03
2023-12-12 18:57:07 | INFO | iter: 38/50, normalized error: 0.583382, gamma A: 1.562e-02
2023-12-12 18:57:09 | INFO | iter: 39/50, normalized error: 0.583361, gamma A: 3.906e-03
2023-12-12 18:57:10 | INFO | iter: 40/50, normalized error: 0.583376, gamma A: 1.562e-02
2023-12-12 18:57:12 | INFO | iter: 41/50, normalized error: 0.583365, gamma A: 3.906e-03
2023-12-12 18:57:13 | INFO | iter: 42/50, normalized error: 0.583368, gamma A: 1.562e-02
2023-12-12 18:57:15 | INFO | iter: 43/50, normalized error: 0.583364, gamma A: 3.906e-03
2023-12-12 18:57:17 | INFO | iter: 44/50, normalized error: 0.583367, gamma A: 1.562e-02
2023-12-12 18:57:18 | INFO | iter: 45/50, normalized error: 0.583359, gamma A: 1.562e-02
2023-12-12 18:57:20 | INFO | iter: 46/50, normalized error: 0.583365, gamma A: 3.906e-03
2023-12-12 18:57:21 | INFO | iter: 47/50, normalized error: 0.583363, gamma A: 1.562e-02
2023-12-12 18:57:23 | INFO | iter: 48/50, normalized error: 0.583365, gamma A: 3.906e-03
2023-12-12 18:57:25 | INFO | iter: 49/50, normalized error: 0.583364, gamma A: 1.562e-02
2023-12-12 18:57:25 | INFO | Dictionary learning done.
2023-12-12 18:57:25 | INFO | MSE: 184.747388, PSNR: 25.465021
