2024-01-13 10:38:15 | INFO | Logs are saved to outputs/20240113-103815/train.log.
2024-01-13 10:38:15 | INFO | Configs:
{
    "data_path": "../../images/McM images/",
    "output_directory": "outputs",
    "patch_size": [
        16,
        16
    ],
    "patch_gap": 14,
    "num_atoms": 256,
    "penalty_weight": 50.0,
    "penalty_adjust_step": 500,
    "num_epochs": 100,
    "batch_size": 100,
    "log_steps": 1000
}
2024-01-13 10:38:15 | INFO | Use 23328 patches for dictionary learning.
2024-01-13 10:38:16 | INFO | Epoch 1:
2024-01-13 10:38:18 | INFO | Epoch 1 end. Total error: 19000.855511
2024-01-13 10:38:19 | INFO | Epoch 2:
2024-01-13 10:38:21 | INFO | Epoch 2 end. Total error: 24351.277032
2024-01-13 10:38:21 | INFO | Epoch 3:
2024-01-13 10:38:24 | INFO | Epoch 3 end. Total error: 27995.325441
2024-01-13 10:38:24 | INFO | Epoch 4:
2024-01-13 10:38:26 | INFO | Epoch 4 end. Total error: 31157.331321
2024-01-13 10:38:26 | INFO | Epoch 5:
2024-01-13 10:38:27 | INFO | Epoch: 5/100, batch: 68/233, error: 32233.784533, gamma A: 1.178e-01, gamma D: 1.805e-07
2024-01-13 10:38:28 | INFO | Epoch 5 end. Total error: 33080.582345
2024-01-13 10:38:29 | INFO | Epoch 6:
2024-01-13 10:38:31 | INFO | Epoch 6 end. Total error: 34583.430049
2024-01-13 10:38:31 | INFO | Epoch 7:
2024-01-13 10:38:33 | INFO | Epoch 7 end. Total error: 35634.193461
2024-01-13 10:38:33 | INFO | Epoch 8:
2024-01-13 10:38:35 | INFO | Epoch 8 end. Total error: 36242.557819
2024-01-13 10:38:36 | INFO | Epoch 9:
2024-01-13 10:38:37 | INFO | Epoch: 9/100, batch: 136/233, error: 36589.450175, gamma A: 1.175e-01, gamma D: 1.009e-07
2024-01-13 10:38:38 | INFO | Epoch 9 end. Total error: 36532.255890
2024-01-13 10:38:38 | INFO | Epoch 10:
2024-01-13 10:38:40 | INFO | Epoch 10 end. Total error: 36758.099297
2024-01-13 10:38:40 | INFO | Epoch 11:
2024-01-13 10:38:43 | INFO | Epoch 11 end. Total error: 36703.680250
2024-01-13 10:38:43 | INFO | Epoch 12:
2024-01-13 10:38:45 | INFO | Epoch 12 end. Total error: 36454.357501
2024-01-13 10:38:45 | INFO | Epoch 13:
2024-01-13 10:38:47 | INFO | Epoch: 13/100, batch: 204/233, error: 36145.697687, gamma A: 1.171e-01, gamma D: 8.815e-08
2024-01-13 10:38:48 | INFO | Epoch 13 end. Total error: 36116.975376
2024-01-13 10:38:48 | INFO | Epoch 14:
2024-01-13 10:38:51 | INFO | Epoch 14 end. Total error: 35686.307793
2024-01-13 10:38:51 | INFO | Epoch 15:
2024-01-13 10:38:53 | INFO | Epoch 15 end. Total error: 35076.130591
2024-01-13 10:38:53 | INFO | Epoch 16:
2024-01-13 10:38:55 | INFO | Epoch 16 end. Total error: 34309.441444
2024-01-13 10:38:55 | INFO | Epoch 17:
2024-01-13 10:38:58 | INFO | Epoch 17 end. Total error: 33675.655476
2024-01-13 10:38:58 | INFO | Epoch 18:
2024-01-13 10:38:58 | INFO | Epoch: 18/100, batch: 39/233, error: 33488.650314, gamma A: 1.166e-01, gamma D: 1.089e-07
2024-01-13 10:39:00 | INFO | Epoch 18 end. Total error: 32834.426791
2024-01-13 10:39:00 | INFO | Epoch 19:
2024-01-13 10:39:03 | INFO | Epoch 19 end. Total error: 32139.406656
2024-01-13 10:39:03 | INFO | Epoch 20:
2024-01-13 10:39:05 | INFO | Epoch 20 end. Total error: 31278.301564
2024-01-13 10:39:05 | INFO | Epoch 21:
2024-01-13 10:39:08 | INFO | Epoch 21 end. Total error: 30511.985447
2024-01-13 10:39:08 | INFO | Epoch 22:
2024-01-13 10:39:09 | INFO | Epoch: 22/100, batch: 107/233, error: 29881.680185, gamma A: 1.161e-01, gamma D: 1.027e-07
2024-01-13 10:39:10 | INFO | Epoch 22 end. Total error: 29583.154692
2024-01-13 10:39:10 | INFO | Epoch 23:
2024-01-13 10:39:12 | INFO | Epoch 23 end. Total error: 28491.609878
2024-01-13 10:39:12 | INFO | Epoch 24:
2024-01-13 10:39:15 | INFO | Epoch 24 end. Total error: 27978.285819
2024-01-13 10:39:15 | INFO | Epoch 25:
2024-01-13 10:39:17 | INFO | Epoch 25 end. Total error: 26920.683222
2024-01-13 10:39:17 | INFO | Epoch 26:
2024-01-13 10:39:19 | INFO | Epoch: 26/100, batch: 175/233, error: 26438.457022, gamma A: 1.159e-01, gamma D: 7.093e-08
2024-01-13 10:39:20 | INFO | Epoch 26 end. Total error: 26213.636308
2024-01-13 10:39:20 | INFO | Epoch 27:
2024-01-13 10:39:22 | INFO | Epoch 27 end. Total error: 25309.781463
2024-01-13 10:39:22 | INFO | Epoch 28:
2024-01-13 10:39:25 | INFO | Epoch 28 end. Total error: 24859.306209
2024-01-13 10:39:25 | INFO | Epoch 29:
2024-01-13 10:39:27 | INFO | Epoch 29 end. Total error: 23853.327322
2024-01-13 10:39:27 | INFO | Epoch 30:
2024-01-13 10:39:29 | INFO | Epoch 30 end. Total error: 23235.937886
2024-01-13 10:39:29 | INFO | Epoch 31:
2024-01-13 10:39:30 | INFO | Epoch: 31/100, batch: 10/233, error: 23304.029632, gamma A: 1.159e-01, gamma D: 1.363e-07
2024-01-13 10:39:32 | INFO | Epoch 31 end. Total error: 22548.790700
2024-01-13 10:39:32 | INFO | Epoch 32:
2024-01-13 10:39:34 | INFO | Epoch 32 end. Total error: 22022.929490
2024-01-13 10:39:35 | INFO | Epoch 33:
2024-01-13 10:39:37 | INFO | Epoch 33 end. Total error: 21459.434275
2024-01-13 10:39:37 | INFO | Epoch 34:
2024-01-13 10:39:39 | INFO | Epoch 34 end. Total error: 21096.000857
2024-01-13 10:39:39 | INFO | Epoch 35:
2024-01-13 10:39:40 | INFO | Epoch: 35/100, batch: 78/233, error: 20636.383942, gamma A: 1.160e-01, gamma D: 7.109e-08
2024-01-13 10:39:42 | INFO | Epoch 35 end. Total error: 20357.443378
2024-01-13 10:39:42 | INFO | Epoch 36:
2024-01-13 10:39:44 | INFO | Epoch 36 end. Total error: 19901.239238
2024-01-13 10:39:44 | INFO | Epoch 37:
2024-01-13 10:39:46 | INFO | Epoch 37 end. Total error: 19461.841788
2024-01-13 10:39:46 | INFO | Epoch 38:
2024-01-13 10:39:49 | INFO | Epoch 38 end. Total error: 19140.552204
2024-01-13 10:39:49 | INFO | Epoch 39:
2024-01-13 10:39:50 | INFO | Epoch: 39/100, batch: 146/233, error: 18832.157628, gamma A: 1.162e-01, gamma D: 1.033e-07
2024-01-13 10:39:51 | INFO | Epoch 39 end. Total error: 18671.610303
2024-01-13 10:39:51 | INFO | Epoch 40:
2024-01-13 10:39:54 | INFO | Epoch 40 end. Total error: 18296.877220
2024-01-13 10:39:54 | INFO | Epoch 41:
2024-01-13 10:39:56 | INFO | Epoch 41 end. Total error: 17951.245701
2024-01-13 10:39:56 | INFO | Epoch 42:
2024-01-13 10:39:59 | INFO | Epoch 42 end. Total error: 17878.780959
2024-01-13 10:39:59 | INFO | Epoch 43:
2024-01-13 10:40:01 | INFO | Epoch: 43/100, batch: 214/233, error: 17736.625135, gamma A: 1.164e-01, gamma D: 1.285e-07
2024-01-13 10:40:02 | INFO | Epoch 43 end. Total error: 17400.952812
2024-01-13 10:40:02 | INFO | Epoch 44:
2024-01-13 10:40:04 | INFO | Epoch 44 end. Total error: 17304.797759
2024-01-13 10:40:04 | INFO | Epoch 45:
2024-01-13 10:40:06 | INFO | Epoch 45 end. Total error: 16946.567968
2024-01-13 10:40:06 | INFO | Epoch 46:
2024-01-13 10:40:09 | INFO | Epoch 46 end. Total error: 16799.755250
2024-01-13 10:40:09 | INFO | Epoch 47:
2024-01-13 10:40:11 | INFO | Epoch 47 end. Total error: 16497.933910
2024-01-13 10:40:11 | INFO | Epoch 48:
2024-01-13 10:40:12 | INFO | Epoch: 48/100, batch: 49/233, error: 16569.311435, gamma A: 1.165e-01, gamma D: 9.804e-08
2024-01-13 10:40:14 | INFO | Epoch 48 end. Total error: 16538.338644
2024-01-13 10:40:14 | INFO | Epoch 49:
2024-01-13 10:40:16 | INFO | Epoch 49 end. Total error: 16185.504330
2024-01-13 10:40:16 | INFO | Epoch 50:
2024-01-13 10:40:18 | INFO | Epoch 50 end. Total error: 16082.813641
2024-01-13 10:40:18 | INFO | Epoch 51:
2024-01-13 10:40:21 | INFO | Epoch 51 end. Total error: 15964.755859
2024-01-13 10:40:21 | INFO | Epoch 52:
2024-01-13 10:40:22 | INFO | Epoch: 52/100, batch: 117/233, error: 16069.686757, gamma A: 1.167e-01, gamma D: 1.046e-07
2024-01-13 10:40:23 | INFO | Epoch 52 end. Total error: 15993.492543
2024-01-13 10:40:23 | INFO | Epoch 53:
2024-01-13 10:40:26 | INFO | Epoch 53 end. Total error: 15930.770933
2024-01-13 10:40:26 | INFO | Epoch 54:
2024-01-13 10:40:28 | INFO | Epoch 54 end. Total error: 15754.648999
2024-01-13 10:40:28 | INFO | Epoch 55:
2024-01-13 10:40:30 | INFO | Epoch 55 end. Total error: 15832.325271
2024-01-13 10:40:30 | INFO | Epoch 56:
2024-01-13 10:40:32 | INFO | Epoch: 56/100, batch: 185/233, error: 15689.649870, gamma A: 1.168e-01, gamma D: 1.010e-07
2024-01-13 10:40:33 | INFO | Epoch 56 end. Total error: 15681.762414
2024-01-13 10:40:33 | INFO | Epoch 57:
2024-01-13 10:40:35 | INFO | Epoch 57 end. Total error: 15532.895032
2024-01-13 10:40:35 | INFO | Epoch 58:
2024-01-13 10:40:38 | INFO | Epoch 58 end. Total error: 15537.738501
2024-01-13 10:40:38 | INFO | Epoch 59:
2024-01-13 10:40:40 | INFO | Epoch 59 end. Total error: 15579.012861
2024-01-13 10:40:40 | INFO | Epoch 60:
2024-01-13 10:40:43 | INFO | Epoch 60 end. Total error: 15388.231132
2024-01-13 10:40:43 | INFO | Epoch 61:
2024-01-13 10:40:43 | INFO | Epoch: 61/100, batch: 20/233, error: 15378.609484, gamma A: 1.168e-01, gamma D: 6.649e-08
2024-01-13 10:40:45 | INFO | Epoch 61 end. Total error: 15388.980929
2024-01-13 10:40:45 | INFO | Epoch 62:
2024-01-13 10:40:48 | INFO | Epoch 62 end. Total error: 15496.858399
2024-01-13 10:40:48 | INFO | Epoch 63:
2024-01-13 10:40:50 | INFO | Epoch 63 end. Total error: 15377.254447
2024-01-13 10:40:50 | INFO | Epoch 64:
2024-01-13 10:40:53 | INFO | Epoch 64 end. Total error: 15261.195901
2024-01-13 10:40:53 | INFO | Epoch 65:
2024-01-13 10:40:54 | INFO | Epoch: 65/100, batch: 88/233, error: 15287.346078, gamma A: 1.168e-01, gamma D: 6.806e-08
2024-01-13 10:40:55 | INFO | Epoch 65 end. Total error: 15387.575527
2024-01-13 10:40:55 | INFO | Epoch 66:
2024-01-13 10:40:58 | INFO | Epoch 66 end. Total error: 15257.381491
2024-01-13 10:40:58 | INFO | Epoch 67:
2024-01-13 10:41:00 | INFO | Epoch 67 end. Total error: 15295.957538
2024-01-13 10:41:00 | INFO | Epoch 68:
2024-01-13 10:41:02 | INFO | Epoch 68 end. Total error: 15381.740525
2024-01-13 10:41:02 | INFO | Epoch 69:
2024-01-13 10:41:04 | INFO | Epoch: 69/100, batch: 156/233, error: 15372.585566, gamma A: 1.169e-01, gamma D: 1.001e-07
2024-01-13 10:41:05 | INFO | Epoch 69 end. Total error: 15419.872056
2024-01-13 10:41:05 | INFO | Epoch 70:
2024-01-13 10:41:08 | INFO | Epoch 70 end. Total error: 15334.537087
2024-01-13 10:41:08 | INFO | Epoch 71:
2024-01-13 10:41:10 | INFO | Epoch 71 end. Total error: 15336.152528
2024-01-13 10:41:10 | INFO | Epoch 72:
2024-01-13 10:41:13 | INFO | Epoch 72 end. Total error: 15284.508721
2024-01-13 10:41:13 | INFO | Epoch 73:
2024-01-13 10:41:15 | INFO | Epoch: 73/100, batch: 224/233, error: 15324.631054, gamma A: 1.169e-01, gamma D: 1.147e-07
2024-01-13 10:41:15 | INFO | Epoch 73 end. Total error: 15391.537359
2024-01-13 10:41:15 | INFO | Epoch 74:
2024-01-13 10:41:18 | INFO | Epoch 74 end. Total error: 15517.875172
2024-01-13 10:41:18 | INFO | Epoch 75:
2024-01-13 10:41:20 | INFO | Epoch 75 end. Total error: 15275.137345
2024-01-13 10:41:20 | INFO | Epoch 76:
2024-01-13 10:41:22 | INFO | Epoch 76 end. Total error: 15439.258007
2024-01-13 10:41:22 | INFO | Epoch 77:
2024-01-13 10:41:25 | INFO | Epoch 77 end. Total error: 15213.469001
2024-01-13 10:41:25 | INFO | Epoch 78:
2024-01-13 10:41:26 | INFO | Epoch: 78/100, batch: 59/233, error: 15182.218223, gamma A: 1.169e-01, gamma D: 8.283e-08
2024-01-13 10:41:28 | INFO | Epoch 78 end. Total error: 15156.332111
2024-01-13 10:41:28 | INFO | Epoch 79:
2024-01-13 10:41:31 | INFO | Epoch 79 end. Total error: 15323.395713
2024-01-13 10:41:31 | INFO | Epoch 80:
2024-01-13 10:41:34 | INFO | Epoch 80 end. Total error: 15300.202716
2024-01-13 10:41:34 | INFO | Epoch 81:
2024-01-13 10:41:36 | INFO | Epoch 81 end. Total error: 15151.153609
2024-01-13 10:41:36 | INFO | Epoch 82:
2024-01-13 10:41:37 | INFO | Epoch: 82/100, batch: 127/233, error: 15375.748444, gamma A: 1.169e-01, gamma D: 1.052e-07
2024-01-13 10:41:39 | INFO | Epoch 82 end. Total error: 15202.580804
2024-01-13 10:41:39 | INFO | Epoch 83:
2024-01-13 10:41:41 | INFO | Epoch 83 end. Total error: 15296.132714
2024-01-13 10:41:41 | INFO | Epoch 84:
2024-01-13 10:41:43 | INFO | Epoch 84 end. Total error: 15346.279882
2024-01-13 10:41:43 | INFO | Epoch 85:
2024-01-13 10:41:46 | INFO | Epoch 85 end. Total error: 15321.766408
2024-01-13 10:41:46 | INFO | Epoch 86:
2024-01-13 10:41:48 | INFO | Epoch: 86/100, batch: 195/233, error: 15213.143817, gamma A: 1.169e-01, gamma D: 8.532e-08
2024-01-13 10:41:48 | INFO | Epoch 86 end. Total error: 15280.089415
2024-01-13 10:41:48 | INFO | Epoch 87:
2024-01-13 10:41:51 | INFO | Epoch 87 end. Total error: 15136.182797
2024-01-13 10:41:51 | INFO | Epoch 88:
2024-01-13 10:41:53 | INFO | Epoch 88 end. Total error: 15237.883056
2024-01-13 10:41:53 | INFO | Epoch 89:
2024-01-13 10:41:56 | INFO | Epoch 89 end. Total error: 15325.749183
2024-01-13 10:41:56 | INFO | Epoch 90:
2024-01-13 10:41:58 | INFO | Epoch 90 end. Total error: 15216.952959
2024-01-13 10:41:58 | INFO | Epoch 91:
2024-01-13 10:41:58 | INFO | Epoch: 91/100, batch: 30/233, error: 15355.654597, gamma A: 1.169e-01, gamma D: 1.067e-07
2024-01-13 10:42:00 | INFO | Epoch 91 end. Total error: 15245.300837
2024-01-13 10:42:00 | INFO | Epoch 92:
2024-01-13 10:42:03 | INFO | Epoch 92 end. Total error: 15125.286089
2024-01-13 10:42:03 | INFO | Epoch 93:
2024-01-13 10:42:05 | INFO | Epoch 93 end. Total error: 15397.984204
2024-01-13 10:42:05 | INFO | Epoch 94:
2024-01-13 10:42:08 | INFO | Epoch 94 end. Total error: 15348.794686
2024-01-13 10:42:08 | INFO | Epoch 95:
2024-01-13 10:42:09 | INFO | Epoch: 95/100, batch: 98/233, error: 15288.108928, gamma A: 1.169e-01, gamma D: 7.845e-08
2024-01-13 10:42:10 | INFO | Epoch 95 end. Total error: 15232.121187
2024-01-13 10:42:10 | INFO | Epoch 96:
2024-01-13 10:42:12 | INFO | Epoch 96 end. Total error: 15287.737934
2024-01-13 10:42:13 | INFO | Epoch 97:
2024-01-13 10:42:15 | INFO | Epoch 97 end. Total error: 15136.100584
2024-01-13 10:42:15 | INFO | Epoch 98:
2024-01-13 10:42:17 | INFO | Epoch 98 end. Total error: 15202.604272
2024-01-13 10:42:17 | INFO | Epoch 99:
2024-01-13 10:42:19 | INFO | Epoch: 99/100, batch: 166/233, error: 15260.560324, gamma A: 1.169e-01, gamma D: 8.207e-08
2024-01-13 10:42:20 | INFO | Epoch 99 end. Total error: 15241.212409
2024-01-13 10:42:20 | INFO | Epoch 100:
2024-01-13 10:42:22 | INFO | Epoch 100 end. Total error: 15249.849116
2024-01-13 10:42:22 | INFO | Dictionary learning done.
