2024-01-13 09:43:51 | INFO | Logs are saved to outputs/McM16/20240113-094351/train.log.
2024-01-13 09:43:51 | INFO | Configs:
{
    "data_path": "../images/McM images/McM16.tif",
    "output_directory": "outputs",
    "patch_size": [
        16,
        16
    ],
    "patch_gap": 14,
    "num_atoms": 256,
    "penalty_weight": 50.0,
    "penalty_adjust_step": 500,
    "max_iters": 6500,
    "log_steps": 500
}
2024-01-13 09:44:10 | INFO | iter: 500/6500, error: 12848.387269, gamma A: 1.064e-01, gamma D: 1.232e-08
2024-01-13 09:44:23 | INFO | iter: 1000/6500, error: 10415.732115, gamma A: 9.002e-02, gamma D: 1.859e-08
2024-01-13 09:44:37 | INFO | iter: 1500/6500, error: 8372.043208, gamma A: 8.237e-02, gamma D: 2.188e-08
2024-01-13 09:44:54 | INFO | iter: 2000/6500, error: 6736.540237, gamma A: 7.878e-02, gamma D: 2.312e-08
2024-01-13 09:45:10 | INFO | iter: 2500/6500, error: 5488.580395, gamma A: 7.741e-02, gamma D: 2.368e-08
2024-01-13 09:45:26 | INFO | iter: 3000/6500, error: 4594.689911, gamma A: 7.757e-02, gamma D: 2.388e-08
2024-01-13 09:45:41 | INFO | iter: 3500/6500, error: 3969.166583, gamma A: 7.859e-02, gamma D: 2.386e-08
2024-01-13 09:45:55 | INFO | iter: 4000/6500, error: 3541.629103, gamma A: 7.991e-02, gamma D: 2.374e-08
2024-01-13 09:46:09 | INFO | iter: 4500/6500, error: 3256.422641, gamma A: 8.123e-02, gamma D: 2.360e-08
2024-01-13 09:46:24 | INFO | iter: 5000/6500, error: 3070.822180, gamma A: 8.239e-02, gamma D: 2.345e-08
2024-01-13 09:46:39 | INFO | iter: 5500/6500, error: 2954.287528, gamma A: 8.335e-02, gamma D: 2.330e-08
2024-01-13 09:46:55 | INFO | iter: 6000/6500, error: 2885.216737, gamma A: 8.410e-02, gamma D: 2.317e-08
2024-01-13 09:47:10 | INFO | Dictionary learning done.
2024-01-13 09:47:27 | INFO | MSE: 
2024-01-13 09:47:27 | INFO | Red: 6.336801, Green: 8.224462, Blue: 7.933656
2024-01-13 09:47:27 | INFO | Average: 7.498306
2024-01-13 09:47:27 | INFO | PSNR: 
2024-01-13 09:47:27 | INFO | Red: 40.112103, Green: 38.979729, Blue: 39.136070
2024-01-13 09:47:27 | INFO | Average: 39.409300
