2024-01-13 11:19:57 | INFO | Logs are saved to outputs/McM18_noise/20240113-111957/train.log.
2024-01-13 11:19:57 | INFO | Configs:
{
    "data_path": "../../images/McM images/McM18_noise.mat",
    "clean_data_path": "../../images/McM images/McM18.tif",
    "atoms_path": "../../task_1_and_2/outputs/McM18/20240113-095254/atoms.npy",
    "output_directory": "outputs",
    "patch_size": [
        16,
        16
    ],
    "patch_gap": 14,
    "penalty_weight": 100.0,
    "penalty_adjust_step": 500,
    "max_iters": 2600,
    "log_steps": 500
}
2024-01-13 11:20:07 | INFO | iter: 500/2600, error: 23974.893629, gamma A: 3.906e-03
2024-01-13 11:20:17 | INFO | iter: 1000/2600, error: 22877.876103, gamma A: 3.906e-03
2024-01-13 11:20:28 | INFO | iter: 1500/2600, error: 21572.594152, gamma A: 3.906e-03
2024-01-13 11:20:37 | INFO | iter: 2000/2600, error: 20190.789747, gamma A: 3.906e-03
2024-01-13 11:20:47 | INFO | iter: 2500/2600, error: 18918.860306, gamma A: 3.906e-03
2024-01-13 11:20:50 | INFO | Dictionary learning done.
2024-01-13 11:20:50 | INFO | MSE: 
2024-01-13 11:20:50 | INFO | Red: 70.027117, Green: 71.754681, Blue: 47.201013
2024-01-13 11:20:50 | INFO | Average: 62.994270
2024-01-13 11:20:50 | INFO | PSNR: 
2024-01-13 11:20:50 | INFO | Red: 29.678141, Green: 29.572301, Blue: 31.391290
2024-01-13 11:20:50 | INFO | Average: 30.213911
