2024-01-13 10:58:22 | INFO | Logs are saved to outputs/McM03_noise/20240113-105822/train.log.
2024-01-13 10:58:22 | INFO | Configs:
{
    "data_path": "../../images/McM images/McM03_noise.mat",
    "clean_data_path": "../../images/McM images/McM03.tif",
    "atoms_path": "../learn dictionary/outputs/20240113-103815/atoms.npy",
    "output_directory": "outputs",
    "patch_size": [
        16,
        16
    ],
    "patch_gap": 14,
    "penalty_weight": 100.0,
    "penalty_adjust_step": 500,
    "max_iters": 2800,
    "log_steps": 500
}
2024-01-13 10:58:34 | INFO | iter: 500/2800, error: 27497.872453, gamma A: 3.906e-03
2024-01-13 10:58:46 | INFO | iter: 1000/2800, error: 26012.491231, gamma A: 3.906e-03
2024-01-13 10:58:56 | INFO | iter: 1500/2800, error: 23604.911531, gamma A: 3.906e-03
2024-01-13 10:59:06 | INFO | iter: 2000/2800, error: 21359.713288, gamma A: 3.906e-03
2024-01-13 10:59:18 | INFO | iter: 2500/2800, error: 19581.464107, gamma A: 3.906e-03
2024-01-13 10:59:25 | INFO | Dictionary learning done.
2024-01-13 10:59:25 | INFO | MSE: 
2024-01-13 10:59:25 | INFO | Red: 96.175155, Green: 95.513444, Blue: 129.471759
2024-01-13 10:59:25 | INFO | Average: 107.053453
2024-01-13 10:59:25 | INFO | PSNR: 
2024-01-13 10:59:25 | INFO | Red: 28.300175, Green: 28.330159, Blue: 27.009053
2024-01-13 10:59:25 | INFO | Average: 27.879795
