2024-01-13 11:39:41 | INFO | Logs are saved to outputs/McM17_noise/20240113-113941/train.log.
2024-01-13 11:39:41 | INFO | Configs:
{
    "data_path": "../../images/McM images/McM17_noise.mat",
    "clean_data_path": "../../images/McM images/McM17.tif",
    "atoms_path": "../learn dictionary/outputs/20240113-103815/atoms.npy",
    "output_directory": "outputs",
    "patch_size": [
        16,
        16
    ],
    "patch_gap": 14,
    "penalty_weight": 100.0,
    "penalty_adjust_step": 500,
    "max_iters": 2800,
    "log_steps": 500
}
2024-01-13 11:39:51 | INFO | iter: 500/2800, error: 26472.209593, gamma A: 3.906e-03
2024-01-13 11:40:02 | INFO | iter: 1000/2800, error: 25274.899817, gamma A: 3.906e-03
2024-01-13 11:40:12 | INFO | iter: 1500/2800, error: 23214.795285, gamma A: 3.906e-03
2024-01-13 11:40:21 | INFO | iter: 2000/2800, error: 21156.334640, gamma A: 3.906e-03
2024-01-13 11:40:31 | INFO | iter: 2500/2800, error: 19449.699901, gamma A: 3.906e-03
2024-01-13 11:40:36 | INFO | Dictionary learning done.
2024-01-13 11:40:37 | INFO | MSE: 
2024-01-13 11:40:37 | INFO | Red: 97.333337, Green: 98.115660, Blue: 95.094516
2024-01-13 11:40:37 | INFO | Average: 96.847838
2024-01-13 11:40:37 | INFO | PSNR: 
2024-01-13 11:40:37 | INFO | Red: 28.248187, Green: 28.213420, Blue: 28.349249
2024-01-13 11:40:37 | INFO | Average: 28.270286
