2024-01-13 11:02:38 | INFO | Logs are saved to outputs/McM04_noise/20240113-110238/train.log.
2024-01-13 11:02:38 | INFO | Configs:
{
    "data_path": "../../images/McM images/McM04_noise.mat",
    "clean_data_path": "../../images/McM images/McM04.tif",
    "atoms_path": "../learn dictionary/outputs/20240113-103815/atoms.npy",
    "output_directory": "outputs",
    "patch_size": [
        16,
        16
    ],
    "patch_gap": 14,
    "penalty_weight": 100.0,
    "penalty_adjust_step": 500,
    "max_iters": 2500,
    "log_steps": 500
}
2024-01-13 11:02:48 | INFO | iter: 500/2500, error: 25653.673790, gamma A: 3.906e-03
2024-01-13 11:02:58 | INFO | iter: 1000/2500, error: 24391.619019, gamma A: 3.906e-03
2024-01-13 11:03:08 | INFO | iter: 1500/2500, error: 22471.469500, gamma A: 3.906e-03
2024-01-13 11:03:19 | INFO | iter: 2000/2500, error: 20635.003906, gamma A: 3.906e-03
2024-01-13 11:03:30 | INFO | Dictionary learning done.
2024-01-13 11:03:30 | INFO | MSE: 
2024-01-13 11:03:30 | INFO | Red: 75.586363, Green: 56.157358, Blue: 104.012500
2024-01-13 11:03:30 | INFO | Average: 78.585407
2024-01-13 11:03:30 | INFO | PSNR: 
2024-01-13 11:03:30 | INFO | Red: 29.346369, Green: 30.636737, Blue: 27.959948
2024-01-13 11:03:30 | INFO | Average: 29.314351
