2023-12-12 19:10:54 | INFO | Logs are saved to outputs/McM17_noise/20231212-191054/train.log.
2023-12-12 19:10:54 | INFO | Configs:
{
    "data_path": "../../images/noise/McM17_noise.tif",
    "clean_data_path": "../../images/origin/McM17.tif",
    "atoms_path": "../learn dictionary/outputs/20231212-171659/atoms.npy",
    "output_directory": "outputs",
    "original_img_shape": [
        500,
        500
    ],
    "img_shape": [
        500,
        500
    ],
    "patch_size": [
        8,
        8
    ],
    "patch_gap": 4,
    "num_atoms": 512,
    "penalty_type": "huber",
    "huber_M": 0.5,
    "penalty_weight": 10.0,
    "max_iters": 50,
    "log_steps": 1,
    "step_size_type": "bls",
    "adjust_gamma_factor": 0.95,
    "adjust_gamma_steps": 1000,
    "gamma_A": 0.0001,
    "alpha": 0.3,
    "beta_A": 0.25
}
2023-12-12 19:10:56 | INFO | iter: 1/50, normalized error: 1.257749, gamma A: 3.906e-03
2023-12-12 19:10:57 | INFO | iter: 2/50, normalized error: 0.947752, gamma A: 1.562e-02
2023-12-12 19:10:59 | INFO | iter: 3/50, normalized error: 1.396616, gamma A: 1.562e-02
2023-12-12 19:11:01 | INFO | iter: 4/50, normalized error: 0.680100, gamma A: 3.906e-03
2023-12-12 19:11:02 | INFO | iter: 5/50, normalized error: 0.738114, gamma A: 1.562e-02
2023-12-12 19:11:04 | INFO | iter: 6/50, normalized error: 0.594800, gamma A: 3.906e-03
2023-12-12 19:11:05 | INFO | iter: 7/50, normalized error: 1.083890, gamma A: 6.250e-02
2023-12-12 19:11:07 | INFO | iter: 8/50, normalized error: 0.618139, gamma A: 3.906e-03
2023-12-12 19:11:08 | INFO | iter: 9/50, normalized error: 0.657548, gamma A: 1.562e-02
2023-12-12 19:11:10 | INFO | iter: 10/50, normalized error: 0.561256, gamma A: 3.906e-03
2023-12-12 19:11:11 | INFO | iter: 11/50, normalized error: 0.575205, gamma A: 1.562e-02
2023-12-12 19:11:12 | INFO | iter: 12/50, normalized error: 0.652378, gamma A: 1.562e-02
2023-12-12 19:11:14 | INFO | iter: 13/50, normalized error: 0.551172, gamma A: 3.906e-03
2023-12-12 19:11:15 | INFO | iter: 14/50, normalized error: 0.574820, gamma A: 1.562e-02
2023-12-12 19:11:17 | INFO | iter: 15/50, normalized error: 0.550637, gamma A: 3.906e-03
2023-12-12 19:11:19 | INFO | iter: 16/50, normalized error: 0.553102, gamma A: 1.562e-02
2023-12-12 19:11:20 | INFO | iter: 17/50, normalized error: 0.578716, gamma A: 1.562e-02
2023-12-12 19:11:22 | INFO | iter: 18/50, normalized error: 0.551511, gamma A: 3.906e-03
2023-12-12 19:11:23 | INFO | iter: 19/50, normalized error: 0.552097, gamma A: 1.562e-02
2023-12-12 19:11:25 | INFO | iter: 20/50, normalized error: 0.550054, gamma A: 3.906e-03
2023-12-12 19:11:26 | INFO | iter: 21/50, normalized error: 0.550356, gamma A: 1.562e-02
2023-12-12 19:11:28 | INFO | iter: 22/50, normalized error: 0.550201, gamma A: 3.906e-03
2023-12-12 19:11:29 | INFO | iter: 23/50, normalized error: 0.552629, gamma A: 6.250e-02
2023-12-12 19:11:31 | INFO | iter: 24/50, normalized error: 0.550674, gamma A: 3.906e-03
2023-12-12 19:11:32 | INFO | iter: 25/50, normalized error: 0.550265, gamma A: 3.906e-03
2023-12-12 19:11:34 | INFO | iter: 26/50, normalized error: 0.550532, gamma A: 1.562e-02
2023-12-12 19:11:35 | INFO | iter: 27/50, normalized error: 0.549915, gamma A: 1.562e-02
2023-12-12 19:11:37 | INFO | iter: 28/50, normalized error: 0.550252, gamma A: 3.906e-03
2023-12-12 19:11:38 | INFO | iter: 29/50, normalized error: 0.550157, gamma A: 1.562e-02
2023-12-12 19:11:40 | INFO | iter: 30/50, normalized error: 0.550269, gamma A: 3.906e-03
2023-12-12 19:11:41 | INFO | iter: 31/50, normalized error: 0.550130, gamma A: 1.562e-02
2023-12-12 19:11:43 | INFO | iter: 32/50, normalized error: 0.550218, gamma A: 3.906e-03
2023-12-12 19:11:44 | INFO | iter: 33/50, normalized error: 0.550200, gamma A: 1.562e-02
2023-12-12 19:11:46 | INFO | iter: 34/50, normalized error: 0.550226, gamma A: 3.906e-03
2023-12-12 19:11:48 | INFO | iter: 35/50, normalized error: 0.550197, gamma A: 1.562e-02
2023-12-12 19:11:49 | INFO | iter: 36/50, normalized error: 0.550271, gamma A: 1.562e-02
2023-12-12 19:11:51 | INFO | iter: 37/50, normalized error: 0.550212, gamma A: 3.906e-03
2023-12-12 19:11:52 | INFO | iter: 38/50, normalized error: 0.550232, gamma A: 1.562e-02
2023-12-12 19:11:54 | INFO | iter: 39/50, normalized error: 0.550211, gamma A: 3.906e-03
2023-12-12 19:11:55 | INFO | iter: 40/50, normalized error: 0.550225, gamma A: 1.562e-02
2023-12-12 19:11:57 | INFO | iter: 41/50, normalized error: 0.550214, gamma A: 3.906e-03
2023-12-12 19:11:58 | INFO | iter: 42/50, normalized error: 0.550218, gamma A: 1.562e-02
2023-12-12 19:12:00 | INFO | iter: 43/50, normalized error: 0.550203, gamma A: 1.562e-02
2023-12-12 19:12:01 | INFO | iter: 44/50, normalized error: 0.550217, gamma A: 3.906e-03
2023-12-12 19:12:02 | INFO | iter: 45/50, normalized error: 0.550209, gamma A: 1.562e-02
2023-12-12 19:12:04 | INFO | iter: 46/50, normalized error: 0.550215, gamma A: 3.906e-03
2023-12-12 19:12:05 | INFO | iter: 47/50, normalized error: 0.550212, gamma A: 1.562e-02
2023-12-12 19:12:07 | INFO | iter: 48/50, normalized error: 0.550215, gamma A: 3.906e-03
2023-12-12 19:12:08 | INFO | iter: 49/50, normalized error: 0.550214, gamma A: 1.562e-02
2023-12-12 19:12:08 | INFO | Dictionary learning done.
2023-12-12 19:12:08 | INFO | MSE: 300.698451, PSNR: 23.349492
