2023-12-12 18:57:47 | INFO | Logs are saved to outputs/McM10_noise/20231212-185747/train.log.
2023-12-12 18:57:47 | INFO | Configs:
{
    "data_path": "../../images/noise/McM10_noise.tif",
    "clean_data_path": "../../images/origin/McM10.tif",
    "atoms_path": "../learn dictionary/outputs/20231212-171659/atoms.npy",
    "output_directory": "outputs",
    "original_img_shape": [
        500,
        500
    ],
    "img_shape": [
        500,
        500
    ],
    "patch_size": [
        8,
        8
    ],
    "patch_gap": 4,
    "num_atoms": 512,
    "penalty_type": "huber",
    "huber_M": 0.5,
    "penalty_weight": 10.0,
    "max_iters": 50,
    "log_steps": 1,
    "step_size_type": "bls",
    "adjust_gamma_factor": 0.95,
    "adjust_gamma_steps": 1000,
    "gamma_A": 0.0001,
    "alpha": 0.3,
    "beta_A": 0.25
}
2023-12-12 18:57:50 | INFO | iter: 1/50, normalized error: 1.246358, gamma A: 3.906e-03
2023-12-12 18:57:52 | INFO | iter: 2/50, normalized error: 0.941221, gamma A: 1.562e-02
2023-12-12 18:57:53 | INFO | iter: 3/50, normalized error: 1.397500, gamma A: 1.562e-02
2023-12-12 18:57:55 | INFO | iter: 4/50, normalized error: 0.672409, gamma A: 3.906e-03
2023-12-12 18:57:57 | INFO | iter: 5/50, normalized error: 0.732701, gamma A: 1.562e-02
2023-12-12 18:57:59 | INFO | iter: 6/50, normalized error: 0.588820, gamma A: 3.906e-03
2023-12-12 18:58:00 | INFO | iter: 7/50, normalized error: 1.078673, gamma A: 6.250e-02
2023-12-12 18:58:02 | INFO | iter: 8/50, normalized error: 0.613298, gamma A: 3.906e-03
2023-12-12 18:58:04 | INFO | iter: 9/50, normalized error: 0.652134, gamma A: 1.562e-02
2023-12-12 18:58:05 | INFO | iter: 10/50, normalized error: 0.555590, gamma A: 3.906e-03
2023-12-12 18:58:07 | INFO | iter: 11/50, normalized error: 0.567144, gamma A: 1.562e-02
2023-12-12 18:58:09 | INFO | iter: 12/50, normalized error: 0.650893, gamma A: 1.562e-02
2023-12-12 18:58:10 | INFO | iter: 13/50, normalized error: 0.543829, gamma A: 3.906e-03
2023-12-12 18:58:12 | INFO | iter: 14/50, normalized error: 0.568709, gamma A: 1.562e-02
2023-12-12 18:58:14 | INFO | iter: 15/50, normalized error: 0.542790, gamma A: 3.906e-03
2023-12-12 18:58:15 | INFO | iter: 16/50, normalized error: 0.546339, gamma A: 1.562e-02
2023-12-12 18:58:17 | INFO | iter: 17/50, normalized error: 0.570042, gamma A: 1.562e-02
2023-12-12 18:58:19 | INFO | iter: 18/50, normalized error: 0.543843, gamma A: 3.906e-03
2023-12-12 18:58:20 | INFO | iter: 19/50, normalized error: 0.543638, gamma A: 1.562e-02
2023-12-12 18:58:22 | INFO | iter: 20/50, normalized error: 0.542192, gamma A: 3.906e-03
2023-12-12 18:58:23 | INFO | iter: 21/50, normalized error: 0.541828, gamma A: 1.562e-02
2023-12-12 18:58:25 | INFO | iter: 22/50, normalized error: 0.542172, gamma A: 3.906e-03
2023-12-12 18:58:26 | INFO | iter: 23/50, normalized error: 0.543905, gamma A: 6.250e-02
2023-12-12 18:58:28 | INFO | iter: 24/50, normalized error: 0.542577, gamma A: 3.906e-03
2023-12-12 18:58:29 | INFO | iter: 25/50, normalized error: 0.542037, gamma A: 3.906e-03
2023-12-12 18:58:31 | INFO | iter: 26/50, normalized error: 0.542396, gamma A: 1.562e-02
2023-12-12 18:58:32 | INFO | iter: 27/50, normalized error: 0.542099, gamma A: 3.906e-03
2023-12-12 18:58:34 | INFO | iter: 28/50, normalized error: 0.542088, gamma A: 1.562e-02
2023-12-12 18:58:35 | INFO | iter: 29/50, normalized error: 0.541905, gamma A: 1.562e-02
2023-12-12 18:58:37 | INFO | iter: 30/50, normalized error: 0.542099, gamma A: 3.906e-03
2023-12-12 18:58:39 | INFO | iter: 31/50, normalized error: 0.541918, gamma A: 1.562e-02
2023-12-12 18:58:40 | INFO | iter: 32/50, normalized error: 0.542041, gamma A: 3.906e-03
2023-12-12 18:58:42 | INFO | iter: 33/50, normalized error: 0.542008, gamma A: 1.562e-02
2023-12-12 18:58:43 | INFO | iter: 34/50, normalized error: 0.542049, gamma A: 3.906e-03
2023-12-12 18:58:45 | INFO | iter: 35/50, normalized error: 0.542012, gamma A: 1.562e-02
2023-12-12 18:58:47 | INFO | iter: 36/50, normalized error: 0.542114, gamma A: 1.562e-02
2023-12-12 18:58:48 | INFO | iter: 37/50, normalized error: 0.542032, gamma A: 3.906e-03
2023-12-12 18:58:50 | INFO | iter: 38/50, normalized error: 0.542062, gamma A: 1.562e-02
2023-12-12 18:58:51 | INFO | iter: 39/50, normalized error: 0.542031, gamma A: 3.906e-03
2023-12-12 18:58:53 | INFO | iter: 40/50, normalized error: 0.542051, gamma A: 1.562e-02
2023-12-12 18:58:54 | INFO | iter: 41/50, normalized error: 0.542036, gamma A: 3.906e-03
2023-12-12 18:58:56 | INFO | iter: 42/50, normalized error: 0.542041, gamma A: 1.562e-02
2023-12-12 18:58:57 | INFO | iter: 43/50, normalized error: 0.542019, gamma A: 1.562e-02
2023-12-12 18:58:59 | INFO | iter: 44/50, normalized error: 0.542039, gamma A: 3.906e-03
2023-12-12 18:59:00 | INFO | iter: 45/50, normalized error: 0.542028, gamma A: 1.562e-02
2023-12-12 18:59:02 | INFO | iter: 46/50, normalized error: 0.542037, gamma A: 3.906e-03
2023-12-12 18:59:03 | INFO | iter: 47/50, normalized error: 0.542033, gamma A: 1.562e-02
2023-12-12 18:59:05 | INFO | iter: 48/50, normalized error: 0.542037, gamma A: 3.906e-03
2023-12-12 18:59:07 | INFO | iter: 49/50, normalized error: 0.542034, gamma A: 1.562e-02
2023-12-12 18:59:07 | INFO | Dictionary learning done.
2023-12-12 18:59:07 | INFO | MSE: 174.644563, PSNR: 25.709253
