2024-01-12 21:14:55 | INFO | Logs are saved to outputs/McM05/20240112-211455/train.log.
2024-01-12 21:14:55 | INFO | Configs:
{
    "data_path": "../images/McM images/McM05.tif",
    "output_directory": "outputs",
    "patch_size": [
        16,
        16
    ],
    "patch_gap": 14,
    "num_atoms": 256,
    "penalty_weight": 50.0,
    "penalty_adjust_step": 500,
    "max_iters": 6500,
    "log_steps": 500
}
2024-01-12 21:15:10 | INFO | iter: 500/6500, error: 11220.690393, gamma A: 1.048e-01, gamma D: 1.540e-08
2024-01-12 21:15:25 | INFO | iter: 1000/6500, error: 9054.652196, gamma A: 8.802e-02, gamma D: 2.293e-08
2024-01-12 21:15:39 | INFO | iter: 1500/6500, error: 7314.016832, gamma A: 7.984e-02, gamma D: 2.749e-08
2024-01-12 21:15:54 | INFO | iter: 2000/6500, error: 5928.627034, gamma A: 7.582e-02, gamma D: 2.989e-08
2024-01-12 21:16:08 | INFO | iter: 2500/6500, error: 4905.889098, gamma A: 7.408e-02, gamma D: 3.117e-08
2024-01-12 21:16:22 | INFO | iter: 3000/6500, error: 4187.938111, gamma A: 7.413e-02, gamma D: 3.177e-08
2024-01-12 21:16:36 | INFO | iter: 3500/6500, error: 3675.472793, gamma A: 7.520e-02, gamma D: 3.201e-08
2024-01-12 21:16:50 | INFO | iter: 4000/6500, error: 3309.632718, gamma A: 7.663e-02, gamma D: 3.204e-08
2024-01-12 21:17:05 | INFO | iter: 4500/6500, error: 3050.929329, gamma A: 7.809e-02, gamma D: 3.197e-08
2024-01-12 21:17:19 | INFO | iter: 5000/6500, error: 2874.646973, gamma A: 7.943e-02, gamma D: 3.187e-08
2024-01-12 21:17:34 | INFO | iter: 5500/6500, error: 2760.590453, gamma A: 8.057e-02, gamma D: 3.177e-08
2024-01-12 21:17:48 | INFO | iter: 6000/6500, error: 2689.058219, gamma A: 8.148e-02, gamma D: 3.168e-08
2024-01-12 21:18:02 | INFO | Dictionary learning done.
2024-01-12 21:18:17 | INFO | MSE: 
2024-01-12 21:18:17 | INFO | Red: 5.709960, Green: 6.063063, Blue: 7.564026
2024-01-12 21:18:17 | INFO | Average: 6.445683
2024-01-12 21:18:17 | INFO | PSNR: 
2024-01-12 21:18:17 | INFO | Red: 40.564473, Green: 40.303883, Blue: 39.343273
2024-01-12 21:18:17 | INFO | Average: 40.070543
