2024-01-13 09:46:29 | INFO | Logs are saved to outputs/McM05_noise/20240113-094629/train.log.
2024-01-13 09:46:29 | INFO | Configs:
{
    "data_path": "../../images/McM images/McM05_noise.mat",
    "clean_data_path": "../../images/McM images/McM05.tif",
    "atoms_path": "../../task_1_and_2/outputs/McM05/20240112-211455/atoms.npy",
    "output_directory": "outputs",
    "patch_size": [
        16,
        16
    ],
    "patch_gap": 14,
    "penalty_weight": 100.0,
    "penalty_adjust_step": 500,
    "max_iters": 2300,
    "log_steps": 500
}
2024-01-13 09:46:43 | INFO | iter: 500/2300, error: 23391.835475, gamma A: 3.906e-03
2024-01-13 09:46:56 | INFO | iter: 1000/2300, error: 22282.580667, gamma A: 3.906e-03
2024-01-13 09:47:09 | INFO | iter: 1500/2300, error: 21144.842566, gamma A: 3.906e-03
2024-01-13 09:47:20 | INFO | iter: 2000/2300, error: 20061.011415, gamma A: 3.906e-03
2024-01-13 09:47:26 | INFO | Dictionary learning done.
2024-01-13 09:47:26 | INFO | MSE: 
2024-01-13 09:47:26 | INFO | Red: 41.973535, Green: 51.034047, Blue: 67.980894
2024-01-13 09:47:26 | INFO | Average: 53.662825
2024-01-13 09:47:26 | INFO | PSNR: 
2024-01-13 09:47:26 | INFO | Red: 31.901048, Green: 31.052203, Blue: 29.806935
2024-01-13 09:47:26 | INFO | Average: 30.920062
