2023-12-11 19:25:26 | INFO | Logs are saved to outputs\barbara_512\20231211-192526\train.log.
2023-12-11 19:25:26 | INFO | Configs:
{
    "data_path": "../images/gray/barbara_512.png",
    "output_directory": "outputs",
    "original_img_shape": [
        512,
        512
    ],
    "img_shape": [
        512,
        512
    ],
    "patch_size": [
        8,
        8
    ],
    "patch_gap": 6,
    "num_atoms": 128,
    "penalty_type": "huber",
    "huber_M": 0.5,
    "penalty_weight": 10.0,
    "max_iters": 200,
    "log_steps": 10,
    "step_size_type": "bls",
    "adjust_gamma_factor": 0.95,
    "adjust_gamma_steps": 1000,
    "gamma_A": 0.0001,
    "gamma_D": 0.001,
    "alpha": 0.3,
    "beta_D": 0.25,
    "beta_A": 0.25
}
2023-12-11 19:25:35 | INFO | iter: 10/200, normalized error: 0.426230, gamma A: 1.562e-02, gamma D: 3.906e-03
2023-12-11 19:25:42 | INFO | iter: 20/200, normalized error: 0.183783, gamma A: 3.906e-03, gamma D: 1.562e-02
2023-12-11 19:25:49 | INFO | iter: 30/200, normalized error: 0.096459, gamma A: 9.766e-04, gamma D: 6.250e-02
2023-12-11 19:25:59 | INFO | iter: 40/200, normalized error: 0.058602, gamma A: 9.766e-04, gamma D: 6.250e-02
2023-12-11 19:26:07 | INFO | iter: 50/200, normalized error: 0.056453, gamma A: 3.906e-03, gamma D: 1.562e-02
2023-12-11 19:26:14 | INFO | iter: 60/200, normalized error: 0.056119, gamma A: 9.766e-04, gamma D: 1.562e-02
2023-12-11 19:26:21 | INFO | iter: 70/200, normalized error: 0.055990, gamma A: 3.906e-03, gamma D: 3.906e-03
2023-12-11 19:26:28 | INFO | iter: 80/200, normalized error: 0.055975, gamma A: 3.906e-03, gamma D: 1.562e-02
2023-12-11 19:26:35 | INFO | iter: 90/200, normalized error: 0.055969, gamma A: 9.766e-04, gamma D: 6.250e-02
2023-12-11 19:26:42 | INFO | iter: 100/200, normalized error: 0.055969, gamma A: 9.766e-04, gamma D: 1.562e-02
2023-12-11 19:26:49 | INFO | iter: 110/200, normalized error: 0.055968, gamma A: 1.562e-02, gamma D: 3.906e-03
2023-12-11 19:26:56 | INFO | iter: 120/200, normalized error: 0.055968, gamma A: 3.906e-03, gamma D: 3.906e-03
2023-12-11 19:27:03 | INFO | iter: 130/200, normalized error: 0.055968, gamma A: 3.906e-03, gamma D: 1.562e-02
2023-12-11 19:27:11 | INFO | iter: 140/200, normalized error: 0.055968, gamma A: 9.766e-04, gamma D: 1.562e-02
2023-12-11 19:27:17 | INFO | iter: 150/200, normalized error: 0.055968, gamma A: 1.562e-02, gamma D: 3.906e-03
2023-12-11 19:27:24 | INFO | iter: 160/200, normalized error: 0.055968, gamma A: 3.906e-03, gamma D: 3.906e-03
2023-12-11 19:27:31 | INFO | iter: 170/200, normalized error: 0.055968, gamma A: 9.766e-04, gamma D: 2.500e-01
2023-12-11 19:27:38 | INFO | iter: 180/200, normalized error: 0.055968, gamma A: 9.766e-04, gamma D: 6.250e-02
2023-12-11 19:27:44 | INFO | iter: 190/200, normalized error: 0.055968, gamma A: 3.906e-03, gamma D: 1.562e-02
2023-12-11 19:27:51 | INFO | Dictionary learning done.
2023-12-11 19:27:56 | INFO | MSE: 2.160583, PSNR: 44.785093
