2024-01-13 12:24:43 | INFO | Logs are saved to outputs/McM07_noise/20240113-122443/train.log.
2024-01-13 12:24:43 | INFO | Configs:
{
    "data_path": "../images/McM images/McM07_noise.mat",
    "clean_data_path": "../images/McM images/McM07.tif",
    "output_directory": "outputs",
    "patch_size": [
        16,
        16
    ],
    "patch_gap": 14,
    "num_atoms": 169,
    "penalty_weight": 50.0,
    "penalty_adjust_step": 500,
    "max_iters": 2000,
    "log_steps": 500
}
2024-01-13 12:24:55 | INFO | iter: 500/2000, error: 20291.662080, gamma A: 1.185e-01, gamma D: 1.439e-08
2024-01-13 12:25:06 | INFO | iter: 1000/2000, error: 18928.081721, gamma A: 9.569e-02, gamma D: 2.001e-08
2024-01-13 12:25:16 | INFO | iter: 1500/2000, error: 17851.394879, gamma A: 1.007e-01, gamma D: 2.199e-08
2024-01-13 12:25:26 | INFO | Dictionary learning done.
2024-01-13 12:25:37 | INFO | MSE: 
2024-01-13 12:25:37 | INFO | Red: 119.071951, Green: 118.596085, Blue: 125.192755
2024-01-13 12:25:37 | INFO | Average: 120.953597
2024-01-13 12:25:37 | INFO | PSNR: 
2024-01-13 12:25:37 | INFO | Red: 27.372709, Green: 27.390100, Blue: 27.155012
2024-01-13 12:25:37 | INFO | Average: 27.305940
