2023-12-12 18:54:19 | INFO | Logs are saved to outputs/McM08_noise/20231212-185419/train.log.
2023-12-12 18:54:19 | INFO | Configs:
{
    "data_path": "../../images/noise/McM08_noise.tif",
    "clean_data_path": "../../images/origin/McM08.tif",
    "atoms_path": "../learn dictionary/outputs/20231212-171659/atoms.npy",
    "output_directory": "outputs",
    "original_img_shape": [
        500,
        500
    ],
    "img_shape": [
        500,
        500
    ],
    "patch_size": [
        8,
        8
    ],
    "patch_gap": 4,
    "num_atoms": 512,
    "penalty_type": "huber",
    "huber_M": 0.5,
    "penalty_weight": 10.0,
    "max_iters": 50,
    "log_steps": 1,
    "step_size_type": "bls",
    "adjust_gamma_factor": 0.95,
    "adjust_gamma_steps": 1000,
    "gamma_A": 0.0001,
    "alpha": 0.3,
    "beta_A": 0.25
}
2023-12-12 18:54:22 | INFO | iter: 1/50, normalized error: 1.334002, gamma A: 3.906e-03
2023-12-12 18:54:23 | INFO | iter: 2/50, normalized error: 1.032192, gamma A: 1.562e-02
2023-12-12 18:54:25 | INFO | iter: 3/50, normalized error: 1.406563, gamma A: 1.562e-02
2023-12-12 18:54:27 | INFO | iter: 4/50, normalized error: 0.802103, gamma A: 3.906e-03
2023-12-12 18:54:28 | INFO | iter: 5/50, normalized error: 0.846208, gamma A: 1.562e-02
2023-12-12 18:54:30 | INFO | iter: 6/50, normalized error: 0.738793, gamma A: 3.906e-03
2023-12-12 18:54:31 | INFO | iter: 7/50, normalized error: 1.134968, gamma A: 6.250e-02
2023-12-12 18:54:33 | INFO | iter: 8/50, normalized error: 0.755621, gamma A: 3.906e-03
2023-12-12 18:54:35 | INFO | iter: 9/50, normalized error: 0.786675, gamma A: 1.562e-02
2023-12-12 18:54:36 | INFO | iter: 10/50, normalized error: 0.714868, gamma A: 3.906e-03
2023-12-12 18:54:38 | INFO | iter: 11/50, normalized error: 0.724301, gamma A: 1.562e-02
2023-12-12 18:54:39 | INFO | iter: 12/50, normalized error: 0.775505, gamma A: 1.562e-02
2023-12-12 18:54:41 | INFO | iter: 13/50, normalized error: 0.709724, gamma A: 3.906e-03
2023-12-12 18:54:43 | INFO | iter: 14/50, normalized error: 0.721140, gamma A: 1.562e-02
2023-12-12 18:54:44 | INFO | iter: 15/50, normalized error: 0.709300, gamma A: 3.906e-03
2023-12-12 18:54:46 | INFO | iter: 16/50, normalized error: 0.710202, gamma A: 1.562e-02
2023-12-12 18:54:47 | INFO | iter: 17/50, normalized error: 0.726505, gamma A: 1.562e-02
2023-12-12 18:54:49 | INFO | iter: 18/50, normalized error: 0.709531, gamma A: 3.906e-03
2023-12-12 18:54:50 | INFO | iter: 19/50, normalized error: 0.711365, gamma A: 1.562e-02
2023-12-12 18:54:52 | INFO | iter: 20/50, normalized error: 0.708937, gamma A: 3.906e-03
2023-12-12 18:54:53 | INFO | iter: 21/50, normalized error: 0.709646, gamma A: 1.562e-02
2023-12-12 18:54:55 | INFO | iter: 22/50, normalized error: 0.709197, gamma A: 3.906e-03
2023-12-12 18:54:56 | INFO | iter: 23/50, normalized error: 0.711646, gamma A: 6.250e-02
2023-12-12 18:54:58 | INFO | iter: 24/50, normalized error: 0.709471, gamma A: 3.906e-03
2023-12-12 18:54:59 | INFO | iter: 25/50, normalized error: 0.709373, gamma A: 3.906e-03
2023-12-12 18:55:01 | INFO | iter: 26/50, normalized error: 0.709564, gamma A: 1.562e-02
2023-12-12 18:55:02 | INFO | iter: 27/50, normalized error: 0.709305, gamma A: 1.562e-02
2023-12-12 18:55:04 | INFO | iter: 28/50, normalized error: 0.709326, gamma A: 3.906e-03
2023-12-12 18:55:05 | INFO | iter: 29/50, normalized error: 0.709415, gamma A: 1.562e-02
2023-12-12 18:55:07 | INFO | iter: 30/50, normalized error: 0.709389, gamma A: 3.906e-03
2023-12-12 18:55:08 | INFO | iter: 31/50, normalized error: 0.709313, gamma A: 1.562e-02
2023-12-12 18:55:10 | INFO | iter: 32/50, normalized error: 0.709337, gamma A: 3.906e-03
2023-12-12 18:55:11 | INFO | iter: 33/50, normalized error: 0.709360, gamma A: 1.562e-02
2023-12-12 18:55:13 | INFO | iter: 34/50, normalized error: 0.709356, gamma A: 3.906e-03
2023-12-12 18:55:15 | INFO | iter: 35/50, normalized error: 0.709337, gamma A: 1.562e-02
2023-12-12 18:55:16 | INFO | iter: 36/50, normalized error: 0.709364, gamma A: 1.562e-02
2023-12-12 18:55:18 | INFO | iter: 37/50, normalized error: 0.709350, gamma A: 3.906e-03
2023-12-12 18:55:19 | INFO | iter: 38/50, normalized error: 0.709345, gamma A: 1.562e-02
2023-12-12 18:55:21 | INFO | iter: 39/50, normalized error: 0.709344, gamma A: 3.906e-03
2023-12-12 18:55:22 | INFO | iter: 40/50, normalized error: 0.709350, gamma A: 1.562e-02
2023-12-12 18:55:24 | INFO | iter: 41/50, normalized error: 0.709347, gamma A: 3.906e-03
2023-12-12 18:55:25 | INFO | iter: 42/50, normalized error: 0.709345, gamma A: 1.562e-02
2023-12-12 18:55:27 | INFO | iter: 43/50, normalized error: 0.709345, gamma A: 3.906e-03
2023-12-12 18:55:28 | INFO | iter: 44/50, normalized error: 0.709347, gamma A: 1.562e-02
2023-12-12 18:55:29 | INFO | iter: 45/50, normalized error: 0.709344, gamma A: 1.562e-02
2023-12-12 18:55:31 | INFO | iter: 46/50, normalized error: 0.709345, gamma A: 3.906e-03
2023-12-12 18:55:32 | INFO | iter: 47/50, normalized error: 0.709346, gamma A: 1.562e-02
2023-12-12 18:55:34 | INFO | iter: 48/50, normalized error: 0.709346, gamma A: 3.906e-03
2023-12-12 18:55:35 | INFO | iter: 49/50, normalized error: 0.709345, gamma A: 1.562e-02
2023-12-12 18:55:35 | INFO | Dictionary learning done.
2023-12-12 18:55:36 | INFO | MSE: 207.958189, PSNR: 24.951043
