2024-01-13 12:39:23 | INFO | Logs are saved to outputs/McM18_noise/20240113-123923/train.log.
2024-01-13 12:39:23 | INFO | Configs:
{
    "data_path": "../images/McM images/McM18_noise.mat",
    "clean_data_path": "../images/McM images/McM18.tif",
    "output_directory": "outputs",
    "patch_size": [
        16,
        16
    ],
    "patch_gap": 14,
    "num_atoms": 169,
    "penalty_weight": 50.0,
    "penalty_adjust_step": 500,
    "max_iters": 2000,
    "log_steps": 500
}
2024-01-13 12:39:34 | INFO | iter: 500/2000, error: 21242.541439, gamma A: 1.391e-01, gamma D: 3.345e-09
2024-01-13 12:39:46 | INFO | iter: 1000/2000, error: 19315.363529, gamma A: 1.274e-01, gamma D: 4.812e-09
2024-01-13 12:39:57 | INFO | iter: 1500/2000, error: 18015.884010, gamma A: 1.217e-01, gamma D: 5.422e-09
2024-01-13 12:40:08 | INFO | Dictionary learning done.
2024-01-13 12:40:19 | INFO | MSE: 
2024-01-13 12:40:19 | INFO | Red: 133.580799, Green: 135.761534, Blue: 107.222140
2024-01-13 12:40:19 | INFO | Average: 125.521491
2024-01-13 12:40:19 | INFO | PSNR: 
2024-01-13 12:40:19 | INFO | Red: 26.873363, Green: 26.803036, Blue: 27.827959
2024-01-13 12:40:19 | INFO | Average: 27.168119
