2024-01-13 12:30:29 | INFO | Logs are saved to outputs/McM11_noise/20240113-123029/train.log.
2024-01-13 12:30:29 | INFO | Configs:
{
    "data_path": "../images/McM images/McM11_noise.mat",
    "clean_data_path": "../images/McM images/McM11.tif",
    "output_directory": "outputs",
    "patch_size": [
        16,
        16
    ],
    "patch_gap": 14,
    "num_atoms": 169,
    "penalty_weight": 50.0,
    "penalty_adjust_step": 500,
    "max_iters": 2000,
    "log_steps": 500
}
2024-01-13 12:30:41 | INFO | iter: 500/2000, error: 19393.999723, gamma A: 8.411e-02, gamma D: 6.153e-08
2024-01-13 12:30:52 | INFO | iter: 1000/2000, error: 18488.754506, gamma A: 8.072e-02, gamma D: 7.206e-08
2024-01-13 12:31:03 | INFO | iter: 1500/2000, error: 17518.014589, gamma A: 9.314e-02, gamma D: 6.867e-08
2024-01-13 12:31:14 | INFO | Dictionary learning done.
2024-01-13 12:31:25 | INFO | MSE: 
2024-01-13 12:31:25 | INFO | Red: 111.491572, Green: 115.700725, Blue: 104.585312
2024-01-13 12:31:25 | INFO | Average: 110.592536
2024-01-13 12:31:25 | INFO | PSNR: 
2024-01-13 12:31:25 | INFO | Red: 27.658383, Green: 27.497443, Blue: 27.936097
2024-01-13 12:31:25 | INFO | Average: 27.697308
