2024-01-13 12:31:36 | INFO | Logs are saved to outputs/McM12_noise/20240113-123136/train.log.
2024-01-13 12:31:36 | INFO | Configs:
{
    "data_path": "../images/McM images/McM12_noise.mat",
    "clean_data_path": "../images/McM images/McM12.tif",
    "output_directory": "outputs",
    "patch_size": [
        16,
        16
    ],
    "patch_gap": 14,
    "num_atoms": 169,
    "penalty_weight": 50.0,
    "penalty_adjust_step": 500,
    "max_iters": 2000,
    "log_steps": 500
}
2024-01-13 12:31:48 | INFO | iter: 500/2000, error: 19527.567908, gamma A: 9.807e-02, gamma D: 4.074e-08
2024-01-13 12:31:59 | INFO | iter: 1000/2000, error: 18633.053682, gamma A: 9.036e-02, gamma D: 5.029e-08
2024-01-13 12:32:10 | INFO | iter: 1500/2000, error: 17718.525217, gamma A: 9.926e-02, gamma D: 5.116e-08
2024-01-13 12:32:21 | INFO | Dictionary learning done.
2024-01-13 12:32:33 | INFO | MSE: 
2024-01-13 12:32:33 | INFO | Red: 100.196673, Green: 109.468089, Blue: 108.729547
2024-01-13 12:32:33 | INFO | Average: 106.131437
2024-01-13 12:32:33 | INFO | PSNR: 
2024-01-13 12:32:33 | INFO | Red: 28.122271, Green: 27.737928, Blue: 27.767328
2024-01-13 12:32:33 | INFO | Average: 27.875842
