2023-11-30 18:34:08 | INFO | Logs are saved to outputs\McM02\20231130-183408\train.log.
2023-11-30 18:34:08 | INFO | Configs:
{
    "data_path": "../images/origin/McM02.tif",
    "output_directory": "outputs",
    "original_img_shape": [
        500,
        500
    ],
    "img_shape": [
        512,
        512
    ],
    "patch_size": [
        8,
        8
    ],
    "num_atoms": 128,
    "penalty_type": "huber",
    "huber_M": 1.0,
    "penalty_weight": 10.0,
    "max_iters": 2000,
    "log_steps": 50,
    "descent_type_D": "gradient",
    "step_size_type": "bls",
    "adjust_gamma_factor": 0.95,
    "adjust_gamma_steps": 1000,
    "gamma_A": 0.0001,
    "gamma_D": 0.001,
    "alpha": 0.3,
    "beta_D": 0.25,
    "beta_A": 0.25
}
2023-11-30 18:34:51 | INFO | iter: 50/2000, normalized error: 0.031826, gamma A: 9.766e-04, gamma D: 6.250e-02
2023-11-30 18:35:32 | INFO | iter: 100/2000, normalized error: 0.020719, gamma A: 2.441e-04, gamma D: 6.250e-02
2023-11-30 18:36:18 | INFO | iter: 150/2000, normalized error: 0.015897, gamma A: 6.104e-05, gamma D: 6.250e-02
2023-11-30 18:36:59 | INFO | iter: 200/2000, normalized error: 0.012364, gamma A: 6.104e-05, gamma D: 2.500e-01
2023-11-30 18:37:42 | INFO | iter: 250/2000, normalized error: 0.009520, gamma A: 6.104e-05, gamma D: 2.500e-01
2023-11-30 18:38:28 | INFO | iter: 300/2000, normalized error: 0.008786, gamma A: 6.104e-05, gamma D: 2.500e-01
2023-11-30 18:39:15 | INFO | iter: 350/2000, normalized error: 0.008373, gamma A: 6.104e-05, gamma D: 2.500e-01
2023-11-30 18:40:03 | INFO | iter: 400/2000, normalized error: 0.007975, gamma A: 6.104e-05, gamma D: 2.500e-01
2023-11-30 18:40:48 | INFO | iter: 450/2000, normalized error: 0.007589, gamma A: 6.104e-05, gamma D: 2.500e-01
2023-11-30 18:41:40 | INFO | iter: 500/2000, normalized error: 0.007226, gamma A: 6.104e-05, gamma D: 2.500e-01
2023-11-30 18:42:20 | INFO | iter: 550/2000, normalized error: 0.006887, gamma A: 6.104e-05, gamma D: 2.500e-01
2023-11-30 18:42:59 | INFO | iter: 600/2000, normalized error: 0.006576, gamma A: 6.104e-05, gamma D: 2.500e-01
2023-11-30 18:43:39 | INFO | iter: 650/2000, normalized error: 0.006297, gamma A: 6.104e-05, gamma D: 2.500e-01
2023-11-30 18:44:18 | INFO | iter: 700/2000, normalized error: 0.005949, gamma A: 1.526e-05, gamma D: 1.000e+00
2023-11-30 18:44:58 | INFO | iter: 750/2000, normalized error: 0.005519, gamma A: 1.526e-05, gamma D: 1.000e+00
2023-11-30 18:45:39 | INFO | iter: 800/2000, normalized error: 0.005178, gamma A: 1.526e-05, gamma D: 2.500e-01
2023-11-30 18:46:27 | INFO | iter: 850/2000, normalized error: 0.004945, gamma A: 2.441e-04, gamma D: 1.000e+00
2023-11-30 18:47:17 | INFO | iter: 900/2000, normalized error: 0.004644, gamma A: 1.526e-05, gamma D: 1.000e+00
2023-11-30 18:48:08 | INFO | iter: 950/2000, normalized error: 0.004406, gamma A: 1.526e-05, gamma D: 1.000e+00
2023-11-30 18:48:54 | INFO | iter: 1000/2000, normalized error: 0.004268, gamma A: 1.526e-05, gamma D: 1.000e+00
2023-11-30 18:49:36 | INFO | iter: 1050/2000, normalized error: 0.004179, gamma A: 1.526e-05, gamma D: 1.000e+00
2023-11-30 18:50:18 | INFO | iter: 1100/2000, normalized error: 0.004116, gamma A: 1.526e-05, gamma D: 1.000e+00
2023-11-30 18:51:00 | INFO | iter: 1150/2000, normalized error: 0.004056, gamma A: 1.526e-05, gamma D: 1.000e+00
2023-11-30 18:51:45 | INFO | iter: 1200/2000, normalized error: 0.003996, gamma A: 1.526e-05, gamma D: 1.000e+00
2023-11-30 18:52:29 | INFO | iter: 1250/2000, normalized error: 0.003937, gamma A: 1.526e-05, gamma D: 1.000e+00
2023-11-30 18:53:11 | INFO | iter: 1300/2000, normalized error: 0.003877, gamma A: 1.526e-05, gamma D: 1.000e+00
2023-11-30 18:53:52 | INFO | iter: 1350/2000, normalized error: 0.003818, gamma A: 1.526e-05, gamma D: 1.000e+00
2023-11-30 18:54:32 | INFO | iter: 1400/2000, normalized error: 0.003760, gamma A: 1.526e-05, gamma D: 1.000e+00
2023-11-30 18:55:12 | INFO | iter: 1450/2000, normalized error: 0.003702, gamma A: 1.526e-05, gamma D: 1.000e+00
2023-11-30 18:55:53 | INFO | iter: 1500/2000, normalized error: 0.003645, gamma A: 1.526e-05, gamma D: 1.000e+00
2023-11-30 18:56:35 | INFO | iter: 1550/2000, normalized error: 0.003590, gamma A: 1.526e-05, gamma D: 1.000e+00
2023-11-30 18:57:20 | INFO | iter: 1600/2000, normalized error: 0.003535, gamma A: 1.526e-05, gamma D: 1.000e+00
2023-11-30 18:58:10 | INFO | iter: 1650/2000, normalized error: 0.003482, gamma A: 1.526e-05, gamma D: 1.000e+00
2023-11-30 18:58:53 | INFO | iter: 1700/2000, normalized error: 0.003431, gamma A: 1.526e-05, gamma D: 1.000e+00
2023-11-30 18:59:34 | INFO | iter: 1750/2000, normalized error: 0.003381, gamma A: 1.526e-05, gamma D: 1.000e+00
2023-11-30 19:00:14 | INFO | iter: 1800/2000, normalized error: 0.003332, gamma A: 1.526e-05, gamma D: 1.000e+00
2023-11-30 19:00:53 | INFO | iter: 1850/2000, normalized error: 0.003286, gamma A: 1.526e-05, gamma D: 1.000e+00
2023-11-30 19:01:34 | INFO | iter: 1900/2000, normalized error: 0.003241, gamma A: 1.526e-05, gamma D: 1.000e+00
2023-11-30 19:02:16 | INFO | iter: 1950/2000, normalized error: 0.003198, gamma A: 1.526e-05, gamma D: 1.000e+00
2023-11-30 19:02:59 | INFO | Dictionary learning done.
2023-11-30 19:02:59 | INFO | MSE: 41.153243, PSNR: 31.986763
