2024-01-13 09:58:54 | INFO | Logs are saved to outputs/McM07_noise/20240113-095854/train.log.
2024-01-13 09:58:54 | INFO | Configs:
{
    "data_path": "../../images/McM images/McM07_noise.mat",
    "clean_data_path": "../../images/McM images/McM07.tif",
    "atoms_path": "../../task_1_and_2/outputs/McM07/20240112-212716/atoms.npy",
    "output_directory": "outputs",
    "patch_size": [
        16,
        16
    ],
    "patch_gap": 14,
    "penalty_weight": 100.0,
    "penalty_adjust_step": 500,
    "max_iters": 2300,
    "log_steps": 500
}
2024-01-13 09:59:06 | INFO | iter: 500/2300, error: 22941.277496, gamma A: 3.906e-03
2024-01-13 09:59:19 | INFO | iter: 1000/2300, error: 22050.313190, gamma A: 3.906e-03
2024-01-13 09:59:31 | INFO | iter: 1500/2300, error: 20992.614073, gamma A: 3.906e-03
2024-01-13 09:59:44 | INFO | iter: 2000/2300, error: 19875.824942, gamma A: 3.906e-03
2024-01-13 09:59:51 | INFO | Dictionary learning done.
2024-01-13 09:59:51 | INFO | MSE: 
2024-01-13 09:59:51 | INFO | Red: 47.354031, Green: 46.588707, Blue: 53.139789
2024-01-13 09:59:51 | INFO | Average: 49.027509
2024-01-13 09:59:51 | INFO | PSNR: 
2024-01-13 09:59:51 | INFO | Red: 31.377234, Green: 31.447997, Blue: 30.876605
2024-01-13 09:59:51 | INFO | Average: 31.233945
