2024-01-13 12:37:30 | INFO | Logs are saved to outputs/McM17_noise/20240113-123730/train.log.
2024-01-13 12:37:30 | INFO | Configs:
{
    "data_path": "../images/McM images/McM17_noise.mat",
    "clean_data_path": "../images/McM images/McM17.tif",
    "output_directory": "outputs",
    "patch_size": [
        16,
        16
    ],
    "patch_gap": 14,
    "num_atoms": 169,
    "penalty_weight": 50.0,
    "penalty_adjust_step": 500,
    "max_iters": 2000,
    "log_steps": 500
}
2024-01-13 12:37:41 | INFO | iter: 500/2000, error: 21256.810158, gamma A: 9.138e-02, gamma D: 2.708e-08
2024-01-13 12:37:53 | INFO | iter: 1000/2000, error: 19832.899331, gamma A: 8.814e-02, gamma D: 3.441e-08
2024-01-13 12:38:03 | INFO | iter: 1500/2000, error: 18668.513757, gamma A: 9.603e-02, gamma D: 3.344e-08
2024-01-13 12:38:13 | INFO | Dictionary learning done.
2024-01-13 12:38:24 | INFO | MSE: 
2024-01-13 12:38:24 | INFO | Red: 139.497475, Green: 141.459651, Blue: 135.425531
2024-01-13 12:38:24 | INFO | Average: 138.794219
2024-01-13 12:38:24 | INFO | PSNR: 
2024-01-13 12:38:24 | INFO | Red: 26.685140, Green: 26.624478, Blue: 26.813798
2024-01-13 12:38:24 | INFO | Average: 26.707805
