2024-01-13 11:27:14 | INFO | Logs are saved to outputs/McM12_noise/20240113-112714/train.log.
2024-01-13 11:27:14 | INFO | Configs:
{
    "data_path": "../../images/McM images/McM12_noise.mat",
    "clean_data_path": "../../images/McM images/McM12.tif",
    "atoms_path": "../learn dictionary/outputs/20240113-103815/atoms.npy",
    "output_directory": "outputs",
    "patch_size": [
        16,
        16
    ],
    "patch_gap": 14,
    "penalty_weight": 100.0,
    "penalty_adjust_step": 500,
    "max_iters": 2300,
    "log_steps": 500
}
2024-01-13 11:27:24 | INFO | iter: 500/2300, error: 23040.473423, gamma A: 3.906e-03
2024-01-13 11:27:34 | INFO | iter: 1000/2300, error: 22435.779422, gamma A: 3.906e-03
2024-01-13 11:27:44 | INFO | iter: 1500/2300, error: 21344.827435, gamma A: 3.906e-03
2024-01-13 11:27:54 | INFO | iter: 2000/2300, error: 20052.561689, gamma A: 3.906e-03
2024-01-13 11:28:00 | INFO | Dictionary learning done.
2024-01-13 11:28:00 | INFO | MSE: 
2024-01-13 11:28:00 | INFO | Red: 43.336762, Green: 61.146784, Blue: 57.140911
2024-01-13 11:28:00 | INFO | Average: 53.874819
2024-01-13 11:28:00 | INFO | PSNR: 
2024-01-13 11:28:00 | INFO | Red: 31.762239, Green: 30.267067, Blue: 30.561332
2024-01-13 11:28:00 | INFO | Average: 30.863546
