2023-12-12 17:16:59 | INFO | Logs are saved to outputs/20231212-171659/train.log.
2023-12-12 17:16:59 | INFO | Configs:
{
    "data_path": "../../images/origin/",
    "output_directory": "outputs",
    "original_img_shape": [
        500,
        500
    ],
    "img_shape": [
        500,
        500
    ],
    "patch_size": [
        8,
        8
    ],
    "patch_gap": 4,
    "num_atoms": 512,
    "penalty_type": "huber",
    "huber_M": 0.5,
    "penalty_weight": 10.0,
    "num_epochs": 100,
    "batch_size": 100,
    "log_steps": 1000,
    "step_size_type": "bls",
    "adjust_gamma_factor": 0.95,
    "adjust_gamma_steps": 10000,
    "gamma_A": 0.001,
    "gamma_D": 0.0005,
    "alpha": 0.3,
    "beta_D": 0.25,
    "beta_A": 0.25
}
2023-12-12 17:17:00 | INFO | Use 276768 patches for dictionary learning.
2023-12-12 17:17:05 | INFO | Epoch 1:
2023-12-12 17:17:30 | INFO | Epoch: 1/100, batch: 1000/2767, normalized error: 0.358682, gamma A: 3.906e-03, gamma D: 9.766e-04
2023-12-12 17:17:52 | INFO | Epoch: 1/100, batch: 2000/2767, normalized error: 0.350177, gamma A: 3.906e-03, gamma D: 9.766e-04
2023-12-12 17:18:11 | INFO | Epoch 1 end. Total normalized error: 0.767192
2023-12-12 17:18:11 | INFO | Epoch 2:
2023-12-12 17:18:16 | INFO | Epoch: 2/100, batch: 233/2767, normalized error: 0.359331, gamma A: 6.250e-02, gamma D: 9.766e-04
2023-12-12 17:18:36 | INFO | Epoch: 2/100, batch: 1233/2767, normalized error: 0.276860, gamma A: 6.250e-02, gamma D: 3.906e-03
2023-12-12 17:18:54 | INFO | Epoch: 2/100, batch: 2233/2767, normalized error: 0.461635, gamma A: 6.250e-02, gamma D: 9.766e-04
2023-12-12 17:19:05 | INFO | Epoch 2 end. Total normalized error: 0.919175
2023-12-12 17:19:05 | INFO | Epoch 3:
2023-12-12 17:19:13 | INFO | Epoch: 3/100, batch: 466/2767, normalized error: 0.363163, gamma A: 6.250e-02, gamma D: 9.766e-04
2023-12-12 17:19:30 | INFO | Epoch: 3/100, batch: 1466/2767, normalized error: 0.294889, gamma A: 6.250e-02, gamma D: 3.906e-03
2023-12-12 17:19:48 | INFO | Epoch: 3/100, batch: 2466/2767, normalized error: 0.378997, gamma A: 6.250e-02, gamma D: 9.766e-04
2023-12-12 17:19:54 | INFO | Epoch 3 end. Total normalized error: 0.842421
2023-12-12 17:19:55 | INFO | Epoch 4:
2023-12-12 17:20:06 | INFO | Epoch: 4/100, batch: 699/2767, normalized error: 0.246264, gamma A: 6.250e-02, gamma D: 9.766e-04
2023-12-12 17:20:23 | INFO | Epoch: 4/100, batch: 1699/2767, normalized error: 0.197230, gamma A: 3.906e-03, gamma D: 1.562e-02
2023-12-12 17:20:40 | INFO | Epoch: 4/100, batch: 2699/2767, normalized error: 0.209313, gamma A: 3.906e-03, gamma D: 1.562e-02
2023-12-12 17:20:42 | INFO | Epoch 4 end. Total normalized error: 0.709333
2023-12-12 17:20:42 | INFO | Epoch 5:
2023-12-12 17:20:57 | INFO | Epoch: 5/100, batch: 932/2767, normalized error: 0.217284, gamma A: 3.906e-03, gamma D: 1.562e-02
2023-12-12 17:21:14 | INFO | Epoch: 5/100, batch: 1932/2767, normalized error: 0.221378, gamma A: 3.906e-03, gamma D: 1.562e-02
2023-12-12 17:21:29 | INFO | Epoch 5 end. Total normalized error: 0.448794
2023-12-12 17:21:30 | INFO | Epoch 6:
2023-12-12 17:21:35 | INFO | Epoch: 6/100, batch: 165/2767, normalized error: 0.241575, gamma A: 3.906e-03, gamma D: 1.562e-02
2023-12-12 17:21:59 | INFO | Epoch: 6/100, batch: 1165/2767, normalized error: 0.199813, gamma A: 3.906e-03, gamma D: 1.562e-02
2023-12-12 17:22:23 | INFO | Epoch: 6/100, batch: 2165/2767, normalized error: 0.225877, gamma A: 3.906e-03, gamma D: 1.562e-02
2023-12-12 17:22:36 | INFO | Epoch 6 end. Total normalized error: 0.408121
2023-12-12 17:22:36 | INFO | Epoch 7:
2023-12-12 17:22:44 | INFO | Epoch: 7/100, batch: 398/2767, normalized error: 0.225532, gamma A: 3.906e-03, gamma D: 1.562e-02
2023-12-12 17:23:04 | INFO | Epoch: 7/100, batch: 1398/2767, normalized error: 0.201591, gamma A: 3.906e-03, gamma D: 1.562e-02
2023-12-12 17:23:24 | INFO | Epoch: 7/100, batch: 2398/2767, normalized error: 0.236938, gamma A: 3.906e-03, gamma D: 1.562e-02
2023-12-12 17:23:32 | INFO | Epoch 7 end. Total normalized error: 0.382334
2023-12-12 17:23:33 | INFO | Epoch 8:
2023-12-12 17:23:48 | INFO | Epoch: 8/100, batch: 631/2767, normalized error: 0.255438, gamma A: 1.562e-02, gamma D: 1.562e-02
2023-12-12 17:24:09 | INFO | Epoch: 8/100, batch: 1631/2767, normalized error: 0.240346, gamma A: 3.906e-03, gamma D: 1.562e-02
2023-12-12 17:24:27 | INFO | Epoch: 8/100, batch: 2631/2767, normalized error: 0.209364, gamma A: 3.906e-03, gamma D: 1.562e-02
2023-12-12 17:24:31 | INFO | Epoch 8 end. Total normalized error: 0.600453
2023-12-12 17:24:31 | INFO | Epoch 9:
2023-12-12 17:24:46 | INFO | Epoch: 9/100, batch: 864/2767, normalized error: 0.230017, gamma A: 3.906e-03, gamma D: 1.562e-02
2023-12-12 17:25:04 | INFO | Epoch: 9/100, batch: 1864/2767, normalized error: 0.228400, gamma A: 3.906e-03, gamma D: 1.562e-02
2023-12-12 17:25:20 | INFO | Epoch 9 end. Total normalized error: 0.362487
2023-12-12 17:25:20 | INFO | Epoch 10:
2023-12-12 17:25:21 | INFO | Epoch: 10/100, batch: 97/2767, normalized error: 0.238104, gamma A: 3.906e-03, gamma D: 1.562e-02
2023-12-12 17:25:38 | INFO | Epoch: 10/100, batch: 1097/2767, normalized error: 0.290550, gamma A: 1.562e-02, gamma D: 1.562e-02
2023-12-12 17:25:56 | INFO | Epoch: 10/100, batch: 2097/2767, normalized error: 0.235607, gamma A: 3.906e-03, gamma D: 1.562e-02
2023-12-12 17:26:10 | INFO | Epoch 10 end. Total normalized error: 0.546819
2023-12-12 17:26:10 | INFO | Epoch 11:
2023-12-12 17:26:17 | INFO | Epoch: 11/100, batch: 330/2767, normalized error: 0.242129, gamma A: 3.906e-03, gamma D: 1.562e-02
2023-12-12 17:26:35 | INFO | Epoch: 11/100, batch: 1330/2767, normalized error: 0.258005, gamma A: 3.906e-03, gamma D: 1.562e-02
2023-12-12 17:26:57 | INFO | Epoch: 11/100, batch: 2330/2767, normalized error: 0.230375, gamma A: 3.906e-03, gamma D: 1.562e-02
2023-12-12 17:27:09 | INFO | Epoch 11 end. Total normalized error: 0.346830
2023-12-12 17:27:09 | INFO | Epoch 12:
2023-12-12 17:27:21 | INFO | Epoch: 12/100, batch: 563/2767, normalized error: 0.242194, gamma A: 3.906e-03, gamma D: 1.562e-02
2023-12-12 17:27:43 | INFO | Epoch: 12/100, batch: 1563/2767, normalized error: 0.252478, gamma A: 3.906e-03, gamma D: 1.562e-02
2023-12-12 17:28:00 | INFO | Epoch: 12/100, batch: 2563/2767, normalized error: 0.286195, gamma A: 3.906e-03, gamma D: 1.562e-02
2023-12-12 17:28:05 | INFO | Epoch 12 end. Total normalized error: 0.531026
2023-12-12 17:28:05 | INFO | Epoch 13:
2023-12-12 17:28:20 | INFO | Epoch: 13/100, batch: 796/2767, normalized error: 0.266890, gamma A: 3.906e-03, gamma D: 1.562e-02
2023-12-12 17:28:37 | INFO | Epoch: 13/100, batch: 1796/2767, normalized error: 0.219396, gamma A: 3.906e-03, gamma D: 6.250e-02
2023-12-12 17:28:56 | INFO | Epoch 13 end. Total normalized error: 0.385901
2023-12-12 17:28:56 | INFO | Epoch 14:
2023-12-12 17:28:57 | INFO | Epoch: 14/100, batch: 29/2767, normalized error: 0.235444, gamma A: 1.562e-02, gamma D: 1.562e-02
2023-12-12 17:29:17 | INFO | Epoch: 14/100, batch: 1029/2767, normalized error: 0.272499, gamma A: 3.906e-03, gamma D: 1.562e-02
2023-12-12 17:29:37 | INFO | Epoch: 14/100, batch: 2029/2767, normalized error: 0.210002, gamma A: 3.906e-03, gamma D: 6.250e-02
2023-12-12 17:29:53 | INFO | Epoch 14 end. Total normalized error: 0.378096
2023-12-12 17:29:53 | INFO | Epoch 15:
2023-12-12 17:29:58 | INFO | Epoch: 15/100, batch: 262/2767, normalized error: 0.208649, gamma A: 3.906e-03, gamma D: 6.250e-02
2023-12-12 17:30:19 | INFO | Epoch: 15/100, batch: 1262/2767, normalized error: 0.188500, gamma A: 3.906e-03, gamma D: 6.250e-02
2023-12-12 17:30:37 | INFO | Epoch: 15/100, batch: 2262/2767, normalized error: 0.192690, gamma A: 3.906e-03, gamma D: 6.250e-02
2023-12-12 17:30:48 | INFO | Epoch 15 end. Total normalized error: 0.336514
2023-12-12 17:30:48 | INFO | Epoch 16:
2023-12-12 17:30:57 | INFO | Epoch: 16/100, batch: 495/2767, normalized error: 0.195840, gamma A: 3.906e-03, gamma D: 6.250e-02
2023-12-12 17:31:13 | INFO | Epoch: 16/100, batch: 1495/2767, normalized error: 0.226232, gamma A: 3.906e-03, gamma D: 6.250e-02
2023-12-12 17:31:31 | INFO | Epoch: 16/100, batch: 2495/2767, normalized error: 0.192441, gamma A: 3.906e-03, gamma D: 6.250e-02
2023-12-12 17:31:37 | INFO | Epoch 16 end. Total normalized error: 0.384698
2023-12-12 17:31:37 | INFO | Epoch 17:
2023-12-12 17:31:49 | INFO | Epoch: 17/100, batch: 728/2767, normalized error: 0.226721, gamma A: 3.906e-03, gamma D: 6.250e-02
2023-12-12 17:32:05 | INFO | Epoch: 17/100, batch: 1728/2767, normalized error: 0.218673, gamma A: 3.906e-03, gamma D: 6.250e-02
2023-12-12 17:32:20 | INFO | Epoch: 17/100, batch: 2728/2767, normalized error: 0.223563, gamma A: 3.906e-03, gamma D: 6.250e-02
2023-12-12 17:32:21 | INFO | Epoch 17 end. Total normalized error: 0.358370
2023-12-12 17:32:22 | INFO | Epoch 18:
2023-12-12 17:32:37 | INFO | Epoch: 18/100, batch: 961/2767, normalized error: 0.201373, gamma A: 3.906e-03, gamma D: 6.250e-02
2023-12-12 17:32:53 | INFO | Epoch: 18/100, batch: 1961/2767, normalized error: 0.209470, gamma A: 3.906e-03, gamma D: 6.250e-02
2023-12-12 17:33:08 | INFO | Epoch 18 end. Total normalized error: 0.358776
2023-12-12 17:33:08 | INFO | Epoch 19:
2023-12-12 17:33:11 | INFO | Epoch: 19/100, batch: 194/2767, normalized error: 0.221761, gamma A: 3.906e-03, gamma D: 1.562e-02
2023-12-12 17:33:28 | INFO | Epoch: 19/100, batch: 1194/2767, normalized error: 0.204003, gamma A: 3.906e-03, gamma D: 6.250e-02
2023-12-12 17:33:45 | INFO | Epoch: 19/100, batch: 2194/2767, normalized error: 0.240582, gamma A: 3.906e-03, gamma D: 6.250e-02
2023-12-12 17:33:56 | INFO | Epoch 19 end. Total normalized error: 0.389649
2023-12-12 17:33:56 | INFO | Epoch 20:
2023-12-12 17:34:03 | INFO | Epoch: 20/100, batch: 427/2767, normalized error: 0.300477, gamma A: 3.906e-03, gamma D: 1.562e-02
2023-12-12 17:34:18 | INFO | Epoch: 20/100, batch: 1427/2767, normalized error: 0.231978, gamma A: 3.906e-03, gamma D: 6.250e-02
2023-12-12 17:34:33 | INFO | Epoch: 20/100, batch: 2427/2767, normalized error: 0.218901, gamma A: 3.906e-03, gamma D: 6.250e-02
2023-12-12 17:34:39 | INFO | Epoch 20 end. Total normalized error: 0.363450
2023-12-12 17:34:39 | INFO | Epoch 21:
2023-12-12 17:34:49 | INFO | Epoch: 21/100, batch: 660/2767, normalized error: 0.222351, gamma A: 3.906e-03, gamma D: 6.250e-02
2023-12-12 17:35:05 | INFO | Epoch: 21/100, batch: 1660/2767, normalized error: 0.234363, gamma A: 3.906e-03, gamma D: 6.250e-02
2023-12-12 17:35:20 | INFO | Epoch: 21/100, batch: 2660/2767, normalized error: 0.231745, gamma A: 3.906e-03, gamma D: 6.250e-02
2023-12-12 17:35:22 | INFO | Epoch 21 end. Total normalized error: 0.306506
2023-12-12 17:35:22 | INFO | Epoch 22:
2023-12-12 17:35:36 | INFO | Epoch: 22/100, batch: 893/2767, normalized error: 0.213874, gamma A: 3.906e-03, gamma D: 6.250e-02
2023-12-12 17:35:51 | INFO | Epoch: 22/100, batch: 1893/2767, normalized error: 0.242667, gamma A: 3.906e-03, gamma D: 6.250e-02
2023-12-12 17:36:05 | INFO | Epoch 22 end. Total normalized error: 0.445037
2023-12-12 17:36:06 | INFO | Epoch 23:
2023-12-12 17:36:07 | INFO | Epoch: 23/100, batch: 126/2767, normalized error: 0.216526, gamma A: 3.906e-03, gamma D: 6.250e-02
2023-12-12 17:36:22 | INFO | Epoch: 23/100, batch: 1126/2767, normalized error: 0.230520, gamma A: 3.906e-03, gamma D: 6.250e-02
2023-12-12 17:36:37 | INFO | Epoch: 23/100, batch: 2126/2767, normalized error: 0.237387, gamma A: 3.906e-03, gamma D: 6.250e-02
2023-12-12 17:36:47 | INFO | Epoch 23 end. Total normalized error: 0.298552
2023-12-12 17:36:47 | INFO | Epoch 24:
2023-12-12 17:36:52 | INFO | Epoch: 24/100, batch: 359/2767, normalized error: 0.238790, gamma A: 3.906e-03, gamma D: 6.250e-02
2023-12-12 17:37:07 | INFO | Epoch: 24/100, batch: 1359/2767, normalized error: 0.242114, gamma A: 3.906e-03, gamma D: 6.250e-02
2023-12-12 17:37:22 | INFO | Epoch: 24/100, batch: 2359/2767, normalized error: 0.222507, gamma A: 3.906e-03, gamma D: 6.250e-02
2023-12-12 17:37:30 | INFO | Epoch 24 end. Total normalized error: 0.318847
2023-12-12 17:37:30 | INFO | Epoch 25:
2023-12-12 17:37:39 | INFO | Epoch: 25/100, batch: 592/2767, normalized error: 0.242112, gamma A: 3.906e-03, gamma D: 6.250e-02
2023-12-12 17:37:54 | INFO | Epoch: 25/100, batch: 1592/2767, normalized error: 0.241114, gamma A: 3.906e-03, gamma D: 6.250e-02
2023-12-12 17:38:09 | INFO | Epoch: 25/100, batch: 2592/2767, normalized error: 0.233432, gamma A: 3.906e-03, gamma D: 6.250e-02
2023-12-12 17:38:13 | INFO | Epoch 25 end. Total normalized error: 0.312101
2023-12-12 17:38:13 | INFO | Epoch 26:
2023-12-12 17:38:25 | INFO | Epoch: 26/100, batch: 825/2767, normalized error: 0.246813, gamma A: 3.906e-03, gamma D: 6.250e-02
2023-12-12 17:38:40 | INFO | Epoch: 26/100, batch: 1825/2767, normalized error: 0.222100, gamma A: 3.906e-03, gamma D: 6.250e-02
2023-12-12 17:38:55 | INFO | Epoch 26 end. Total normalized error: 0.298164
2023-12-12 17:38:55 | INFO | Epoch 27:
2023-12-12 17:38:56 | INFO | Epoch: 27/100, batch: 58/2767, normalized error: 0.247173, gamma A: 3.906e-03, gamma D: 6.250e-02
2023-12-12 17:39:12 | INFO | Epoch: 27/100, batch: 1058/2767, normalized error: 0.231583, gamma A: 3.906e-03, gamma D: 6.250e-02
2023-12-12 17:39:27 | INFO | Epoch: 27/100, batch: 2058/2767, normalized error: 0.247575, gamma A: 3.906e-03, gamma D: 6.250e-02
2023-12-12 17:39:38 | INFO | Epoch 27 end. Total normalized error: 0.300317
2023-12-12 17:39:39 | INFO | Epoch 28:
2023-12-12 17:39:43 | INFO | Epoch: 28/100, batch: 291/2767, normalized error: 0.237402, gamma A: 3.906e-03, gamma D: 6.250e-02
2023-12-12 17:39:58 | INFO | Epoch: 28/100, batch: 1291/2767, normalized error: 0.237176, gamma A: 3.906e-03, gamma D: 6.250e-02
2023-12-12 17:40:13 | INFO | Epoch: 28/100, batch: 2291/2767, normalized error: 0.236928, gamma A: 3.906e-03, gamma D: 6.250e-02
2023-12-12 17:40:21 | INFO | Epoch 28 end. Total normalized error: 0.283638
2023-12-12 17:40:21 | INFO | Epoch 29:
2023-12-12 17:40:29 | INFO | Epoch: 29/100, batch: 524/2767, normalized error: 0.250208, gamma A: 3.906e-03, gamma D: 6.250e-02
2023-12-12 17:40:43 | INFO | Epoch: 29/100, batch: 1524/2767, normalized error: 0.247080, gamma A: 3.906e-03, gamma D: 6.250e-02
2023-12-12 17:40:58 | INFO | Epoch: 29/100, batch: 2524/2767, normalized error: 0.223765, gamma A: 3.906e-03, gamma D: 6.250e-02
2023-12-12 17:41:03 | INFO | Epoch 29 end. Total normalized error: 0.275895
2023-12-12 17:41:03 | INFO | Epoch 30:
2023-12-12 17:41:15 | INFO | Epoch: 30/100, batch: 757/2767, normalized error: 0.234703, gamma A: 3.906e-03, gamma D: 1.562e-02
2023-12-12 17:41:29 | INFO | Epoch: 30/100, batch: 1757/2767, normalized error: 0.253853, gamma A: 3.906e-03, gamma D: 6.250e-02
2023-12-12 17:41:44 | INFO | Epoch: 30/100, batch: 2757/2767, normalized error: 0.220415, gamma A: 3.906e-03, gamma D: 6.250e-02
2023-12-12 17:41:45 | INFO | Epoch 30 end. Total normalized error: 0.278602
2023-12-12 17:41:45 | INFO | Epoch 31:
2023-12-12 17:42:00 | INFO | Epoch: 31/100, batch: 990/2767, normalized error: 0.240706, gamma A: 3.906e-03, gamma D: 6.250e-02
2023-12-12 17:42:15 | INFO | Epoch: 31/100, batch: 1990/2767, normalized error: 0.241639, gamma A: 3.906e-03, gamma D: 6.250e-02
2023-12-12 17:42:28 | INFO | Epoch 31 end. Total normalized error: 0.272812
2023-12-12 17:42:28 | INFO | Epoch 32:
2023-12-12 17:42:32 | INFO | Epoch: 32/100, batch: 223/2767, normalized error: 0.239963, gamma A: 3.906e-03, gamma D: 1.562e-02
2023-12-12 17:42:47 | INFO | Epoch: 32/100, batch: 1223/2767, normalized error: 0.262370, gamma A: 3.906e-03, gamma D: 6.250e-02
2023-12-12 17:43:02 | INFO | Epoch: 32/100, batch: 2223/2767, normalized error: 0.226465, gamma A: 3.906e-03, gamma D: 6.250e-02
2023-12-12 17:43:10 | INFO | Epoch 32 end. Total normalized error: 0.272085
2023-12-12 17:43:11 | INFO | Epoch 33:
2023-12-12 17:43:17 | INFO | Epoch: 33/100, batch: 456/2767, normalized error: 0.270159, gamma A: 3.906e-03, gamma D: 6.250e-02
2023-12-12 17:43:33 | INFO | Epoch: 33/100, batch: 1456/2767, normalized error: 0.267715, gamma A: 3.906e-03, gamma D: 6.250e-02
2023-12-12 17:43:48 | INFO | Epoch: 33/100, batch: 2456/2767, normalized error: 0.270350, gamma A: 3.906e-03, gamma D: 6.250e-02
2023-12-12 17:43:53 | INFO | Epoch 33 end. Total normalized error: 0.287137
2023-12-12 17:43:53 | INFO | Epoch 34:
2023-12-12 17:44:04 | INFO | Epoch: 34/100, batch: 689/2767, normalized error: 0.228688, gamma A: 3.906e-03, gamma D: 6.250e-02
2023-12-12 17:44:19 | INFO | Epoch: 34/100, batch: 1689/2767, normalized error: 0.250015, gamma A: 3.906e-03, gamma D: 6.250e-02
2023-12-12 17:44:34 | INFO | Epoch: 34/100, batch: 2689/2767, normalized error: 0.271956, gamma A: 3.906e-03, gamma D: 6.250e-02
2023-12-12 17:44:36 | INFO | Epoch 34 end. Total normalized error: 0.276013
2023-12-12 17:44:36 | INFO | Epoch 35:
2023-12-12 17:44:50 | INFO | Epoch: 35/100, batch: 922/2767, normalized error: 0.242759, gamma A: 3.906e-03, gamma D: 6.250e-02
2023-12-12 17:45:06 | INFO | Epoch: 35/100, batch: 1922/2767, normalized error: 0.240196, gamma A: 3.906e-03, gamma D: 6.250e-02
2023-12-12 17:45:21 | INFO | Epoch 35 end. Total normalized error: 0.273246
2023-12-12 17:45:21 | INFO | Epoch 36:
2023-12-12 17:45:23 | INFO | Epoch: 36/100, batch: 155/2767, normalized error: 0.245851, gamma A: 3.906e-03, gamma D: 6.250e-02
2023-12-12 17:45:39 | INFO | Epoch: 36/100, batch: 1155/2767, normalized error: 0.240294, gamma A: 3.906e-03, gamma D: 6.250e-02
2023-12-12 17:45:55 | INFO | Epoch: 36/100, batch: 2155/2767, normalized error: 0.265937, gamma A: 3.906e-03, gamma D: 6.250e-02
2023-12-12 17:46:05 | INFO | Epoch 36 end. Total normalized error: 0.264589
2023-12-12 17:46:05 | INFO | Epoch 37:
2023-12-12 17:46:11 | INFO | Epoch: 37/100, batch: 388/2767, normalized error: 0.251548, gamma A: 3.906e-03, gamma D: 6.250e-02
2023-12-12 17:46:26 | INFO | Epoch: 37/100, batch: 1388/2767, normalized error: 0.228252, gamma A: 3.906e-03, gamma D: 1.562e-02
2023-12-12 17:46:42 | INFO | Epoch: 37/100, batch: 2388/2767, normalized error: 0.247291, gamma A: 3.906e-03, gamma D: 6.250e-02
2023-12-12 17:46:48 | INFO | Epoch 37 end. Total normalized error: 0.266601
2023-12-12 17:46:48 | INFO | Epoch 38:
2023-12-12 17:46:58 | INFO | Epoch: 38/100, batch: 621/2767, normalized error: 0.214756, gamma A: 3.906e-03, gamma D: 1.562e-02
2023-12-12 17:47:13 | INFO | Epoch: 38/100, batch: 1621/2767, normalized error: 0.228733, gamma A: 3.906e-03, gamma D: 6.250e-02
2023-12-12 17:47:29 | INFO | Epoch: 38/100, batch: 2621/2767, normalized error: 0.221389, gamma A: 3.906e-03, gamma D: 6.250e-02
2023-12-12 17:47:32 | INFO | Epoch 38 end. Total normalized error: 0.271527
2023-12-12 17:47:32 | INFO | Epoch 39:
2023-12-12 17:47:45 | INFO | Epoch: 39/100, batch: 854/2767, normalized error: 0.232442, gamma A: 3.906e-03, gamma D: 6.250e-02
2023-12-12 17:48:01 | INFO | Epoch: 39/100, batch: 1854/2767, normalized error: 0.231459, gamma A: 3.906e-03, gamma D: 1.562e-02
2023-12-12 17:48:16 | INFO | Epoch 39 end. Total normalized error: 0.274960
2023-12-12 17:48:16 | INFO | Epoch 40:
2023-12-12 17:48:17 | INFO | Epoch: 40/100, batch: 87/2767, normalized error: 0.216461, gamma A: 3.906e-03, gamma D: 1.562e-02
2023-12-12 17:48:33 | INFO | Epoch: 40/100, batch: 1087/2767, normalized error: 0.226158, gamma A: 3.906e-03, gamma D: 1.562e-02
2023-12-12 17:48:48 | INFO | Epoch: 40/100, batch: 2087/2767, normalized error: 0.250885, gamma A: 3.906e-03, gamma D: 6.250e-02
2023-12-12 17:48:59 | INFO | Epoch 40 end. Total normalized error: 0.265341
2023-12-12 17:48:59 | INFO | Epoch 41:
2023-12-12 17:49:04 | INFO | Epoch: 41/100, batch: 320/2767, normalized error: 0.252775, gamma A: 3.906e-03, gamma D: 6.250e-02
2023-12-12 17:49:20 | INFO | Epoch: 41/100, batch: 1320/2767, normalized error: 0.268420, gamma A: 3.906e-03, gamma D: 6.250e-02
2023-12-12 17:49:35 | INFO | Epoch: 41/100, batch: 2320/2767, normalized error: 0.259997, gamma A: 3.906e-03, gamma D: 6.250e-02
2023-12-12 17:49:43 | INFO | Epoch 41 end. Total normalized error: 0.264917
2023-12-12 17:49:43 | INFO | Epoch 42:
2023-12-12 17:49:51 | INFO | Epoch: 42/100, batch: 553/2767, normalized error: 0.238378, gamma A: 3.906e-03, gamma D: 6.250e-02
2023-12-12 17:50:06 | INFO | Epoch: 42/100, batch: 1553/2767, normalized error: 0.245568, gamma A: 3.906e-03, gamma D: 6.250e-02
2023-12-12 17:50:22 | INFO | Epoch: 42/100, batch: 2553/2767, normalized error: 0.221520, gamma A: 3.906e-03, gamma D: 6.250e-02
2023-12-12 17:50:26 | INFO | Epoch 42 end. Total normalized error: 0.265347
2023-12-12 17:50:26 | INFO | Epoch 43:
2023-12-12 17:50:38 | INFO | Epoch: 43/100, batch: 786/2767, normalized error: 0.235069, gamma A: 3.906e-03, gamma D: 1.562e-02
2023-12-12 17:50:54 | INFO | Epoch: 43/100, batch: 1786/2767, normalized error: 0.247899, gamma A: 3.906e-03, gamma D: 6.250e-02
2023-12-12 17:51:10 | INFO | Epoch 43 end. Total normalized error: 0.262299
2023-12-12 17:51:10 | INFO | Epoch 44:
2023-12-12 17:51:10 | INFO | Epoch: 44/100, batch: 19/2767, normalized error: 0.211696, gamma A: 3.906e-03, gamma D: 6.250e-02
2023-12-12 17:51:26 | INFO | Epoch: 44/100, batch: 1019/2767, normalized error: 0.224405, gamma A: 3.906e-03, gamma D: 1.562e-02
2023-12-12 17:51:41 | INFO | Epoch: 44/100, batch: 2019/2767, normalized error: 0.240895, gamma A: 3.906e-03, gamma D: 6.250e-02
2023-12-12 17:51:54 | INFO | Epoch 44 end. Total normalized error: 0.261637
2023-12-12 17:51:54 | INFO | Epoch 45:
2023-12-12 17:51:58 | INFO | Epoch: 45/100, batch: 252/2767, normalized error: 0.274623, gamma A: 3.906e-03, gamma D: 6.250e-02
2023-12-12 17:52:13 | INFO | Epoch: 45/100, batch: 1252/2767, normalized error: 0.242017, gamma A: 3.906e-03, gamma D: 1.562e-02
2023-12-12 17:52:29 | INFO | Epoch: 45/100, batch: 2252/2767, normalized error: 0.221052, gamma A: 3.906e-03, gamma D: 6.250e-02
2023-12-12 17:52:38 | INFO | Epoch 45 end. Total normalized error: 0.265908
2023-12-12 17:52:38 | INFO | Epoch 46:
2023-12-12 17:52:45 | INFO | Epoch: 46/100, batch: 485/2767, normalized error: 0.222753, gamma A: 3.906e-03, gamma D: 1.562e-02
2023-12-12 17:53:00 | INFO | Epoch: 46/100, batch: 1485/2767, normalized error: 0.255144, gamma A: 3.906e-03, gamma D: 6.250e-02
2023-12-12 17:53:16 | INFO | Epoch: 46/100, batch: 2485/2767, normalized error: 0.231036, gamma A: 3.906e-03, gamma D: 6.250e-02
2023-12-12 17:53:21 | INFO | Epoch 46 end. Total normalized error: 0.263543
2023-12-12 17:53:21 | INFO | Epoch 47:
2023-12-12 17:53:32 | INFO | Epoch: 47/100, batch: 718/2767, normalized error: 0.252533, gamma A: 3.906e-03, gamma D: 6.250e-02
2023-12-12 17:53:47 | INFO | Epoch: 47/100, batch: 1718/2767, normalized error: 0.244840, gamma A: 3.906e-03, gamma D: 6.250e-02
2023-12-12 17:54:03 | INFO | Epoch: 47/100, batch: 2718/2767, normalized error: 0.264329, gamma A: 3.906e-03, gamma D: 6.250e-02
2023-12-12 17:54:04 | INFO | Epoch 47 end. Total normalized error: 0.265576
2023-12-12 17:54:04 | INFO | Epoch 48:
2023-12-12 17:54:20 | INFO | Epoch: 48/100, batch: 951/2767, normalized error: 0.256168, gamma A: 3.906e-03, gamma D: 6.250e-02
2023-12-12 17:54:35 | INFO | Epoch: 48/100, batch: 1951/2767, normalized error: 0.242189, gamma A: 3.906e-03, gamma D: 6.250e-02
2023-12-12 17:54:48 | INFO | Epoch 48 end. Total normalized error: 0.254875
2023-12-12 17:54:49 | INFO | Epoch 49:
2023-12-12 17:54:51 | INFO | Epoch: 49/100, batch: 184/2767, normalized error: 0.251802, gamma A: 3.906e-03, gamma D: 6.250e-02
2023-12-12 17:55:07 | INFO | Epoch: 49/100, batch: 1184/2767, normalized error: 0.248701, gamma A: 3.906e-03, gamma D: 6.250e-02
2023-12-12 17:55:22 | INFO | Epoch: 49/100, batch: 2184/2767, normalized error: 0.247170, gamma A: 3.906e-03, gamma D: 6.250e-02
2023-12-12 17:55:32 | INFO | Epoch 49 end. Total normalized error: 0.250542
2023-12-12 17:55:32 | INFO | Epoch 50:
2023-12-12 17:55:39 | INFO | Epoch: 50/100, batch: 417/2767, normalized error: 0.227913, gamma A: 3.906e-03, gamma D: 6.250e-02
2023-12-12 17:55:54 | INFO | Epoch: 50/100, batch: 1417/2767, normalized error: 0.255063, gamma A: 3.906e-03, gamma D: 6.250e-02
2023-12-12 17:56:09 | INFO | Epoch: 50/100, batch: 2417/2767, normalized error: 0.239418, gamma A: 3.906e-03, gamma D: 6.250e-02
2023-12-12 17:56:16 | INFO | Epoch 50 end. Total normalized error: 0.262542
2023-12-12 17:56:16 | INFO | Epoch 51:
2023-12-12 17:56:27 | INFO | Epoch: 51/100, batch: 650/2767, normalized error: 0.242913, gamma A: 3.906e-03, gamma D: 6.250e-02
2023-12-12 17:56:42 | INFO | Epoch: 51/100, batch: 1650/2767, normalized error: 0.235631, gamma A: 3.906e-03, gamma D: 6.250e-02
2023-12-12 17:56:57 | INFO | Epoch: 51/100, batch: 2650/2767, normalized error: 0.243502, gamma A: 3.906e-03, gamma D: 6.250e-02
2023-12-12 17:57:00 | INFO | Epoch 51 end. Total normalized error: 0.262933
2023-12-12 17:57:00 | INFO | Epoch 52:
2023-12-12 17:57:14 | INFO | Epoch: 52/100, batch: 883/2767, normalized error: 0.243211, gamma A: 3.906e-03, gamma D: 6.250e-02
2023-12-12 17:57:30 | INFO | Epoch: 52/100, batch: 1883/2767, normalized error: 0.225823, gamma A: 3.906e-03, gamma D: 6.250e-02
2023-12-12 17:57:44 | INFO | Epoch 52 end. Total normalized error: 0.263485
2023-12-12 17:57:44 | INFO | Epoch 53:
2023-12-12 17:57:46 | INFO | Epoch: 53/100, batch: 116/2767, normalized error: 0.241182, gamma A: 3.906e-03, gamma D: 6.250e-02
2023-12-12 17:58:02 | INFO | Epoch: 53/100, batch: 1116/2767, normalized error: 0.248955, gamma A: 3.906e-03, gamma D: 6.250e-02
2023-12-12 17:58:17 | INFO | Epoch: 53/100, batch: 2116/2767, normalized error: 0.255980, gamma A: 3.906e-03, gamma D: 6.250e-02
2023-12-12 17:58:28 | INFO | Epoch 53 end. Total normalized error: 0.260380
2023-12-12 17:58:28 | INFO | Epoch 54:
2023-12-12 17:58:33 | INFO | Epoch: 54/100, batch: 349/2767, normalized error: 0.243422, gamma A: 3.906e-03, gamma D: 6.250e-02
2023-12-12 17:58:49 | INFO | Epoch: 54/100, batch: 1349/2767, normalized error: 0.252072, gamma A: 3.906e-03, gamma D: 6.250e-02
2023-12-12 17:59:04 | INFO | Epoch: 54/100, batch: 2349/2767, normalized error: 0.250199, gamma A: 3.906e-03, gamma D: 6.250e-02
2023-12-12 17:59:12 | INFO | Epoch 54 end. Total normalized error: 0.257606
2023-12-12 17:59:12 | INFO | Epoch 55:
2023-12-12 17:59:21 | INFO | Epoch: 55/100, batch: 582/2767, normalized error: 0.258514, gamma A: 3.906e-03, gamma D: 6.250e-02
2023-12-12 17:59:36 | INFO | Epoch: 55/100, batch: 1582/2767, normalized error: 0.245786, gamma A: 3.906e-03, gamma D: 6.250e-02
2023-12-12 17:59:52 | INFO | Epoch: 55/100, batch: 2582/2767, normalized error: 0.229623, gamma A: 3.906e-03, gamma D: 6.250e-02
2023-12-12 17:59:55 | INFO | Epoch 55 end. Total normalized error: 0.264927
2023-12-12 17:59:55 | INFO | Epoch 56:
2023-12-12 18:00:08 | INFO | Epoch: 56/100, batch: 815/2767, normalized error: 0.257806, gamma A: 3.906e-03, gamma D: 6.250e-02
2023-12-12 18:00:23 | INFO | Epoch: 56/100, batch: 1815/2767, normalized error: 0.209082, gamma A: 3.906e-03, gamma D: 1.562e-02
2023-12-12 18:00:39 | INFO | Epoch 56 end. Total normalized error: 0.257836
2023-12-12 18:00:39 | INFO | Epoch 57:
2023-12-12 18:00:40 | INFO | Epoch: 57/100, batch: 48/2767, normalized error: 0.228158, gamma A: 3.906e-03, gamma D: 6.250e-02
2023-12-12 18:00:55 | INFO | Epoch: 57/100, batch: 1048/2767, normalized error: 0.224375, gamma A: 3.906e-03, gamma D: 1.562e-02
2023-12-12 18:01:10 | INFO | Epoch: 57/100, batch: 2048/2767, normalized error: 0.269132, gamma A: 3.906e-03, gamma D: 6.250e-02
2023-12-12 18:01:22 | INFO | Epoch 57 end. Total normalized error: 0.260750
2023-12-12 18:01:22 | INFO | Epoch 58:
2023-12-12 18:01:26 | INFO | Epoch: 58/100, batch: 281/2767, normalized error: 0.252173, gamma A: 3.906e-03, gamma D: 6.250e-02
2023-12-12 18:01:42 | INFO | Epoch: 58/100, batch: 1281/2767, normalized error: 0.234794, gamma A: 3.906e-03, gamma D: 6.250e-02
2023-12-12 18:01:57 | INFO | Epoch: 58/100, batch: 2281/2767, normalized error: 0.243622, gamma A: 3.906e-03, gamma D: 6.250e-02
2023-12-12 18:02:05 | INFO | Epoch 58 end. Total normalized error: 0.264873
2023-12-12 18:02:05 | INFO | Epoch 59:
2023-12-12 18:02:13 | INFO | Epoch: 59/100, batch: 514/2767, normalized error: 0.243318, gamma A: 3.906e-03, gamma D: 6.250e-02
2023-12-12 18:02:28 | INFO | Epoch: 59/100, batch: 1514/2767, normalized error: 0.224485, gamma A: 3.906e-03, gamma D: 6.250e-02
2023-12-12 18:02:44 | INFO | Epoch: 59/100, batch: 2514/2767, normalized error: 0.221620, gamma A: 3.906e-03, gamma D: 6.250e-02
2023-12-12 18:02:49 | INFO | Epoch 59 end. Total normalized error: 0.261191
2023-12-12 18:02:49 | INFO | Epoch 60:
2023-12-12 18:03:00 | INFO | Epoch: 60/100, batch: 747/2767, normalized error: 0.243865, gamma A: 3.906e-03, gamma D: 6.250e-02
2023-12-12 18:03:16 | INFO | Epoch: 60/100, batch: 1747/2767, normalized error: 0.238223, gamma A: 3.906e-03, gamma D: 6.250e-02
2023-12-12 18:03:31 | INFO | Epoch: 60/100, batch: 2747/2767, normalized error: 0.246607, gamma A: 3.906e-03, gamma D: 6.250e-02
2023-12-12 18:03:32 | INFO | Epoch 60 end. Total normalized error: 0.262055
2023-12-12 18:03:32 | INFO | Epoch 61:
2023-12-12 18:03:47 | INFO | Epoch: 61/100, batch: 980/2767, normalized error: 0.268998, gamma A: 3.906e-03, gamma D: 6.250e-02
2023-12-12 18:04:03 | INFO | Epoch: 61/100, batch: 1980/2767, normalized error: 0.226749, gamma A: 3.906e-03, gamma D: 6.250e-02
2023-12-12 18:04:15 | INFO | Epoch 61 end. Total normalized error: 0.257825
2023-12-12 18:04:16 | INFO | Epoch 62:
2023-12-12 18:04:19 | INFO | Epoch: 62/100, batch: 213/2767, normalized error: 0.248790, gamma A: 3.906e-03, gamma D: 6.250e-02
2023-12-12 18:04:34 | INFO | Epoch: 62/100, batch: 1213/2767, normalized error: 0.264921, gamma A: 3.906e-03, gamma D: 6.250e-02
2023-12-12 18:04:49 | INFO | Epoch: 62/100, batch: 2213/2767, normalized error: 0.224613, gamma A: 3.906e-03, gamma D: 1.562e-02
2023-12-12 18:04:58 | INFO | Epoch 62 end. Total normalized error: 0.260686
2023-12-12 18:04:58 | INFO | Epoch 63:
2023-12-12 18:05:05 | INFO | Epoch: 63/100, batch: 446/2767, normalized error: 0.234829, gamma A: 3.906e-03, gamma D: 6.250e-02
2023-12-12 18:05:20 | INFO | Epoch: 63/100, batch: 1446/2767, normalized error: 0.260390, gamma A: 3.906e-03, gamma D: 6.250e-02
2023-12-12 18:05:36 | INFO | Epoch: 63/100, batch: 2446/2767, normalized error: 0.248392, gamma A: 3.906e-03, gamma D: 1.562e-02
2023-12-12 18:05:42 | INFO | Epoch 63 end. Total normalized error: 0.256416
2023-12-12 18:05:42 | INFO | Epoch 64:
2023-12-12 18:05:52 | INFO | Epoch: 64/100, batch: 679/2767, normalized error: 0.243096, gamma A: 3.906e-03, gamma D: 6.250e-02
2023-12-12 18:06:07 | INFO | Epoch: 64/100, batch: 1679/2767, normalized error: 0.213787, gamma A: 3.906e-03, gamma D: 6.250e-02
2023-12-12 18:06:23 | INFO | Epoch: 64/100, batch: 2679/2767, normalized error: 0.237946, gamma A: 3.906e-03, gamma D: 6.250e-02
2023-12-12 18:06:26 | INFO | Epoch 64 end. Total normalized error: 0.259049
2023-12-12 18:06:26 | INFO | Epoch 65:
2023-12-12 18:06:39 | INFO | Epoch: 65/100, batch: 912/2767, normalized error: 0.246479, gamma A: 3.906e-03, gamma D: 6.250e-02
2023-12-12 18:06:55 | INFO | Epoch: 65/100, batch: 1912/2767, normalized error: 0.221754, gamma A: 3.906e-03, gamma D: 6.250e-02
2023-12-12 18:07:10 | INFO | Epoch 65 end. Total normalized error: 0.262700
2023-12-12 18:07:10 | INFO | Epoch 66:
2023-12-12 18:07:12 | INFO | Epoch: 66/100, batch: 145/2767, normalized error: 0.234027, gamma A: 3.906e-03, gamma D: 6.250e-02
2023-12-12 18:07:27 | INFO | Epoch: 66/100, batch: 1145/2767, normalized error: 0.242782, gamma A: 3.906e-03, gamma D: 6.250e-02
2023-12-12 18:07:42 | INFO | Epoch: 66/100, batch: 2145/2767, normalized error: 0.263070, gamma A: 3.906e-03, gamma D: 6.250e-02
2023-12-12 18:07:53 | INFO | Epoch 66 end. Total normalized error: 0.257950
2023-12-12 18:07:53 | INFO | Epoch 67:
2023-12-12 18:07:59 | INFO | Epoch: 67/100, batch: 378/2767, normalized error: 0.257489, gamma A: 3.906e-03, gamma D: 6.250e-02
2023-12-12 18:08:14 | INFO | Epoch: 67/100, batch: 1378/2767, normalized error: 0.249206, gamma A: 3.906e-03, gamma D: 6.250e-02
2023-12-12 18:08:29 | INFO | Epoch: 67/100, batch: 2378/2767, normalized error: 0.256309, gamma A: 3.906e-03, gamma D: 6.250e-02
2023-12-12 18:08:36 | INFO | Epoch 67 end. Total normalized error: 0.258687
2023-12-12 18:08:36 | INFO | Epoch 68:
2023-12-12 18:08:45 | INFO | Epoch: 68/100, batch: 611/2767, normalized error: 0.224598, gamma A: 3.906e-03, gamma D: 1.562e-02
2023-12-12 18:09:00 | INFO | Epoch: 68/100, batch: 1611/2767, normalized error: 0.248044, gamma A: 3.906e-03, gamma D: 6.250e-02
2023-12-12 18:09:15 | INFO | Epoch: 68/100, batch: 2611/2767, normalized error: 0.222646, gamma A: 3.906e-03, gamma D: 6.250e-02
2023-12-12 18:09:19 | INFO | Epoch 68 end. Total normalized error: 0.258202
2023-12-12 18:09:19 | INFO | Epoch 69:
2023-12-12 18:09:34 | INFO | Epoch: 69/100, batch: 844/2767, normalized error: 0.205212, gamma A: 3.906e-03, gamma D: 1.562e-02
2023-12-12 18:09:49 | INFO | Epoch: 69/100, batch: 1844/2767, normalized error: 0.245194, gamma A: 3.906e-03, gamma D: 6.250e-02
2023-12-12 18:10:04 | INFO | Epoch 69 end. Total normalized error: 0.259023
2023-12-12 18:10:04 | INFO | Epoch 70:
2023-12-12 18:10:05 | INFO | Epoch: 70/100, batch: 77/2767, normalized error: 0.244960, gamma A: 3.906e-03, gamma D: 6.250e-02
2023-12-12 18:10:20 | INFO | Epoch: 70/100, batch: 1077/2767, normalized error: 0.251590, gamma A: 3.906e-03, gamma D: 6.250e-02
2023-12-12 18:10:35 | INFO | Epoch: 70/100, batch: 2077/2767, normalized error: 0.253864, gamma A: 3.906e-03, gamma D: 6.250e-02
2023-12-12 18:10:46 | INFO | Epoch 70 end. Total normalized error: 0.262288
2023-12-12 18:10:46 | INFO | Epoch 71:
2023-12-12 18:10:51 | INFO | Epoch: 71/100, batch: 310/2767, normalized error: 0.249268, gamma A: 3.906e-03, gamma D: 6.250e-02
2023-12-12 18:11:06 | INFO | Epoch: 71/100, batch: 1310/2767, normalized error: 0.260815, gamma A: 3.906e-03, gamma D: 6.250e-02
2023-12-12 18:11:21 | INFO | Epoch: 71/100, batch: 2310/2767, normalized error: 0.246811, gamma A: 3.906e-03, gamma D: 6.250e-02
2023-12-12 18:11:28 | INFO | Epoch 71 end. Total normalized error: 0.251095
2023-12-12 18:11:29 | INFO | Epoch 72:
2023-12-12 18:11:37 | INFO | Epoch: 72/100, batch: 543/2767, normalized error: 0.248452, gamma A: 3.906e-03, gamma D: 6.250e-02
2023-12-12 18:11:52 | INFO | Epoch: 72/100, batch: 1543/2767, normalized error: 0.249370, gamma A: 3.906e-03, gamma D: 6.250e-02
2023-12-12 18:12:07 | INFO | Epoch: 72/100, batch: 2543/2767, normalized error: 0.230382, gamma A: 3.906e-03, gamma D: 6.250e-02
2023-12-12 18:12:11 | INFO | Epoch 72 end. Total normalized error: 0.248217
2023-12-12 18:12:11 | INFO | Epoch 73:
2023-12-12 18:12:23 | INFO | Epoch: 73/100, batch: 776/2767, normalized error: 0.235106, gamma A: 3.906e-03, gamma D: 6.250e-02
2023-12-12 18:12:39 | INFO | Epoch: 73/100, batch: 1776/2767, normalized error: 0.231657, gamma A: 3.906e-03, gamma D: 1.562e-02
2023-12-12 18:12:56 | INFO | Epoch 73 end. Total normalized error: 0.261580
2023-12-12 18:12:57 | INFO | Epoch 74:
2023-12-12 18:12:57 | INFO | Epoch: 74/100, batch: 9/2767, normalized error: 0.225890, gamma A: 3.906e-03, gamma D: 6.250e-02
2023-12-12 18:13:12 | INFO | Epoch: 74/100, batch: 1009/2767, normalized error: 0.240282, gamma A: 3.906e-03, gamma D: 6.250e-02
2023-12-12 18:13:27 | INFO | Epoch: 74/100, batch: 2009/2767, normalized error: 0.251894, gamma A: 3.906e-03, gamma D: 6.250e-02
2023-12-12 18:13:40 | INFO | Epoch 74 end. Total normalized error: 0.254820
2023-12-12 18:13:40 | INFO | Epoch 75:
2023-12-12 18:13:44 | INFO | Epoch: 75/100, batch: 242/2767, normalized error: 0.248317, gamma A: 3.906e-03, gamma D: 6.250e-02
2023-12-12 18:13:59 | INFO | Epoch: 75/100, batch: 1242/2767, normalized error: 0.213157, gamma A: 3.906e-03, gamma D: 1.562e-02
2023-12-12 18:14:14 | INFO | Epoch: 75/100, batch: 2242/2767, normalized error: 0.255649, gamma A: 3.906e-03, gamma D: 6.250e-02
2023-12-12 18:14:23 | INFO | Epoch 75 end. Total normalized error: 0.248112
2023-12-12 18:14:23 | INFO | Epoch 76:
2023-12-12 18:14:30 | INFO | Epoch: 76/100, batch: 475/2767, normalized error: 0.231020, gamma A: 3.906e-03, gamma D: 6.250e-02
2023-12-12 18:14:45 | INFO | Epoch: 76/100, batch: 1475/2767, normalized error: 0.211118, gamma A: 3.906e-03, gamma D: 1.562e-02
2023-12-12 18:15:00 | INFO | Epoch: 76/100, batch: 2475/2767, normalized error: 0.245136, gamma A: 3.906e-03, gamma D: 6.250e-02
2023-12-12 18:15:06 | INFO | Epoch 76 end. Total normalized error: 0.263811
2023-12-12 18:15:06 | INFO | Epoch 77:
2023-12-12 18:15:17 | INFO | Epoch: 77/100, batch: 708/2767, normalized error: 0.249802, gamma A: 3.906e-03, gamma D: 6.250e-02
2023-12-12 18:15:32 | INFO | Epoch: 77/100, batch: 1708/2767, normalized error: 0.227566, gamma A: 3.906e-03, gamma D: 1.562e-02
2023-12-12 18:15:48 | INFO | Epoch: 77/100, batch: 2708/2767, normalized error: 0.227585, gamma A: 3.906e-03, gamma D: 6.250e-02
2023-12-12 18:15:51 | INFO | Epoch 77 end. Total normalized error: 0.262287
2023-12-12 18:15:51 | INFO | Epoch 78:
2023-12-12 18:16:06 | INFO | Epoch: 78/100, batch: 941/2767, normalized error: 0.226452, gamma A: 3.906e-03, gamma D: 1.562e-02
2023-12-12 18:16:21 | INFO | Epoch: 78/100, batch: 1941/2767, normalized error: 0.239918, gamma A: 3.906e-03, gamma D: 6.250e-02
2023-12-12 18:16:35 | INFO | Epoch 78 end. Total normalized error: 0.248982
2023-12-12 18:16:35 | INFO | Epoch 79:
2023-12-12 18:16:38 | INFO | Epoch: 79/100, batch: 174/2767, normalized error: 0.246071, gamma A: 3.906e-03, gamma D: 6.250e-02
2023-12-12 18:16:53 | INFO | Epoch: 79/100, batch: 1174/2767, normalized error: 0.240304, gamma A: 3.906e-03, gamma D: 6.250e-02
2023-12-12 18:17:08 | INFO | Epoch: 79/100, batch: 2174/2767, normalized error: 0.246220, gamma A: 3.906e-03, gamma D: 6.250e-02
2023-12-12 18:17:19 | INFO | Epoch 79 end. Total normalized error: 0.261010
2023-12-12 18:17:19 | INFO | Epoch 80:
2023-12-12 18:17:25 | INFO | Epoch: 80/100, batch: 407/2767, normalized error: 0.230589, gamma A: 3.906e-03, gamma D: 1.562e-02
2023-12-12 18:17:40 | INFO | Epoch: 80/100, batch: 1407/2767, normalized error: 0.235104, gamma A: 3.906e-03, gamma D: 6.250e-02
2023-12-12 18:17:55 | INFO | Epoch: 80/100, batch: 2407/2767, normalized error: 0.244052, gamma A: 3.906e-03, gamma D: 6.250e-02
2023-12-12 18:18:02 | INFO | Epoch 80 end. Total normalized error: 0.255632
2023-12-12 18:18:02 | INFO | Epoch 81:
2023-12-12 18:18:12 | INFO | Epoch: 81/100, batch: 640/2767, normalized error: 0.254497, gamma A: 3.906e-03, gamma D: 6.250e-02
2023-12-12 18:18:28 | INFO | Epoch: 81/100, batch: 1640/2767, normalized error: 0.251966, gamma A: 3.906e-03, gamma D: 6.250e-02
2023-12-12 18:18:49 | INFO | Epoch: 81/100, batch: 2640/2767, normalized error: 0.247977, gamma A: 3.906e-03, gamma D: 6.250e-02
2023-12-12 18:18:52 | INFO | Epoch 81 end. Total normalized error: 0.253058
2023-12-12 18:18:52 | INFO | Epoch 82:
2023-12-12 18:19:06 | INFO | Epoch: 82/100, batch: 873/2767, normalized error: 0.219720, gamma A: 3.906e-03, gamma D: 1.562e-02
2023-12-12 18:19:24 | INFO | Epoch: 82/100, batch: 1873/2767, normalized error: 0.223890, gamma A: 3.906e-03, gamma D: 6.250e-02
2023-12-12 18:19:41 | INFO | Epoch 82 end. Total normalized error: 0.256600
2023-12-12 18:19:41 | INFO | Epoch 83:
2023-12-12 18:19:43 | INFO | Epoch: 83/100, batch: 106/2767, normalized error: 0.239135, gamma A: 3.906e-03, gamma D: 6.250e-02
2023-12-12 18:20:01 | INFO | Epoch: 83/100, batch: 1106/2767, normalized error: 0.246215, gamma A: 3.906e-03, gamma D: 6.250e-02
2023-12-12 18:20:18 | INFO | Epoch: 83/100, batch: 2106/2767, normalized error: 0.222793, gamma A: 3.906e-03, gamma D: 1.562e-02
2023-12-12 18:20:31 | INFO | Epoch 83 end. Total normalized error: 0.268674
2023-12-12 18:20:31 | INFO | Epoch 84:
2023-12-12 18:20:37 | INFO | Epoch: 84/100, batch: 339/2767, normalized error: 0.255392, gamma A: 3.906e-03, gamma D: 6.250e-02
2023-12-12 18:20:54 | INFO | Epoch: 84/100, batch: 1339/2767, normalized error: 0.257846, gamma A: 3.906e-03, gamma D: 6.250e-02
2023-12-12 18:21:10 | INFO | Epoch: 84/100, batch: 2339/2767, normalized error: 0.238228, gamma A: 3.906e-03, gamma D: 6.250e-02
2023-12-12 18:21:19 | INFO | Epoch 84 end. Total normalized error: 0.259412
2023-12-12 18:21:19 | INFO | Epoch 85:
2023-12-12 18:21:29 | INFO | Epoch: 85/100, batch: 572/2767, normalized error: 0.247586, gamma A: 3.906e-03, gamma D: 6.250e-02
2023-12-12 18:21:45 | INFO | Epoch: 85/100, batch: 1572/2767, normalized error: 0.244973, gamma A: 3.906e-03, gamma D: 6.250e-02
2023-12-12 18:22:01 | INFO | Epoch: 85/100, batch: 2572/2767, normalized error: 0.245744, gamma A: 3.906e-03, gamma D: 6.250e-02
2023-12-12 18:22:05 | INFO | Epoch 85 end. Total normalized error: 0.264149
2023-12-12 18:22:05 | INFO | Epoch 86:
2023-12-12 18:22:17 | INFO | Epoch: 86/100, batch: 805/2767, normalized error: 0.231913, gamma A: 3.906e-03, gamma D: 6.250e-02
2023-12-12 18:22:33 | INFO | Epoch: 86/100, batch: 1805/2767, normalized error: 0.245784, gamma A: 3.906e-03, gamma D: 6.250e-02
2023-12-12 18:22:50 | INFO | Epoch 86 end. Total normalized error: 0.254585
2023-12-12 18:22:50 | INFO | Epoch 87:
2023-12-12 18:22:51 | INFO | Epoch: 87/100, batch: 38/2767, normalized error: 0.232405, gamma A: 3.906e-03, gamma D: 6.250e-02
2023-12-12 18:23:07 | INFO | Epoch: 87/100, batch: 1038/2767, normalized error: 0.236967, gamma A: 3.906e-03, gamma D: 6.250e-02
2023-12-12 18:23:22 | INFO | Epoch: 87/100, batch: 2038/2767, normalized error: 0.246245, gamma A: 3.906e-03, gamma D: 6.250e-02
2023-12-12 18:23:35 | INFO | Epoch 87 end. Total normalized error: 0.256816
2023-12-12 18:23:35 | INFO | Epoch 88:
2023-12-12 18:23:40 | INFO | Epoch: 88/100, batch: 271/2767, normalized error: 0.233657, gamma A: 3.906e-03, gamma D: 6.250e-02
2023-12-12 18:24:01 | INFO | Epoch: 88/100, batch: 1271/2767, normalized error: 0.260870, gamma A: 3.906e-03, gamma D: 6.250e-02
2023-12-12 18:24:19 | INFO | Epoch: 88/100, batch: 2271/2767, normalized error: 0.237946, gamma A: 3.906e-03, gamma D: 6.250e-02
2023-12-12 18:24:29 | INFO | Epoch 88 end. Total normalized error: 0.256694
2023-12-12 18:24:29 | INFO | Epoch 89:
2023-12-12 18:24:40 | INFO | Epoch: 89/100, batch: 504/2767, normalized error: 0.233854, gamma A: 3.906e-03, gamma D: 1.562e-02
2023-12-12 18:24:55 | INFO | Epoch: 89/100, batch: 1504/2767, normalized error: 0.223245, gamma A: 3.906e-03, gamma D: 6.250e-02
2023-12-12 18:25:10 | INFO | Epoch: 89/100, batch: 2504/2767, normalized error: 0.236356, gamma A: 3.906e-03, gamma D: 6.250e-02
2023-12-12 18:25:15 | INFO | Epoch 89 end. Total normalized error: 0.255434
2023-12-12 18:25:15 | INFO | Epoch 90:
2023-12-12 18:25:26 | INFO | Epoch: 90/100, batch: 737/2767, normalized error: 0.240052, gamma A: 3.906e-03, gamma D: 1.562e-02
2023-12-12 18:25:43 | INFO | Epoch: 90/100, batch: 1737/2767, normalized error: 0.261426, gamma A: 3.906e-03, gamma D: 6.250e-02
2023-12-12 18:25:59 | INFO | Epoch: 90/100, batch: 2737/2767, normalized error: 0.243359, gamma A: 3.906e-03, gamma D: 6.250e-02
2023-12-12 18:26:01 | INFO | Epoch 90 end. Total normalized error: 0.264579
2023-12-12 18:26:01 | INFO | Epoch 91:
2023-12-12 18:26:17 | INFO | Epoch: 91/100, batch: 970/2767, normalized error: 0.228151, gamma A: 3.906e-03, gamma D: 6.250e-02
2023-12-12 18:26:33 | INFO | Epoch: 91/100, batch: 1970/2767, normalized error: 0.222098, gamma A: 3.906e-03, gamma D: 6.250e-02
2023-12-12 18:26:47 | INFO | Epoch 91 end. Total normalized error: 0.258896
2023-12-12 18:26:47 | INFO | Epoch 92:
2023-12-12 18:26:50 | INFO | Epoch: 92/100, batch: 203/2767, normalized error: 0.247095, gamma A: 3.906e-03, gamma D: 6.250e-02
2023-12-12 18:27:07 | INFO | Epoch: 92/100, batch: 1203/2767, normalized error: 0.242610, gamma A: 3.906e-03, gamma D: 6.250e-02
2023-12-12 18:27:23 | INFO | Epoch: 92/100, batch: 2203/2767, normalized error: 0.246574, gamma A: 3.906e-03, gamma D: 6.250e-02
2023-12-12 18:27:32 | INFO | Epoch 92 end. Total normalized error: 0.259188
2023-12-12 18:27:33 | INFO | Epoch 93:
2023-12-12 18:27:39 | INFO | Epoch: 93/100, batch: 436/2767, normalized error: 0.238797, gamma A: 3.906e-03, gamma D: 1.562e-02
2023-12-12 18:27:54 | INFO | Epoch: 93/100, batch: 1436/2767, normalized error: 0.242095, gamma A: 3.906e-03, gamma D: 6.250e-02
2023-12-12 18:28:08 | INFO | Epoch: 93/100, batch: 2436/2767, normalized error: 0.236854, gamma A: 3.906e-03, gamma D: 6.250e-02
2023-12-12 18:28:14 | INFO | Epoch 93 end. Total normalized error: 0.258195
2023-12-12 18:28:14 | INFO | Epoch 94:
2023-12-12 18:28:24 | INFO | Epoch: 94/100, batch: 669/2767, normalized error: 0.232467, gamma A: 3.906e-03, gamma D: 1.562e-02
2023-12-12 18:28:39 | INFO | Epoch: 94/100, batch: 1669/2767, normalized error: 0.250777, gamma A: 3.906e-03, gamma D: 6.250e-02
2023-12-12 18:28:55 | INFO | Epoch: 94/100, batch: 2669/2767, normalized error: 0.216915, gamma A: 3.906e-03, gamma D: 1.562e-02
2023-12-12 18:28:58 | INFO | Epoch 94 end. Total normalized error: 0.250566
2023-12-12 18:28:58 | INFO | Epoch 95:
2023-12-12 18:29:12 | INFO | Epoch: 95/100, batch: 902/2767, normalized error: 0.230276, gamma A: 3.906e-03, gamma D: 6.250e-02
2023-12-12 18:29:27 | INFO | Epoch: 95/100, batch: 1902/2767, normalized error: 0.258078, gamma A: 3.906e-03, gamma D: 6.250e-02
2023-12-12 18:29:41 | INFO | Epoch 95 end. Total normalized error: 0.277791
2023-12-12 18:29:41 | INFO | Epoch 96:
2023-12-12 18:29:43 | INFO | Epoch: 96/100, batch: 135/2767, normalized error: 0.222524, gamma A: 3.906e-03, gamma D: 6.250e-02
2023-12-12 18:29:58 | INFO | Epoch: 96/100, batch: 1135/2767, normalized error: 0.252710, gamma A: 3.906e-03, gamma D: 6.250e-02
2023-12-12 18:30:13 | INFO | Epoch: 96/100, batch: 2135/2767, normalized error: 0.232856, gamma A: 3.906e-03, gamma D: 6.250e-02
2023-12-12 18:30:24 | INFO | Epoch 96 end. Total normalized error: 0.252286
2023-12-12 18:30:24 | INFO | Epoch 97:
2023-12-12 18:30:30 | INFO | Epoch: 97/100, batch: 368/2767, normalized error: 0.248349, gamma A: 3.906e-03, gamma D: 6.250e-02
2023-12-12 18:30:45 | INFO | Epoch: 97/100, batch: 1368/2767, normalized error: 0.235801, gamma A: 3.906e-03, gamma D: 6.250e-02
2023-12-12 18:31:00 | INFO | Epoch: 97/100, batch: 2368/2767, normalized error: 0.215471, gamma A: 3.906e-03, gamma D: 1.562e-02
2023-12-12 18:31:07 | INFO | Epoch 97 end. Total normalized error: 0.249719
2023-12-12 18:31:08 | INFO | Epoch 98:
2023-12-12 18:31:17 | INFO | Epoch: 98/100, batch: 601/2767, normalized error: 0.222956, gamma A: 3.906e-03, gamma D: 1.562e-02
2023-12-12 18:31:31 | INFO | Epoch: 98/100, batch: 1601/2767, normalized error: 0.247862, gamma A: 3.906e-03, gamma D: 6.250e-02
2023-12-12 18:31:46 | INFO | Epoch: 98/100, batch: 2601/2767, normalized error: 0.244471, gamma A: 3.906e-03, gamma D: 6.250e-02
2023-12-12 18:31:49 | INFO | Epoch 98 end. Total normalized error: 0.253569
2023-12-12 18:31:49 | INFO | Epoch 99:
2023-12-12 18:32:02 | INFO | Epoch: 99/100, batch: 834/2767, normalized error: 0.242339, gamma A: 3.906e-03, gamma D: 6.250e-02
2023-12-12 18:32:16 | INFO | Epoch: 99/100, batch: 1834/2767, normalized error: 0.258506, gamma A: 3.906e-03, gamma D: 6.250e-02
2023-12-12 18:32:32 | INFO | Epoch 99 end. Total normalized error: 0.257045
2023-12-12 18:32:32 | INFO | Epoch 100:
2023-12-12 18:32:33 | INFO | Epoch: 100/100, batch: 67/2767, normalized error: 0.226643, gamma A: 3.906e-03, gamma D: 1.562e-02
2023-12-12 18:32:48 | INFO | Epoch: 100/100, batch: 1067/2767, normalized error: 0.242771, gamma A: 3.906e-03, gamma D: 6.250e-02
2023-12-12 18:33:04 | INFO | Epoch: 100/100, batch: 2067/2767, normalized error: 0.233753, gamma A: 3.906e-03, gamma D: 6.250e-02
2023-12-12 18:33:16 | INFO | Epoch 100 end. Total normalized error: 0.260691
2023-12-12 18:33:16 | INFO | Dictionary learning done.
