2024-01-13 09:39:07 | INFO | Logs are saved to outputs/McM03_noise/20240113-093907/train.log.
2024-01-13 09:39:07 | INFO | Configs:
{
    "data_path": "../../images/McM images/McM03_noise.mat",
    "clean_data_path": "../../images/McM images/McM03.tif",
    "atoms_path": "../../task_1_and_2/outputs/McM03/20240112-204917/atoms.npy",
    "output_directory": "outputs",
    "patch_size": [
        16,
        16
    ],
    "patch_gap": 14,
    "penalty_weight": 100.0,
    "penalty_adjust_step": 500,
    "max_iters": 2700,
    "log_steps": 500
}
2024-01-13 09:39:17 | INFO | iter: 500/2700, error: 25434.801688, gamma A: 3.906e-03
2024-01-13 09:39:27 | INFO | iter: 1000/2700, error: 23710.409945, gamma A: 3.906e-03
2024-01-13 09:39:37 | INFO | iter: 1500/2700, error: 21996.792777, gamma A: 3.906e-03
2024-01-13 09:39:46 | INFO | iter: 2000/2700, error: 20537.927229, gamma A: 3.906e-03
2024-01-13 09:39:56 | INFO | iter: 2500/2700, error: 19356.434625, gamma A: 3.906e-03
2024-01-13 09:39:59 | INFO | Dictionary learning done.
2024-01-13 09:40:00 | INFO | MSE: 
2024-01-13 09:40:00 | INFO | Red: 68.548391, Green: 69.886146, Blue: 90.840710
2024-01-13 09:40:00 | INFO | Average: 76.425082
2024-01-13 09:40:00 | INFO | PSNR: 
2024-01-13 09:40:00 | INFO | Red: 29.770831, Green: 29.686893, Blue: 28.547998
2024-01-13 09:40:00 | INFO | Average: 29.335241
