2024-01-17 03:37:38 | INFO | Logs are saved to outputs\McM13_noise\20240117-033738\train.log.
2024-01-17 03:37:38 | INFO | Configs:
{
    "data_path": "../images/McM images/McM13_noise.mat",
    "clean_data_path": "../images/McM images/McM13.tif",
    "output_directory": "outputs",
    "patch_size": [
        16,
        16
    ],
    "patch_gap": 1,
    "num_atoms": 256,
    "penalty_weight": 20.0,
    "penalty_adjust_step": 500,
    "max_iters": 1500,
    "log_steps": 500,
    "test_steps": 100
}
2024-01-17 04:15:58 | INFO | iter: 500/1500, error: 247471.941396, gamma A: 1.174e-01, gamma D: 1.471e-10
2024-01-17 04:54:41 | INFO | iter: 1000/1500, error: 235198.861593, gamma A: 1.171e-01, gamma D: 1.490e-10
2024-01-17 05:33:02 | INFO | Dictionary learning done.
2024-01-17 05:33:10 | INFO | BEST ITER: 500
2024-01-17 05:33:10 | INFO | BEST MSE: 
2024-01-17 05:33:10 | INFO | Red: 26.405823, Green: 24.554180, Blue: 31.807938
2024-01-17 05:33:10 | INFO | Average: 27.589313
2024-01-17 05:33:10 | INFO | BEST PSNR: 
2024-01-17 05:33:10 | INFO | Red: 33.913807, Green: 34.229549, Blue: 33.105448
2024-01-17 05:33:10 | INFO | Average: 33.749601
