2024-01-13 10:54:11 | INFO | Logs are saved to outputs/McM02_noise/20240113-105411/train.log.
2024-01-13 10:54:11 | INFO | Configs:
{
    "data_path": "../../images/McM images/McM02_noise.mat",
    "clean_data_path": "../../images/McM images/McM02.tif",
    "atoms_path": "../learn dictionary/outputs/20240113-103815/atoms.npy",
    "output_directory": "outputs",
    "patch_size": [
        16,
        16
    ],
    "patch_gap": 14,
    "penalty_weight": 100.0,
    "penalty_adjust_step": 500,
    "max_iters": 2500,
    "log_steps": 500
}
2024-01-13 10:54:22 | INFO | iter: 500/2500, error: 24334.791610, gamma A: 3.906e-03
2024-01-13 10:54:33 | INFO | iter: 1000/2500, error: 23526.323633, gamma A: 3.906e-03
2024-01-13 10:54:43 | INFO | iter: 1500/2500, error: 22109.621791, gamma A: 3.906e-03
2024-01-13 10:54:54 | INFO | iter: 2000/2500, error: 20541.671546, gamma A: 3.906e-03
2024-01-13 10:55:04 | INFO | Dictionary learning done.
2024-01-13 10:55:04 | INFO | MSE: 
2024-01-13 10:55:04 | INFO | Red: 74.719132, Green: 68.526810, Blue: 80.762465
2024-01-13 10:55:04 | INFO | Average: 74.669469
2024-01-13 10:55:04 | INFO | PSNR: 
2024-01-13 10:55:04 | INFO | Red: 29.396485, Green: 29.772198, Blue: 29.058708
2024-01-13 10:55:04 | INFO | Average: 29.409131
