2024-01-13 12:25:55 | INFO | Logs are saved to outputs/McM08_noise/20240113-122555/train.log.
2024-01-13 12:25:55 | INFO | Configs:
{
    "data_path": "../images/McM images/McM08_noise.mat",
    "clean_data_path": "../images/McM images/McM08.tif",
    "output_directory": "outputs",
    "patch_size": [
        16,
        16
    ],
    "patch_gap": 14,
    "num_atoms": 169,
    "penalty_weight": 50.0,
    "penalty_adjust_step": 500,
    "max_iters": 2000,
    "log_steps": 500
}
2024-01-13 12:26:07 | INFO | iter: 500/2000, error: 19870.606637, gamma A: 1.211e-01, gamma D: 1.394e-08
2024-01-13 12:26:18 | INFO | iter: 1000/2000, error: 18726.418888, gamma A: 1.025e-01, gamma D: 1.791e-08
2024-01-13 12:26:29 | INFO | iter: 1500/2000, error: 17803.376478, gamma A: 1.042e-01, gamma D: 1.985e-08
2024-01-13 12:26:41 | INFO | Dictionary learning done.
2024-01-13 12:26:52 | INFO | MSE: 
2024-01-13 12:26:52 | INFO | Red: 109.303947, Green: 103.022662, Blue: 105.407613
2024-01-13 12:26:52 | INFO | Average: 105.911407
2024-01-13 12:26:52 | INFO | PSNR: 
2024-01-13 12:26:52 | INFO | Red: 27.744445, Green: 28.001476, Blue: 27.902084
2024-01-13 12:26:52 | INFO | Average: 27.882668
