2024-01-21 11:31:54 | INFO | Logs are saved to outputs\McM01_noise\20240121-113154\train.log.
2024-01-21 11:31:54 | INFO | Configs:
{
    "data_path": "../../images/McM images/McM01_noise.mat",
    "clean_data_path": "../../images/McM images/McM01.tif",
    "atoms_path": "../../task_1_and_2/outputs/McM01/20240121-033237/atoms.npy",
    "output_directory": "outputs",
    "patch_size": [
        8,
        8
    ],
    "patch_gap": 2,
    "penalty_weight": 70,
    "penalty_adjust_step": 500,
    "max_iters": 2000,
    "log_steps": 500
}
2024-01-21 11:34:41 | INFO | iter: 500/2000, error: 83366.134952, gamma A: 7.812e-03
2024-01-21 11:37:28 | INFO | iter: 1000/2000, error: 76712.136982, gamma A: 7.812e-03
2024-01-21 11:40:13 | INFO | iter: 1500/2000, error: 69933.356278, gamma A: 7.812e-03
2024-01-21 11:42:58 | INFO | Dictionary learning done.
2024-01-21 11:42:59 | INFO | MSE: 
2024-01-21 11:42:59 | INFO | Red: 83.158218, Green: 94.609745, Blue: 98.344577
2024-01-21 11:42:59 | INFO | Average: 92.037513
2024-01-21 11:42:59 | INFO | PSNR: 
2024-01-21 11:42:59 | INFO | Red: 28.931752, Green: 28.371445, Blue: 28.203299
2024-01-21 11:42:59 | INFO | Average: 28.502165
