2024-01-13 09:43:22 | INFO | Logs are saved to outputs/McM04_noise/20240113-094322/train.log.
2024-01-13 09:43:22 | INFO | Configs:
{
    "data_path": "../../images/McM images/McM04_noise.mat",
    "clean_data_path": "../../images/McM images/McM04.tif",
    "atoms_path": "../../task_1_and_2/outputs/McM04/20240112-210802/atoms.npy",
    "output_directory": "outputs",
    "patch_size": [
        16,
        16
    ],
    "patch_gap": 14,
    "penalty_weight": 100.0,
    "penalty_adjust_step": 500,
    "max_iters": 2400,
    "log_steps": 500
}
2024-01-13 09:43:33 | INFO | iter: 500/2400, error: 23974.136844, gamma A: 3.906e-03
2024-01-13 09:43:43 | INFO | iter: 1000/2400, error: 22602.758383, gamma A: 3.906e-03
2024-01-13 09:43:53 | INFO | iter: 1500/2400, error: 21271.064209, gamma A: 3.906e-03
2024-01-13 09:44:05 | INFO | iter: 2000/2400, error: 20012.146128, gamma A: 3.906e-03
2024-01-13 09:44:14 | INFO | Dictionary learning done.
2024-01-13 09:44:14 | INFO | MSE: 
2024-01-13 09:44:14 | INFO | Red: 52.495381, Green: 42.470201, Blue: 68.692467
2024-01-13 09:44:14 | INFO | Average: 54.552683
2024-01-13 09:44:14 | INFO | PSNR: 
2024-01-13 09:44:14 | INFO | Red: 30.929593, Green: 31.849960, Blue: 29.761712
2024-01-13 09:44:14 | INFO | Average: 30.847089
