2024-01-13 12:17:03 | INFO | Logs are saved to outputs/McM03_noise/20240113-121703/train.log.
2024-01-13 12:17:03 | INFO | Configs:
{
    "data_path": "../images/McM images/McM03_noise.mat",
    "clean_data_path": "../images/McM images/McM03.tif",
    "output_directory": "outputs",
    "patch_size": [
        16,
        16
    ],
    "patch_gap": 14,
    "num_atoms": 169,
    "penalty_weight": 50.0,
    "penalty_adjust_step": 500,
    "max_iters": 2000,
    "log_steps": 500
}
2024-01-13 12:17:14 | INFO | iter: 500/2000, error: 22066.806909, gamma A: 1.101e-01, gamma D: 1.224e-08
2024-01-13 12:17:24 | INFO | iter: 1000/2000, error: 20326.793675, gamma A: 9.277e-02, gamma D: 1.855e-08
2024-01-13 12:17:35 | INFO | iter: 1500/2000, error: 19109.117648, gamma A: 9.677e-02, gamma D: 2.001e-08
2024-01-13 12:17:45 | INFO | Dictionary learning done.
2024-01-13 12:17:56 | INFO | MSE: 
2024-01-13 12:17:56 | INFO | Red: 138.319745, Green: 139.136885, Blue: 165.843692
2024-01-13 12:17:56 | INFO | Average: 147.766774
2024-01-13 12:17:56 | INFO | PSNR: 
2024-01-13 12:17:56 | INFO | Red: 26.721962, Green: 26.696381, Blue: 25.933814
2024-01-13 12:17:56 | INFO | Average: 26.450719
