2024-01-21 15:31:52 | INFO | Logs are saved to outputs\McM03_noise\20240121-153152\train.log.
2024-01-21 15:31:52 | INFO | Configs:
{
    "data_path": "../../images/McM images/McM03_noise.mat",
    "clean_data_path": "../../images/McM images/McM03.tif",
    "atoms_path": "../../task_1_and_2/outputs/McM03/20240121-134551/atoms.npy",
    "output_directory": "outputs",
    "patch_size": [
        8,
        8
    ],
    "patch_gap": 2,
    "penalty_weight": 70,
    "penalty_adjust_step": 500,
    "max_iters": 2000,
    "log_steps": 500
}
2024-01-21 15:35:06 | INFO | iter: 500/2000, error: 80210.807190, gamma A: 7.812e-03
2024-01-21 15:38:05 | INFO | iter: 1000/2000, error: 74082.338421, gamma A: 7.812e-03
2024-01-21 15:41:04 | INFO | iter: 1500/2000, error: 67995.579112, gamma A: 7.812e-03
2024-01-21 15:44:06 | INFO | Dictionary learning done.
2024-01-21 15:44:07 | INFO | MSE: 
2024-01-21 15:44:07 | INFO | Red: 64.814618, Green: 66.205922, Blue: 82.612096
2024-01-21 15:44:07 | INFO | Average: 71.210879
2024-01-21 15:44:07 | INFO | PSNR: 
2024-01-21 15:44:07 | INFO | Red: 30.014074, Green: 29.921835, Blue: 28.960367
2024-01-21 15:44:07 | INFO | Average: 29.632092
