2023-12-12 19:03:31 | INFO | Logs are saved to outputs/McM13_noise/20231212-190331/train.log.
2023-12-12 19:03:31 | INFO | Configs:
{
    "data_path": "../../images/noise/McM13_noise.tif",
    "clean_data_path": "../../images/origin/McM13.tif",
    "atoms_path": "../learn dictionary/outputs/20231212-171659/atoms.npy",
    "output_directory": "outputs",
    "original_img_shape": [
        500,
        500
    ],
    "img_shape": [
        500,
        500
    ],
    "patch_size": [
        8,
        8
    ],
    "patch_gap": 4,
    "num_atoms": 512,
    "penalty_type": "huber",
    "huber_M": 0.5,
    "penalty_weight": 10.0,
    "max_iters": 50,
    "log_steps": 1,
    "step_size_type": "bls",
    "adjust_gamma_factor": 0.95,
    "adjust_gamma_steps": 1000,
    "gamma_A": 0.0001,
    "alpha": 0.3,
    "beta_A": 0.25
}
2023-12-12 19:03:34 | INFO | iter: 1/50, normalized error: 1.251574, gamma A: 3.906e-03
2023-12-12 19:03:35 | INFO | iter: 2/50, normalized error: 0.951873, gamma A: 1.562e-02
2023-12-12 19:03:37 | INFO | iter: 3/50, normalized error: 1.395130, gamma A: 1.562e-02
2023-12-12 19:03:39 | INFO | iter: 4/50, normalized error: 0.690094, gamma A: 3.906e-03
2023-12-12 19:03:40 | INFO | iter: 5/50, normalized error: 0.750431, gamma A: 1.562e-02
2023-12-12 19:03:42 | INFO | iter: 6/50, normalized error: 0.614212, gamma A: 3.906e-03
2023-12-12 19:03:43 | INFO | iter: 7/50, normalized error: 1.072676, gamma A: 6.250e-02
2023-12-12 19:03:45 | INFO | iter: 8/50, normalized error: 0.632646, gamma A: 3.906e-03
2023-12-12 19:03:47 | INFO | iter: 9/50, normalized error: 0.674938, gamma A: 1.562e-02
2023-12-12 19:03:48 | INFO | iter: 10/50, normalized error: 0.581860, gamma A: 3.906e-03
2023-12-12 19:03:50 | INFO | iter: 11/50, normalized error: 0.589247, gamma A: 1.562e-02
2023-12-12 19:03:51 | INFO | iter: 12/50, normalized error: 0.675811, gamma A: 1.562e-02
2023-12-12 19:03:53 | INFO | iter: 13/50, normalized error: 0.570238, gamma A: 3.906e-03
2023-12-12 19:03:55 | INFO | iter: 14/50, normalized error: 0.590163, gamma A: 1.562e-02
2023-12-12 19:03:56 | INFO | iter: 15/50, normalized error: 0.567284, gamma A: 3.906e-03
2023-12-12 19:03:58 | INFO | iter: 16/50, normalized error: 0.571354, gamma A: 1.562e-02
2023-12-12 19:03:59 | INFO | iter: 17/50, normalized error: 0.593314, gamma A: 1.562e-02
2023-12-12 19:04:01 | INFO | iter: 18/50, normalized error: 0.567844, gamma A: 3.906e-03
2023-12-12 19:04:02 | INFO | iter: 19/50, normalized error: 0.569758, gamma A: 1.562e-02
2023-12-12 19:04:04 | INFO | iter: 20/50, normalized error: 0.566744, gamma A: 3.906e-03
2023-12-12 19:04:05 | INFO | iter: 21/50, normalized error: 0.566528, gamma A: 1.562e-02
2023-12-12 19:04:07 | INFO | iter: 22/50, normalized error: 0.566561, gamma A: 3.906e-03
2023-12-12 19:04:08 | INFO | iter: 23/50, normalized error: 0.569704, gamma A: 6.250e-02
2023-12-12 19:04:10 | INFO | iter: 24/50, normalized error: 0.567070, gamma A: 3.906e-03
2023-12-12 19:04:12 | INFO | iter: 25/50, normalized error: 0.566555, gamma A: 3.906e-03
2023-12-12 19:04:13 | INFO | iter: 26/50, normalized error: 0.566735, gamma A: 1.562e-02
2023-12-12 19:04:14 | INFO | iter: 27/50, normalized error: 0.566528, gamma A: 3.906e-03
2023-12-12 19:04:16 | INFO | iter: 28/50, normalized error: 0.566555, gamma A: 1.562e-02
2023-12-12 19:04:17 | INFO | iter: 29/50, normalized error: 0.566387, gamma A: 1.562e-02
2023-12-12 19:04:19 | INFO | iter: 30/50, normalized error: 0.566529, gamma A: 3.906e-03
2023-12-12 19:04:20 | INFO | iter: 31/50, normalized error: 0.566421, gamma A: 1.562e-02
2023-12-12 19:04:22 | INFO | iter: 32/50, normalized error: 0.566500, gamma A: 3.906e-03
2023-12-12 19:04:23 | INFO | iter: 33/50, normalized error: 0.566466, gamma A: 1.562e-02
2023-12-12 19:04:24 | INFO | iter: 34/50, normalized error: 0.566498, gamma A: 3.906e-03
2023-12-12 19:04:26 | INFO | iter: 35/50, normalized error: 0.566476, gamma A: 1.562e-02
2023-12-12 19:04:27 | INFO | iter: 36/50, normalized error: 0.566544, gamma A: 1.562e-02
2023-12-12 19:04:29 | INFO | iter: 37/50, normalized error: 0.566486, gamma A: 3.906e-03
2023-12-12 19:04:30 | INFO | iter: 38/50, normalized error: 0.566511, gamma A: 1.562e-02
2023-12-12 19:04:32 | INFO | iter: 39/50, normalized error: 0.566488, gamma A: 3.906e-03
2023-12-12 19:04:33 | INFO | iter: 40/50, normalized error: 0.566500, gamma A: 1.562e-02
2023-12-12 19:04:34 | INFO | iter: 41/50, normalized error: 0.566490, gamma A: 3.906e-03
2023-12-12 19:04:36 | INFO | iter: 42/50, normalized error: 0.566494, gamma A: 1.562e-02
2023-12-12 19:04:37 | INFO | iter: 43/50, normalized error: 0.566490, gamma A: 3.906e-03
2023-12-12 19:04:39 | INFO | iter: 44/50, normalized error: 0.566492, gamma A: 1.562e-02
2023-12-12 19:04:40 | INFO | iter: 45/50, normalized error: 0.566485, gamma A: 1.562e-02
2023-12-12 19:04:41 | INFO | iter: 46/50, normalized error: 0.566491, gamma A: 3.906e-03
2023-12-12 19:04:43 | INFO | iter: 47/50, normalized error: 0.566488, gamma A: 1.562e-02
2023-12-12 19:04:44 | INFO | iter: 48/50, normalized error: 0.566491, gamma A: 3.906e-03
2023-12-12 19:04:46 | INFO | iter: 49/50, normalized error: 0.566489, gamma A: 1.562e-02
2023-12-12 19:04:46 | INFO | Dictionary learning done.
2023-12-12 19:04:46 | INFO | MSE: 88.768216, PSNR: 28.648229
