2024-01-13 12:36:23 | INFO | Logs are saved to outputs/McM16_noise/20240113-123623/train.log.
2024-01-13 12:36:23 | INFO | Configs:
{
    "data_path": "../images/McM images/McM16_noise.mat",
    "clean_data_path": "../images/McM images/McM16.tif",
    "output_directory": "outputs",
    "patch_size": [
        16,
        16
    ],
    "patch_gap": 14,
    "num_atoms": 169,
    "penalty_weight": 50.0,
    "penalty_adjust_step": 500,
    "max_iters": 2000,
    "log_steps": 500
}
2024-01-13 12:36:34 | INFO | iter: 500/2000, error: 21404.365612, gamma A: 1.114e-01, gamma D: 1.330e-08
2024-01-13 12:36:44 | INFO | iter: 1000/2000, error: 19679.356179, gamma A: 8.976e-02, gamma D: 2.063e-08
2024-01-13 12:36:54 | INFO | iter: 1500/2000, error: 18513.185038, gamma A: 9.392e-02, gamma D: 2.287e-08
2024-01-13 12:37:04 | INFO | Dictionary learning done.
2024-01-13 12:37:16 | INFO | MSE: 
2024-01-13 12:37:16 | INFO | Red: 134.541256, Green: 161.468923, Blue: 119.556410
2024-01-13 12:37:16 | INFO | Average: 138.522197
2024-01-13 12:37:16 | INFO | PSNR: 
2024-01-13 12:37:16 | INFO | Red: 26.842249, Green: 26.049914, Blue: 27.355075
2024-01-13 12:37:16 | INFO | Average: 26.749079
