2024-01-13 12:05:04 | INFO | Logs are saved to outputs/McM01_noise/20240113-120504/train.log.
2024-01-13 12:05:04 | INFO | Configs:
{
    "data_path": "../images/McM images/McM01_noise.mat",
    "clean_data_path": "../images/McM images/McM01.tif",
    "output_directory": "outputs",
    "patch_size": [
        16,
        16
    ],
    "patch_gap": 14,
    "num_atoms": 169,
    "penalty_weight": 50.0,
    "penalty_adjust_step": 500,
    "max_iters": 2000,
    "log_steps": 500
}
2024-01-13 12:05:15 | INFO | iter: 500/2000, error: 22869.237424, gamma A: 1.229e-01, gamma D: 7.549e-09
2024-01-13 12:05:25 | INFO | iter: 1000/2000, error: 21063.268208, gamma A: 1.047e-01, gamma D: 1.010e-08
2024-01-13 12:05:36 | INFO | iter: 1500/2000, error: 19816.256835, gamma A: 1.052e-01, gamma D: 1.150e-08
2024-01-13 12:05:47 | INFO | Dictionary learning done.
2024-01-13 12:05:58 | INFO | MSE: 
2024-01-13 12:05:58 | INFO | Red: 161.598832, Green: 173.452728, Blue: 189.766779
2024-01-13 12:05:58 | INFO | Average: 174.939446
2024-01-13 12:05:58 | INFO | PSNR: 
2024-01-13 12:05:58 | INFO | Red: 26.046421, Green: 25.738992, Blue: 25.348602
2024-01-13 12:05:58 | INFO | Average: 25.711338
