2024-01-13 11:20:47 | INFO | Logs are saved to outputs/McM08_noise/20240113-112047/train.log.
2024-01-13 11:20:47 | INFO | Configs:
{
    "data_path": "../../images/McM images/McM08_noise.mat",
    "clean_data_path": "../../images/McM images/McM08.tif",
    "atoms_path": "../learn dictionary/outputs/20240113-103815/atoms.npy",
    "output_directory": "outputs",
    "patch_size": [
        16,
        16
    ],
    "patch_gap": 14,
    "penalty_weight": 100.0,
    "penalty_adjust_step": 500,
    "max_iters": 2300,
    "log_steps": 500
}
2024-01-13 11:20:57 | INFO | iter: 500/2300, error: 23288.820089, gamma A: 3.906e-03
2024-01-13 11:21:07 | INFO | iter: 1000/2300, error: 22606.930604, gamma A: 3.906e-03
2024-01-13 11:21:17 | INFO | iter: 1500/2300, error: 21449.760939, gamma A: 3.906e-03
2024-01-13 11:21:26 | INFO | iter: 2000/2300, error: 20128.695633, gamma A: 3.906e-03
2024-01-13 11:21:32 | INFO | Dictionary learning done.
2024-01-13 11:21:32 | INFO | MSE: 
2024-01-13 11:21:32 | INFO | Red: 58.909870, Green: 51.571790, Blue: 55.157933
2024-01-13 11:21:32 | INFO | Average: 55.213198
2024-01-13 11:21:32 | INFO | PSNR: 
2024-01-13 11:21:32 | INFO | Red: 30.428923, Green: 31.006682, Blue: 30.714724
2024-01-13 11:21:32 | INFO | Average: 30.716776
