2024-01-17 18:47:31 | INFO | Logs are saved to outputs\McM18_noise\20240117-184731\train.log.
2024-01-17 18:47:31 | INFO | Configs:
{
    "data_path": "../../images/McM images/McM18_noise.mat",
    "clean_data_path": "../../images/McM images/McM18.tif",
    "atoms_path": "../../task_1_and_2/outputs/McM18/20240117-073024/atoms.npy",
    "output_directory": "outputs",
    "patch_size": [
        8,
        8
    ],
    "patch_gap": 4,
    "penalty_weight": 100,
    "penalty_adjust_step": 500,
    "max_iters": 2000,
    "log_steps": 500
}
2024-01-17 18:48:27 | INFO | iter: 500/2000, error: 40200.864660, gamma A: 5.208e-03
2024-01-17 18:49:23 | INFO | iter: 1000/2000, error: 38254.465177, gamma A: 5.208e-03
2024-01-17 18:50:20 | INFO | iter: 1500/2000, error: 35715.061806, gamma A: 5.208e-03
2024-01-17 18:51:18 | INFO | Dictionary learning done.
2024-01-17 18:51:19 | INFO | MSE: 
2024-01-17 18:51:19 | INFO | Red: 72.327170, Green: 75.684152, Blue: 39.800169
2024-01-17 18:51:19 | INFO | Average: 62.603830
2024-01-17 18:51:19 | INFO | PSNR: 
2024-01-17 18:51:19 | INFO | Red: 29.537789, Green: 29.340754, Blue: 32.131954
2024-01-17 18:51:19 | INFO | Average: 30.336832
