2023-12-12 19:01:52 | INFO | Logs are saved to outputs/McM12_noise/20231212-190152/train.log.
2023-12-12 19:01:52 | INFO | Configs:
{
    "data_path": "../../images/noise/McM12_noise.tif",
    "clean_data_path": "../../images/origin/McM12.tif",
    "atoms_path": "../learn dictionary/outputs/20231212-171659/atoms.npy",
    "output_directory": "outputs",
    "original_img_shape": [
        500,
        500
    ],
    "img_shape": [
        500,
        500
    ],
    "patch_size": [
        8,
        8
    ],
    "patch_gap": 4,
    "num_atoms": 512,
    "penalty_type": "huber",
    "huber_M": 0.5,
    "penalty_weight": 10.0,
    "max_iters": 50,
    "log_steps": 1,
    "step_size_type": "bls",
    "adjust_gamma_factor": 0.95,
    "adjust_gamma_steps": 1000,
    "gamma_A": 0.0001,
    "alpha": 0.3,
    "beta_A": 0.25
}
2023-12-12 19:01:54 | INFO | iter: 1/50, normalized error: 1.236362, gamma A: 3.906e-03
2023-12-12 19:01:56 | INFO | iter: 2/50, normalized error: 0.932433, gamma A: 1.562e-02
2023-12-12 19:01:58 | INFO | iter: 3/50, normalized error: 1.401785, gamma A: 1.562e-02
2023-12-12 19:01:59 | INFO | iter: 4/50, normalized error: 0.657645, gamma A: 3.906e-03
2023-12-12 19:02:01 | INFO | iter: 5/50, normalized error: 0.722148, gamma A: 1.562e-02
2023-12-12 19:02:03 | INFO | iter: 6/50, normalized error: 0.574624, gamma A: 3.906e-03
2023-12-12 19:02:04 | INFO | iter: 7/50, normalized error: 1.067549, gamma A: 6.250e-02
2023-12-12 19:02:06 | INFO | iter: 8/50, normalized error: 0.597505, gamma A: 3.906e-03
2023-12-12 19:02:07 | INFO | iter: 9/50, normalized error: 0.640638, gamma A: 1.562e-02
2023-12-12 19:02:09 | INFO | iter: 10/50, normalized error: 0.540600, gamma A: 3.906e-03
2023-12-12 19:02:11 | INFO | iter: 11/50, normalized error: 0.550046, gamma A: 1.562e-02
2023-12-12 19:02:12 | INFO | iter: 12/50, normalized error: 0.643775, gamma A: 1.562e-02
2023-12-12 19:02:14 | INFO | iter: 13/50, normalized error: 0.527923, gamma A: 3.906e-03
2023-12-12 19:02:15 | INFO | iter: 14/50, normalized error: 0.552628, gamma A: 1.562e-02
2023-12-12 19:02:17 | INFO | iter: 15/50, normalized error: 0.525769, gamma A: 3.906e-03
2023-12-12 19:02:19 | INFO | iter: 16/50, normalized error: 0.530194, gamma A: 1.562e-02
2023-12-12 19:02:20 | INFO | iter: 17/50, normalized error: 0.554359, gamma A: 1.562e-02
2023-12-12 19:02:22 | INFO | iter: 18/50, normalized error: 0.526782, gamma A: 3.906e-03
2023-12-12 19:02:24 | INFO | iter: 19/50, normalized error: 0.527508, gamma A: 1.562e-02
2023-12-12 19:02:26 | INFO | iter: 20/50, normalized error: 0.525274, gamma A: 3.906e-03
2023-12-12 19:02:27 | INFO | iter: 21/50, normalized error: 0.524810, gamma A: 1.562e-02
2023-12-12 19:02:29 | INFO | iter: 22/50, normalized error: 0.525137, gamma A: 3.906e-03
2023-12-12 19:02:30 | INFO | iter: 23/50, normalized error: 0.527593, gamma A: 6.250e-02
2023-12-12 19:02:32 | INFO | iter: 24/50, normalized error: 0.525636, gamma A: 3.906e-03
2023-12-12 19:02:34 | INFO | iter: 25/50, normalized error: 0.525032, gamma A: 3.906e-03
2023-12-12 19:02:35 | INFO | iter: 26/50, normalized error: 0.525334, gamma A: 1.562e-02
2023-12-12 19:02:37 | INFO | iter: 27/50, normalized error: 0.525050, gamma A: 3.906e-03
2023-12-12 19:02:38 | INFO | iter: 28/50, normalized error: 0.525066, gamma A: 1.562e-02
2023-12-12 19:02:40 | INFO | iter: 29/50, normalized error: 0.524851, gamma A: 1.562e-02
2023-12-12 19:02:41 | INFO | iter: 30/50, normalized error: 0.525054, gamma A: 3.906e-03
2023-12-12 19:02:42 | INFO | iter: 31/50, normalized error: 0.524888, gamma A: 1.562e-02
2023-12-12 19:02:44 | INFO | iter: 32/50, normalized error: 0.525006, gamma A: 3.906e-03
2023-12-12 19:02:45 | INFO | iter: 33/50, normalized error: 0.524965, gamma A: 1.562e-02
2023-12-12 19:02:47 | INFO | iter: 34/50, normalized error: 0.525008, gamma A: 3.906e-03
2023-12-12 19:02:48 | INFO | iter: 35/50, normalized error: 0.524974, gamma A: 1.562e-02
2023-12-12 19:02:50 | INFO | iter: 36/50, normalized error: 0.525072, gamma A: 1.562e-02
2023-12-12 19:02:51 | INFO | iter: 37/50, normalized error: 0.524991, gamma A: 3.906e-03
2023-12-12 19:02:53 | INFO | iter: 38/50, normalized error: 0.525023, gamma A: 1.562e-02
2023-12-12 19:02:54 | INFO | iter: 39/50, normalized error: 0.524992, gamma A: 3.906e-03
2023-12-12 19:02:56 | INFO | iter: 40/50, normalized error: 0.525010, gamma A: 1.562e-02
2023-12-12 19:02:57 | INFO | iter: 41/50, normalized error: 0.524995, gamma A: 3.906e-03
2023-12-12 19:02:58 | INFO | iter: 42/50, normalized error: 0.525001, gamma A: 1.562e-02
2023-12-12 19:03:00 | INFO | iter: 43/50, normalized error: 0.524995, gamma A: 3.906e-03
2023-12-12 19:03:01 | INFO | iter: 44/50, normalized error: 0.524999, gamma A: 1.562e-02
2023-12-12 19:03:03 | INFO | iter: 45/50, normalized error: 0.524988, gamma A: 1.562e-02
2023-12-12 19:03:04 | INFO | iter: 46/50, normalized error: 0.524997, gamma A: 3.906e-03
2023-12-12 19:03:06 | INFO | iter: 47/50, normalized error: 0.524993, gamma A: 1.562e-02
2023-12-12 19:03:07 | INFO | iter: 48/50, normalized error: 0.524997, gamma A: 3.906e-03
2023-12-12 19:03:09 | INFO | iter: 49/50, normalized error: 0.524994, gamma A: 1.562e-02
2023-12-12 19:03:09 | INFO | Dictionary learning done.
2023-12-12 19:03:09 | INFO | MSE: 153.079908, PSNR: 26.281622
