2024-01-13 12:32:47 | INFO | Logs are saved to outputs/McM13_noise/20240113-123247/train.log.
2024-01-13 12:32:47 | INFO | Configs:
{
    "data_path": "../images/McM images/McM13_noise.mat",
    "clean_data_path": "../images/McM images/McM13.tif",
    "output_directory": "outputs",
    "patch_size": [
        16,
        16
    ],
    "patch_gap": 14,
    "num_atoms": 169,
    "penalty_weight": 50.0,
    "penalty_adjust_step": 500,
    "max_iters": 2000,
    "log_steps": 500
}
2024-01-13 12:32:58 | INFO | iter: 500/2000, error: 18946.681210, gamma A: 1.121e-01, gamma D: 4.875e-08
2024-01-13 12:33:09 | INFO | iter: 1000/2000, error: 18170.437132, gamma A: 1.064e-01, gamma D: 5.857e-08
2024-01-13 12:33:20 | INFO | iter: 1500/2000, error: 17210.016105, gamma A: 1.162e-01, gamma D: 5.905e-08
2024-01-13 12:33:32 | INFO | Dictionary learning done.
2024-01-13 12:33:43 | INFO | MSE: 
2024-01-13 12:33:43 | INFO | Red: 101.962833, Green: 98.919823, Blue: 104.891820
2024-01-13 12:33:43 | INFO | Average: 101.924826
2024-01-13 12:33:43 | INFO | PSNR: 
2024-01-13 12:33:43 | INFO | Red: 28.046385, Green: 28.177970, Blue: 27.923387
2024-01-13 12:33:43 | INFO | Average: 28.049247
