2023-12-12 18:44:33 | INFO | Logs are saved to outputs/McM03_noise/20231212-184433/train.log.
2023-12-12 18:44:33 | INFO | Configs:
{
    "data_path": "../../images/noise/McM03_noise.tif",
    "clean_data_path": "../../images/origin/McM03.tif",
    "atoms_path": "../learn dictionary/outputs/20231212-171659/atoms.npy",
    "output_directory": "outputs",
    "original_img_shape": [
        500,
        500
    ],
    "img_shape": [
        500,
        500
    ],
    "patch_size": [
        8,
        8
    ],
    "patch_gap": 4,
    "num_atoms": 512,
    "penalty_type": "huber",
    "huber_M": 0.5,
    "penalty_weight": 10.0,
    "max_iters": 50,
    "log_steps": 1,
    "step_size_type": "bls",
    "adjust_gamma_factor": 0.95,
    "adjust_gamma_steps": 1000,
    "gamma_A": 0.0001,
    "alpha": 0.3,
    "beta_A": 0.25
}
2023-12-12 18:44:35 | INFO | iter: 1/50, normalized error: 1.309160, gamma A: 3.906e-03
2023-12-12 18:44:37 | INFO | iter: 2/50, normalized error: 0.991790, gamma A: 1.562e-02
2023-12-12 18:44:38 | INFO | iter: 3/50, normalized error: 1.378315, gamma A: 1.562e-02
2023-12-12 18:44:40 | INFO | iter: 4/50, normalized error: 0.747337, gamma A: 3.906e-03
2023-12-12 18:44:41 | INFO | iter: 5/50, normalized error: 0.793443, gamma A: 1.562e-02
2023-12-12 18:44:43 | INFO | iter: 6/50, normalized error: 0.674035, gamma A: 3.906e-03
2023-12-12 18:44:44 | INFO | iter: 7/50, normalized error: 1.096522, gamma A: 6.250e-02
2023-12-12 18:44:46 | INFO | iter: 8/50, normalized error: 0.694221, gamma A: 3.906e-03
2023-12-12 18:44:47 | INFO | iter: 9/50, normalized error: 0.727604, gamma A: 1.562e-02
2023-12-12 18:44:49 | INFO | iter: 10/50, normalized error: 0.644621, gamma A: 3.906e-03
2023-12-12 18:44:50 | INFO | iter: 11/50, normalized error: 0.656817, gamma A: 1.562e-02
2023-12-12 18:44:52 | INFO | iter: 12/50, normalized error: 0.719181, gamma A: 1.562e-02
2023-12-12 18:44:54 | INFO | iter: 13/50, normalized error: 0.637806, gamma A: 3.906e-03
2023-12-12 18:44:55 | INFO | iter: 14/50, normalized error: 0.653661, gamma A: 1.562e-02
2023-12-12 18:44:57 | INFO | iter: 15/50, normalized error: 0.637290, gamma A: 3.906e-03
2023-12-12 18:44:58 | INFO | iter: 16/50, normalized error: 0.638731, gamma A: 1.562e-02
2023-12-12 18:44:59 | INFO | iter: 17/50, normalized error: 0.659389, gamma A: 1.562e-02
2023-12-12 18:45:01 | INFO | iter: 18/50, normalized error: 0.637651, gamma A: 3.906e-03
2023-12-12 18:45:02 | INFO | iter: 19/50, normalized error: 0.639824, gamma A: 1.562e-02
2023-12-12 18:45:04 | INFO | iter: 20/50, normalized error: 0.636766, gamma A: 3.906e-03
2023-12-12 18:45:05 | INFO | iter: 21/50, normalized error: 0.637596, gamma A: 1.562e-02
2023-12-12 18:45:07 | INFO | iter: 22/50, normalized error: 0.637097, gamma A: 3.906e-03
2023-12-12 18:45:08 | INFO | iter: 23/50, normalized error: 0.640141, gamma A: 6.250e-02
2023-12-12 18:45:10 | INFO | iter: 24/50, normalized error: 0.637441, gamma A: 3.906e-03
2023-12-12 18:45:11 | INFO | iter: 25/50, normalized error: 0.637282, gamma A: 3.906e-03
2023-12-12 18:45:13 | INFO | iter: 26/50, normalized error: 0.637579, gamma A: 1.562e-02
2023-12-12 18:45:14 | INFO | iter: 27/50, normalized error: 0.637156, gamma A: 1.562e-02
2023-12-12 18:45:16 | INFO | iter: 28/50, normalized error: 0.637235, gamma A: 3.906e-03
2023-12-12 18:45:17 | INFO | iter: 29/50, normalized error: 0.637347, gamma A: 1.562e-02
2023-12-12 18:45:19 | INFO | iter: 30/50, normalized error: 0.637329, gamma A: 3.906e-03
2023-12-12 18:45:20 | INFO | iter: 31/50, normalized error: 0.637210, gamma A: 1.562e-02
2023-12-12 18:45:21 | INFO | iter: 32/50, normalized error: 0.637253, gamma A: 3.906e-03
2023-12-12 18:45:23 | INFO | iter: 33/50, normalized error: 0.637284, gamma A: 1.562e-02
2023-12-12 18:45:24 | INFO | iter: 34/50, normalized error: 0.637281, gamma A: 3.906e-03
2023-12-12 18:45:26 | INFO | iter: 35/50, normalized error: 0.637252, gamma A: 1.562e-02
2023-12-12 18:45:27 | INFO | iter: 36/50, normalized error: 0.637297, gamma A: 1.562e-02
2023-12-12 18:45:28 | INFO | iter: 37/50, normalized error: 0.637271, gamma A: 3.906e-03
2023-12-12 18:45:30 | INFO | iter: 38/50, normalized error: 0.637267, gamma A: 1.562e-02
2023-12-12 18:45:31 | INFO | iter: 39/50, normalized error: 0.637263, gamma A: 3.906e-03
2023-12-12 18:45:33 | INFO | iter: 40/50, normalized error: 0.637273, gamma A: 1.562e-02
2023-12-12 18:45:34 | INFO | iter: 41/50, normalized error: 0.637268, gamma A: 3.906e-03
2023-12-12 18:45:35 | INFO | iter: 42/50, normalized error: 0.637266, gamma A: 1.562e-02
2023-12-12 18:45:37 | INFO | iter: 43/50, normalized error: 0.637264, gamma A: 1.562e-02
2023-12-12 18:45:38 | INFO | iter: 44/50, normalized error: 0.637268, gamma A: 3.906e-03
2023-12-12 18:45:40 | INFO | iter: 45/50, normalized error: 0.637264, gamma A: 1.562e-02
2023-12-12 18:45:41 | INFO | iter: 46/50, normalized error: 0.637266, gamma A: 3.906e-03
2023-12-12 18:45:43 | INFO | iter: 47/50, normalized error: 0.637266, gamma A: 1.562e-02
2023-12-12 18:45:44 | INFO | iter: 48/50, normalized error: 0.637267, gamma A: 3.906e-03
2023-12-12 18:45:46 | INFO | iter: 49/50, normalized error: 0.637266, gamma A: 1.562e-02
2023-12-12 18:45:46 | INFO | Dictionary learning done.
2023-12-12 18:45:46 | INFO | MSE: 315.906917, PSNR: 23.135212
