2024-01-13 12:21:21 | INFO | Logs are saved to outputs/McM05_noise/20240113-122121/train.log.
2024-01-13 12:21:21 | INFO | Configs:
{
    "data_path": "../images/McM images/McM05_noise.mat",
    "clean_data_path": "../images/McM images/McM05.tif",
    "output_directory": "outputs",
    "patch_size": [
        16,
        16
    ],
    "patch_gap": 14,
    "num_atoms": 169,
    "penalty_weight": 50.0,
    "penalty_adjust_step": 500,
    "max_iters": 2000,
    "log_steps": 500
}
2024-01-13 12:21:33 | INFO | iter: 500/2000, error: 20677.645645, gamma A: 1.051e-01, gamma D: 1.788e-08
2024-01-13 12:21:44 | INFO | iter: 1000/2000, error: 19292.802222, gamma A: 8.638e-02, gamma D: 2.818e-08
2024-01-13 12:21:56 | INFO | iter: 1500/2000, error: 18269.227718, gamma A: 9.128e-02, gamma D: 3.195e-08
2024-01-13 12:22:07 | INFO | Dictionary learning done.
2024-01-13 12:22:18 | INFO | MSE: 
2024-01-13 12:22:18 | INFO | Red: 111.345164, Green: 123.016817, Blue: 143.829463
2024-01-13 12:22:18 | INFO | Average: 126.063814
2024-01-13 12:22:18 | INFO | PSNR: 
2024-01-13 12:22:18 | INFO | Red: 27.664090, Green: 27.231159, Blue: 26.552325
2024-01-13 12:22:18 | INFO | Average: 27.149191
