2024-01-13 09:33:45 | INFO | Logs are saved to outputs/McM02_noise/20240113-093345/train.log.
2024-01-13 09:33:45 | INFO | Configs:
{
    "data_path": "../../images/McM images/McM02_noise.mat",
    "clean_data_path": "../../images/McM images/McM02.tif",
    "atoms_path": "../../task_1_and_2/outputs/McM02/20240112-204423/atoms.npy",
    "output_directory": "outputs",
    "patch_size": [
        16,
        16
    ],
    "patch_gap": 14,
    "penalty_weight": 100.0,
    "penalty_adjust_step": 500,
    "max_iters": 2300,
    "log_steps": 500
}
2024-01-13 09:33:55 | INFO | iter: 500/2300, error: 23148.170990, gamma A: 3.906e-03
2024-01-13 09:34:06 | INFO | iter: 1000/2300, error: 22190.955881, gamma A: 3.906e-03
2024-01-13 09:34:17 | INFO | iter: 1500/2300, error: 21123.941079, gamma A: 3.906e-03
2024-01-13 09:34:28 | INFO | iter: 2000/2300, error: 20026.111667, gamma A: 3.906e-03
2024-01-13 09:34:34 | INFO | Dictionary learning done.
2024-01-13 09:34:35 | INFO | MSE: 
2024-01-13 09:34:35 | INFO | Red: 54.661376, Green: 47.121945, Blue: 57.574701
2024-01-13 09:34:35 | INFO | Average: 53.119341
2024-01-13 09:34:35 | INFO | PSNR: 
2024-01-13 09:34:35 | INFO | Red: 30.753998, Green: 31.398572, Blue: 30.528487
2024-01-13 09:34:35 | INFO | Average: 30.893685
