2024-01-13 11:40:52 | INFO | Logs are saved to outputs/McM18_noise/20240113-114052/train.log.
2024-01-13 11:40:52 | INFO | Configs:
{
    "data_path": "../../images/McM images/McM18_noise.mat",
    "clean_data_path": "../../images/McM images/McM18.tif",
    "atoms_path": "../learn dictionary/outputs/20240113-103815/atoms.npy",
    "output_directory": "outputs",
    "patch_size": [
        16,
        16
    ],
    "patch_gap": 14,
    "penalty_weight": 100.0,
    "penalty_adjust_step": 500,
    "max_iters": 2800,
    "log_steps": 500
}
2024-01-13 11:41:02 | INFO | iter: 500/2800, error: 24993.541784, gamma A: 3.906e-03
2024-01-13 11:41:12 | INFO | iter: 1000/2800, error: 24039.319190, gamma A: 3.906e-03
2024-01-13 11:41:22 | INFO | iter: 1500/2800, error: 22423.485415, gamma A: 3.906e-03
2024-01-13 11:41:32 | INFO | iter: 2000/2800, error: 20704.017339, gamma A: 3.906e-03
2024-01-13 11:41:42 | INFO | iter: 2500/2800, error: 19185.082957, gamma A: 3.906e-03
2024-01-13 11:41:48 | INFO | Dictionary learning done.
2024-01-13 11:41:48 | INFO | MSE: 
2024-01-13 11:41:48 | INFO | Red: 85.579486, Green: 88.317087, Blue: 76.543849
2024-01-13 11:41:48 | INFO | Average: 83.480141
2024-01-13 11:41:48 | INFO | PSNR: 
2024-01-13 11:41:48 | INFO | Red: 28.807107, Green: 28.670356, Blue: 29.291701
2024-01-13 11:41:48 | INFO | Average: 28.923055
